<?xml version="1.0" encoding="UTF-8"?>
<coverage generated="1693434638642" clover="3.2.0">
  <project timestamp="1693434638642" name="All files">
    <metrics statements="274" coveredstatements="0" conditionals="78" coveredconditionals="0" methods="39" coveredmethods="0" elements="391" coveredelements="0" complexity="0" loc="274" ncloc="274" packages="25" files="69" classes="69"/>
    <package name="components">
      <metrics statements="2" coveredstatements="0" conditionals="0" coveredconditionals="0" methods="0" coveredmethods="0"/>
      <file name="Tutorial.vue" path="/Users/yoshito-t/Desktop/spa-portfolio-app/frontend/components/Tutorial.vue">
        <metrics statements="2" coveredstatements="0" conditionals="0" coveredconditionals="0" methods="0" coveredmethods="0"/>
        <line num="117" count="0" type="stmt"/>
        <line num="121" count="0" type="stmt"/>
      </file>
    </package>
    <package name="components.books">
      <metrics statements="15" coveredstatements="0" conditionals="6" coveredconditionals="0" methods="3" coveredmethods="0"/>
      <file name="BookForm.vue" path="/Users/yoshito-t/Desktop/spa-portfolio-app/frontend/components/books/BookForm.vue">
        <metrics statements="4" coveredstatements="0" conditionals="2" coveredconditionals="0" methods="1" coveredmethods="0"/>
        <line num="71" count="0" type="stmt"/>
        <line num="73" count="0" type="stmt"/>
        <line num="74" count="0" type="cond" truecount="0" falsecount="2"/>
        <line num="151" count="0" type="stmt"/>
      </file>
      <file name="BookInformation.vue" path="/Users/yoshito-t/Desktop/spa-portfolio-app/frontend/components/books/BookInformation.vue">
        <metrics statements="2" coveredstatements="0" conditionals="0" coveredconditionals="0" methods="0" coveredmethods="0"/>
        <line num="70" count="0" type="stmt"/>
        <line num="81" count="0" type="stmt"/>
      </file>
      <file name="EachBooks.vue" path="/Users/yoshito-t/Desktop/spa-portfolio-app/frontend/components/books/EachBooks.vue">
        <metrics statements="3" coveredstatements="0" conditionals="2" coveredconditionals="0" methods="1" coveredmethods="0"/>
        <line num="83" count="0" type="stmt"/>
        <line num="86" count="0" type="cond" truecount="0" falsecount="2"/>
        <line num="153" count="0" type="stmt"/>
      </file>
      <file name="EditBook.vue" path="/Users/yoshito-t/Desktop/spa-portfolio-app/frontend/components/books/EditBook.vue">
        <metrics statements="4" coveredstatements="0" conditionals="2" coveredconditionals="0" methods="1" coveredmethods="0"/>
        <line num="73" count="0" type="stmt"/>
        <line num="75" count="0" type="stmt"/>
        <line num="76" count="0" type="cond" truecount="0" falsecount="2"/>
        <line num="160" count="0" type="stmt"/>
      </file>
      <file name="TopPageEachBooks.vue" path="/Users/yoshito-t/Desktop/spa-portfolio-app/frontend/components/books/TopPageEachBooks.vue">
        <metrics statements="2" coveredstatements="0" conditionals="0" coveredconditionals="0" methods="0" coveredmethods="0"/>
        <line num="80" count="0" type="stmt"/>
        <line num="86" count="0" type="stmt"/>
      </file>
    </package>
    <package name="components.global">
      <metrics statements="14" coveredstatements="0" conditionals="0" coveredconditionals="0" methods="0" coveredmethods="0"/>
      <file name="ContentNavigator.vue" path="/Users/yoshito-t/Desktop/spa-portfolio-app/frontend/components/global/ContentNavigator.vue">
        <metrics statements="2" coveredstatements="0" conditionals="0" coveredconditionals="0" methods="0" coveredmethods="0"/>
        <line num="12" count="0" type="stmt"/>
        <line num="26" count="0" type="stmt"/>
      </file>
      <file name="DeleteConfirmationDialog.vue" path="/Users/yoshito-t/Desktop/spa-portfolio-app/frontend/components/global/DeleteConfirmationDialog.vue">
        <metrics statements="2" coveredstatements="0" conditionals="0" coveredconditionals="0" methods="0" coveredmethods="0"/>
        <line num="50" count="0" type="stmt"/>
        <line num="65" count="0" type="stmt"/>
      </file>
      <file name="FavoriteButton.vue" path="/Users/yoshito-t/Desktop/spa-portfolio-app/frontend/components/global/FavoriteButton.vue">
        <metrics statements="2" coveredstatements="0" conditionals="0" coveredconditionals="0" methods="0" coveredmethods="0"/>
        <line num="43" count="0" type="stmt"/>
        <line num="62" count="0" type="stmt"/>
      </file>
      <file name="NormalHeader.vue" path="/Users/yoshito-t/Desktop/spa-portfolio-app/frontend/components/global/NormalHeader.vue">
        <metrics statements="2" coveredstatements="0" conditionals="0" coveredconditionals="0" methods="0" coveredmethods="0"/>
        <line num="139" count="0" type="stmt"/>
        <line num="190" count="0" type="stmt"/>
      </file>
      <file name="ShowSnackbar.vue" path="/Users/yoshito-t/Desktop/spa-portfolio-app/frontend/components/global/ShowSnackbar.vue">
        <metrics statements="2" coveredstatements="0" conditionals="0" coveredconditionals="0" methods="0" coveredmethods="0"/>
        <line num="6" count="0" type="stmt"/>
        <line num="26" count="0" type="stmt"/>
      </file>
      <file name="SpecialHeader.vue" path="/Users/yoshito-t/Desktop/spa-portfolio-app/frontend/components/global/SpecialHeader.vue">
        <metrics statements="2" coveredstatements="0" conditionals="0" coveredconditionals="0" methods="0" coveredmethods="0"/>
        <line num="150" count="0" type="stmt"/>
        <line num="201" count="0" type="stmt"/>
      </file>
      <file name="SubmitButton.vue" path="/Users/yoshito-t/Desktop/spa-portfolio-app/frontend/components/global/SubmitButton.vue">
        <metrics statements="2" coveredstatements="0" conditionals="0" coveredconditionals="0" methods="0" coveredmethods="0"/>
        <line num="38" count="0" type="stmt"/>
        <line num="50" count="0" type="stmt"/>
      </file>
    </package>
    <package name="components.notifications">
      <metrics statements="25" coveredstatements="0" conditionals="6" coveredconditionals="0" methods="3" coveredmethods="0"/>
      <file name="AnswerToSurveyNotification.vue" path="/Users/yoshito-t/Desktop/spa-portfolio-app/frontend/components/notifications/AnswerToSurveyNotification.vue">
        <metrics statements="3" coveredstatements="0" conditionals="2" coveredconditionals="0" methods="1" coveredmethods="0"/>
        <line num="23" count="0" type="stmt"/>
        <line num="25" count="0" type="cond" truecount="0" falsecount="2"/>
        <line num="37" count="0" type="stmt"/>
      </file>
      <file name="FavoriteNotification.vue" path="/Users/yoshito-t/Desktop/spa-portfolio-app/frontend/components/notifications/FavoriteNotification.vue">
        <metrics statements="3" coveredstatements="0" conditionals="2" coveredconditionals="0" methods="1" coveredmethods="0"/>
        <line num="23" count="0" type="stmt"/>
        <line num="25" count="0" type="cond" truecount="0" falsecount="2"/>
        <line num="38" count="0" type="stmt"/>
      </file>
      <file name="FavoriteQuestionNotification.vue" path="/Users/yoshito-t/Desktop/spa-portfolio-app/frontend/components/notifications/FavoriteQuestionNotification.vue">
        <metrics statements="2" coveredstatements="0" conditionals="0" coveredconditionals="0" methods="0" coveredmethods="0"/>
        <line num="25" count="0" type="stmt"/>
        <line num="31" count="0" type="stmt"/>
      </file>
      <file name="FavoriteReplyNotification.vue" path="/Users/yoshito-t/Desktop/spa-portfolio-app/frontend/components/notifications/FavoriteReplyNotification.vue">
        <metrics statements="2" coveredstatements="0" conditionals="0" coveredconditionals="0" methods="0" coveredmethods="0"/>
        <line num="25" count="0" type="stmt"/>
        <line num="31" count="0" type="stmt"/>
      </file>
      <file name="FavoriteReviewNotification.vue" path="/Users/yoshito-t/Desktop/spa-portfolio-app/frontend/components/notifications/FavoriteReviewNotification.vue">
        <metrics statements="2" coveredstatements="0" conditionals="0" coveredconditionals="0" methods="0" coveredmethods="0"/>
        <line num="23" count="0" type="stmt"/>
        <line num="29" count="0" type="stmt"/>
      </file>
      <file name="FavoriteSubjectQuestionNotification.vue" path="/Users/yoshito-t/Desktop/spa-portfolio-app/frontend/components/notifications/FavoriteSubjectQuestionNotification.vue">
        <metrics statements="2" coveredstatements="0" conditionals="0" coveredconditionals="0" methods="0" coveredmethods="0"/>
        <line num="25" count="0" type="stmt"/>
        <line num="31" count="0" type="stmt"/>
      </file>
      <file name="FavoriteSubjectQuestionReplyNotification.vue" path="/Users/yoshito-t/Desktop/spa-portfolio-app/frontend/components/notifications/FavoriteSubjectQuestionReplyNotification.vue">
        <metrics statements="2" coveredstatements="0" conditionals="0" coveredconditionals="0" methods="0" coveredmethods="0"/>
        <line num="25" count="0" type="stmt"/>
        <line num="31" count="0" type="stmt"/>
      </file>
      <file name="FavoriteSurveyNotification.vue" path="/Users/yoshito-t/Desktop/spa-portfolio-app/frontend/components/notifications/FavoriteSurveyNotification.vue">
        <metrics statements="2" coveredstatements="0" conditionals="0" coveredconditionals="0" methods="0" coveredmethods="0"/>
        <line num="25" count="0" type="stmt"/>
        <line num="31" count="0" type="stmt"/>
      </file>
      <file name="ReplyNotification.vue" path="/Users/yoshito-t/Desktop/spa-portfolio-app/frontend/components/notifications/ReplyNotification.vue">
        <metrics statements="3" coveredstatements="0" conditionals="2" coveredconditionals="0" methods="1" coveredmethods="0"/>
        <line num="52" count="0" type="stmt"/>
        <line num="54" count="0" type="cond" truecount="0" falsecount="2"/>
        <line num="70" count="0" type="stmt"/>
      </file>
      <file name="ReplyToQuestionNotification.vue" path="/Users/yoshito-t/Desktop/spa-portfolio-app/frontend/components/notifications/ReplyToQuestionNotification.vue">
        <metrics statements="2" coveredstatements="0" conditionals="0" coveredconditionals="0" methods="0" coveredmethods="0"/>
        <line num="54" count="0" type="stmt"/>
        <line num="60" count="0" type="stmt"/>
      </file>
      <file name="ReplyToSubjectQuestionNotification.vue" path="/Users/yoshito-t/Desktop/spa-portfolio-app/frontend/components/notifications/ReplyToSubjectQuestionNotification.vue">
        <metrics statements="2" coveredstatements="0" conditionals="0" coveredconditionals="0" methods="0" coveredmethods="0"/>
        <line num="29" count="0" type="stmt"/>
        <line num="35" count="0" type="stmt"/>
      </file>
    </package>
    <package name="components.questions">
      <metrics statements="12" coveredstatements="0" conditionals="4" coveredconditionals="0" methods="2" coveredmethods="0"/>
      <file name="BookQuestions.vue" path="/Users/yoshito-t/Desktop/spa-portfolio-app/frontend/components/questions/BookQuestions.vue">
        <metrics statements="2" coveredstatements="0" conditionals="0" coveredconditionals="0" methods="0" coveredmethods="0"/>
        <line num="71" count="0" type="stmt"/>
        <line num="92" count="0" type="stmt"/>
      </file>
      <file name="EachQuestions.vue" path="/Users/yoshito-t/Desktop/spa-portfolio-app/frontend/components/questions/EachQuestions.vue">
        <metrics statements="2" coveredstatements="0" conditionals="0" coveredconditionals="0" methods="0" coveredmethods="0"/>
        <line num="92" count="0" type="stmt"/>
        <line num="113" count="0" type="stmt"/>
      </file>
      <file name="EditQuestion.vue" path="/Users/yoshito-t/Desktop/spa-portfolio-app/frontend/components/questions/EditQuestion.vue">
        <metrics statements="4" coveredstatements="0" conditionals="2" coveredconditionals="0" methods="1" coveredmethods="0"/>
        <line num="36" count="0" type="stmt"/>
        <line num="38" count="0" type="stmt"/>
        <line num="39" count="0" type="cond" truecount="0" falsecount="2"/>
        <line num="85" count="0" type="stmt"/>
      </file>
      <file name="QuestionForm.vue" path="/Users/yoshito-t/Desktop/spa-portfolio-app/frontend/components/questions/QuestionForm.vue">
        <metrics statements="4" coveredstatements="0" conditionals="2" coveredconditionals="0" methods="1" coveredmethods="0"/>
        <line num="37" count="0" type="stmt"/>
        <line num="39" count="0" type="stmt"/>
        <line num="40" count="0" type="cond" truecount="0" falsecount="2"/>
        <line num="81" count="0" type="stmt"/>
      </file>
    </package>
    <package name="components.replies">
      <metrics statements="12" coveredstatements="0" conditionals="4" coveredconditionals="0" methods="2" coveredmethods="0"/>
      <file name="EachReplies.vue" path="/Users/yoshito-t/Desktop/spa-portfolio-app/frontend/components/replies/EachReplies.vue">
        <metrics statements="2" coveredstatements="0" conditionals="0" coveredconditionals="0" methods="0" coveredmethods="0"/>
        <line num="75" count="0" type="stmt"/>
        <line num="97" count="0" type="stmt"/>
      </file>
      <file name="EditReply.vue" path="/Users/yoshito-t/Desktop/spa-portfolio-app/frontend/components/replies/EditReply.vue">
        <metrics statements="4" coveredstatements="0" conditionals="2" coveredconditionals="0" methods="1" coveredmethods="0"/>
        <line num="36" count="0" type="stmt"/>
        <line num="38" count="0" type="stmt"/>
        <line num="39" count="0" type="cond" truecount="0" falsecount="2"/>
        <line num="77" count="0" type="stmt"/>
      </file>
      <file name="QuestionReplies.vue" path="/Users/yoshito-t/Desktop/spa-portfolio-app/frontend/components/replies/QuestionReplies.vue">
        <metrics statements="2" coveredstatements="0" conditionals="0" coveredconditionals="0" methods="0" coveredmethods="0"/>
        <line num="146" count="0" type="stmt"/>
        <line num="168" count="0" type="stmt"/>
      </file>
      <file name="ReplyForm.vue" path="/Users/yoshito-t/Desktop/spa-portfolio-app/frontend/components/replies/ReplyForm.vue">
        <metrics statements="4" coveredstatements="0" conditionals="2" coveredconditionals="0" methods="1" coveredmethods="0"/>
        <line num="38" count="0" type="stmt"/>
        <line num="40" count="0" type="stmt"/>
        <line num="41" count="0" type="cond" truecount="0" falsecount="2"/>
        <line num="77" count="0" type="stmt"/>
      </file>
    </package>
    <package name="components.reviews">
      <metrics statements="12" coveredstatements="0" conditionals="4" coveredconditionals="0" methods="2" coveredmethods="0"/>
      <file name="BookReviews.vue" path="/Users/yoshito-t/Desktop/spa-portfolio-app/frontend/components/reviews/BookReviews.vue">
        <metrics statements="2" coveredstatements="0" conditionals="0" coveredconditionals="0" methods="0" coveredmethods="0"/>
        <line num="86" count="0" type="stmt"/>
        <line num="108" count="0" type="stmt"/>
      </file>
      <file name="EachReviews.vue" path="/Users/yoshito-t/Desktop/spa-portfolio-app/frontend/components/reviews/EachReviews.vue">
        <metrics statements="2" coveredstatements="0" conditionals="0" coveredconditionals="0" methods="0" coveredmethods="0"/>
        <line num="108" count="0" type="stmt"/>
        <line num="130" count="0" type="stmt"/>
      </file>
      <file name="EditReview.vue" path="/Users/yoshito-t/Desktop/spa-portfolio-app/frontend/components/reviews/EditReview.vue">
        <metrics statements="4" coveredstatements="0" conditionals="2" coveredconditionals="0" methods="1" coveredmethods="0"/>
        <line num="29" count="0" type="stmt"/>
        <line num="31" count="0" type="stmt"/>
        <line num="32" count="0" type="cond" truecount="0" falsecount="2"/>
        <line num="66" count="0" type="stmt"/>
      </file>
      <file name="ReviewForm.vue" path="/Users/yoshito-t/Desktop/spa-portfolio-app/frontend/components/reviews/ReviewForm.vue">
        <metrics statements="4" coveredstatements="0" conditionals="2" coveredconditionals="0" methods="1" coveredmethods="0"/>
        <line num="23" count="0" type="stmt"/>
        <line num="25" count="0" type="stmt"/>
        <line num="26" count="0" type="cond" truecount="0" falsecount="2"/>
        <line num="55" count="0" type="stmt"/>
      </file>
    </package>
    <package name="components.subjectQuestionReplies">
      <metrics statements="4" coveredstatements="0" conditionals="0" coveredconditionals="0" methods="0" coveredmethods="0"/>
      <file name="EachSubjectQuestionReplies.vue" path="/Users/yoshito-t/Desktop/spa-portfolio-app/frontend/components/subjectQuestionReplies/EachSubjectQuestionReplies.vue">
        <metrics statements="2" coveredstatements="0" conditionals="0" coveredconditionals="0" methods="0" coveredmethods="0"/>
        <line num="71" count="0" type="stmt"/>
        <line num="77" count="0" type="stmt"/>
      </file>
      <file name="SubjectQuestionSubjectQuestionReplies.vue" path="/Users/yoshito-t/Desktop/spa-portfolio-app/frontend/components/subjectQuestionReplies/SubjectQuestionSubjectQuestionReplies.vue">
        <metrics statements="2" coveredstatements="0" conditionals="0" coveredconditionals="0" methods="0" coveredmethods="0"/>
        <line num="144" count="0" type="stmt"/>
        <line num="150" count="0" type="stmt"/>
      </file>
    </package>
    <package name="components.subjectQuestions">
      <metrics statements="10" coveredstatements="0" conditionals="4" coveredconditionals="0" methods="2" coveredmethods="0"/>
      <file name="EachSubjectQuestions.vue" path="/Users/yoshito-t/Desktop/spa-portfolio-app/frontend/components/subjectQuestions/EachSubjectQuestions.vue">
        <metrics statements="2" coveredstatements="0" conditionals="0" coveredconditionals="0" methods="0" coveredmethods="0"/>
        <line num="79" count="0" type="stmt"/>
        <line num="104" count="0" type="stmt"/>
      </file>
      <file name="EditSubjectQuestion.vue" path="/Users/yoshito-t/Desktop/spa-portfolio-app/frontend/components/subjectQuestions/EditSubjectQuestion.vue">
        <metrics statements="4" coveredstatements="0" conditionals="2" coveredconditionals="0" methods="1" coveredmethods="0"/>
        <line num="69" count="0" type="stmt"/>
        <line num="71" count="0" type="stmt"/>
        <line num="72" count="0" type="cond" truecount="0" falsecount="2"/>
        <line num="147" count="0" type="stmt"/>
      </file>
      <file name="SubjectQuestionForm.vue" path="/Users/yoshito-t/Desktop/spa-portfolio-app/frontend/components/subjectQuestions/SubjectQuestionForm.vue">
        <metrics statements="4" coveredstatements="0" conditionals="2" coveredconditionals="0" methods="1" coveredmethods="0"/>
        <line num="68" count="0" type="stmt"/>
        <line num="70" count="0" type="stmt"/>
        <line num="71" count="0" type="cond" truecount="0" falsecount="2"/>
        <line num="141" count="0" type="stmt"/>
      </file>
    </package>
    <package name="components.surveys">
      <metrics statements="8" coveredstatements="0" conditionals="2" coveredconditionals="0" methods="1" coveredmethods="0"/>
      <file name="EachSurveys.vue" path="/Users/yoshito-t/Desktop/spa-portfolio-app/frontend/components/surveys/EachSurveys.vue">
        <metrics statements="2" coveredstatements="0" conditionals="0" coveredconditionals="0" methods="0" coveredmethods="0"/>
        <line num="75" count="0" type="stmt"/>
        <line num="98" count="0" type="stmt"/>
      </file>
      <file name="SurveyForm.vue" path="/Users/yoshito-t/Desktop/spa-portfolio-app/frontend/components/surveys/SurveyForm.vue">
        <metrics statements="4" coveredstatements="0" conditionals="2" coveredconditionals="0" methods="1" coveredmethods="0"/>
        <line num="97" count="0" type="stmt"/>
        <line num="99" count="0" type="stmt"/>
        <line num="100" count="0" type="cond" truecount="0" falsecount="2"/>
        <line num="170" count="0" type="stmt"/>
      </file>
      <file name="SurveyResultLinears.vue" path="/Users/yoshito-t/Desktop/spa-portfolio-app/frontend/components/surveys/SurveyResultLinears.vue">
        <metrics statements="2" coveredstatements="0" conditionals="0" coveredconditionals="0" methods="0" coveredmethods="0"/>
        <line num="42" count="0" type="stmt"/>
        <line num="73" count="0" type="stmt"/>
      </file>
    </package>
    <package name="components.users">
      <metrics statements="4" coveredstatements="0" conditionals="2" coveredconditionals="0" methods="1" coveredmethods="0"/>
      <file name="EditUser.vue" path="/Users/yoshito-t/Desktop/spa-portfolio-app/frontend/components/users/EditUser.vue">
        <metrics statements="4" coveredstatements="0" conditionals="2" coveredconditionals="0" methods="1" coveredmethods="0"/>
        <line num="63" count="0" type="stmt"/>
        <line num="65" count="0" type="stmt"/>
        <line num="66" count="0" type="cond" truecount="0" falsecount="2"/>
        <line num="133" count="0" type="stmt"/>
      </file>
    </package>
    <package name="pages">
      <metrics statements="27" coveredstatements="0" conditionals="6" coveredconditionals="0" methods="3" coveredmethods="0"/>
      <file name="favorites.vue" path="/Users/yoshito-t/Desktop/spa-portfolio-app/frontend/pages/favorites.vue">
        <metrics statements="11" coveredstatements="0" conditionals="2" coveredconditionals="0" methods="1" coveredmethods="0"/>
        <line num="49" count="0" type="stmt"/>
        <line num="52" count="0" type="stmt"/>
        <line num="53" count="0" type="stmt"/>
        <line num="54" count="0" type="stmt"/>
        <line num="55" count="0" type="stmt"/>
        <line num="56" count="0" type="stmt"/>
        <line num="57" count="0" type="stmt"/>
        <line num="58" count="0" type="stmt"/>
        <line num="59" count="0" type="stmt"/>
        <line num="60" count="0" type="cond" truecount="0" falsecount="2"/>
        <line num="103" count="0" type="stmt"/>
      </file>
      <file name="index.vue" path="/Users/yoshito-t/Desktop/spa-portfolio-app/frontend/pages/index.vue">
        <metrics statements="4" coveredstatements="0" conditionals="2" coveredconditionals="0" methods="1" coveredmethods="0"/>
        <line num="156" count="0" type="stmt"/>
        <line num="158" count="0" type="stmt"/>
        <line num="160" count="0" type="cond" truecount="0" falsecount="2"/>
        <line num="259" count="0" type="stmt"/>
      </file>
      <file name="myPage.vue" path="/Users/yoshito-t/Desktop/spa-portfolio-app/frontend/pages/myPage.vue">
        <metrics statements="12" coveredstatements="0" conditionals="2" coveredconditionals="0" methods="1" coveredmethods="0"/>
        <line num="218" count="0" type="stmt"/>
        <line num="220" count="0" type="stmt"/>
        <line num="221" count="0" type="stmt"/>
        <line num="222" count="0" type="stmt"/>
        <line num="223" count="0" type="stmt"/>
        <line num="224" count="0" type="stmt"/>
        <line num="225" count="0" type="stmt"/>
        <line num="226" count="0" type="stmt"/>
        <line num="227" count="0" type="stmt"/>
        <line num="228" count="0" type="stmt"/>
        <line num="229" count="0" type="cond" truecount="0" falsecount="2"/>
        <line num="403" count="0" type="stmt"/>
      </file>
    </package>
    <package name="pages.auth">
      <metrics statements="10" coveredstatements="0" conditionals="4" coveredconditionals="0" methods="2" coveredmethods="0"/>
      <file name="login.vue" path="/Users/yoshito-t/Desktop/spa-portfolio-app/frontend/pages/auth/login.vue">
        <metrics statements="5" coveredstatements="0" conditionals="2" coveredconditionals="0" methods="1" coveredmethods="0"/>
        <line num="29" count="0" type="stmt"/>
        <line num="32" count="0" type="stmt"/>
        <line num="33" count="0" type="stmt"/>
        <line num="34" count="0" type="cond" truecount="0" falsecount="2"/>
        <line num="129" count="0" type="stmt"/>
      </file>
      <file name="signUp.vue" path="/Users/yoshito-t/Desktop/spa-portfolio-app/frontend/pages/auth/signUp.vue">
        <metrics statements="5" coveredstatements="0" conditionals="2" coveredconditionals="0" methods="1" coveredmethods="0"/>
        <line num="28" count="0" type="stmt"/>
        <line num="31" count="0" type="stmt"/>
        <line num="32" count="0" type="stmt"/>
        <line num="33" count="0" type="cond" truecount="0" falsecount="2"/>
        <line num="93" count="0" type="stmt"/>
      </file>
    </package>
    <package name="pages.books">
      <metrics statements="22" coveredstatements="0" conditionals="8" coveredconditionals="0" methods="4" coveredmethods="0"/>
      <file name="_id.vue" path="/Users/yoshito-t/Desktop/spa-portfolio-app/frontend/pages/books/_id.vue">
        <metrics statements="10" coveredstatements="0" conditionals="2" coveredconditionals="0" methods="1" coveredmethods="0"/>
        <line num="221" count="0" type="stmt"/>
        <line num="224" count="0" type="stmt"/>
        <line num="225" count="0" type="stmt"/>
        <line num="226" count="0" type="stmt"/>
        <line num="227" count="0" type="stmt"/>
        <line num="228" count="0" type="stmt"/>
        <line num="229" count="0" type="stmt"/>
        <line num="230" count="0" type="stmt"/>
        <line num="232" count="0" type="cond" truecount="0" falsecount="2"/>
        <line num="518" count="0" type="stmt"/>
      </file>
      <file name="allBooks.vue" path="/Users/yoshito-t/Desktop/spa-portfolio-app/frontend/pages/books/allBooks.vue">
        <metrics statements="5" coveredstatements="0" conditionals="2" coveredconditionals="0" methods="1" coveredmethods="0"/>
        <line num="121" count="0" type="stmt"/>
        <line num="124" count="0" type="stmt"/>
        <line num="125" count="0" type="stmt"/>
        <line num="126" count="0" type="cond" truecount="0" falsecount="2"/>
        <line num="267" count="0" type="stmt"/>
      </file>
      <file name="googleApiSearchBooks.vue" path="/Users/yoshito-t/Desktop/spa-portfolio-app/frontend/pages/books/googleApiSearchBooks.vue">
        <metrics statements="3" coveredstatements="0" conditionals="2" coveredconditionals="0" methods="1" coveredmethods="0"/>
        <line num="218" count="0" type="stmt"/>
        <line num="221" count="0" type="cond" truecount="0" falsecount="2"/>
        <line num="373" count="0" type="stmt"/>
      </file>
      <file name="localSearchBooksResult.vue" path="/Users/yoshito-t/Desktop/spa-portfolio-app/frontend/pages/books/localSearchBooksResult.vue">
        <metrics statements="4" coveredstatements="0" conditionals="2" coveredconditionals="0" methods="1" coveredmethods="0"/>
        <line num="49" count="0" type="stmt"/>
        <line num="52" count="0" type="stmt"/>
        <line num="53" count="0" type="cond" truecount="0" falsecount="2"/>
        <line num="131" count="0" type="stmt"/>
      </file>
    </package>
    <package name="pages.books._book_id.questions">
      <metrics statements="10" coveredstatements="0" conditionals="2" coveredconditionals="0" methods="1" coveredmethods="0"/>
      <file name="_id.vue" path="/Users/yoshito-t/Desktop/spa-portfolio-app/frontend/pages/books/_book_id/questions/_id.vue">
        <metrics statements="10" coveredstatements="0" conditionals="2" coveredconditionals="0" methods="1" coveredmethods="0"/>
        <line num="247" count="0" type="stmt"/>
        <line num="250" count="0" type="stmt"/>
        <line num="251" count="0" type="stmt"/>
        <line num="252" count="0" type="stmt"/>
        <line num="253" count="0" type="stmt"/>
        <line num="254" count="0" type="stmt"/>
        <line num="255" count="0" type="stmt"/>
        <line num="256" count="0" type="stmt"/>
        <line num="257" count="0" type="cond" truecount="0" falsecount="2"/>
        <line num="507" count="0" type="stmt"/>
      </file>
    </package>
    <package name="pages.books._book_id.questions._question_id.replies">
      <metrics statements="6" coveredstatements="0" conditionals="2" coveredconditionals="0" methods="1" coveredmethods="0"/>
      <file name="_id.vue" path="/Users/yoshito-t/Desktop/spa-portfolio-app/frontend/pages/books/_book_id/questions/_question_id/replies/_id.vue">
        <metrics statements="6" coveredstatements="0" conditionals="2" coveredconditionals="0" methods="1" coveredmethods="0"/>
        <line num="251" count="0" type="stmt"/>
        <line num="254" count="0" type="stmt"/>
        <line num="255" count="0" type="stmt"/>
        <line num="256" count="0" type="stmt"/>
        <line num="257" count="0" type="cond" truecount="0" falsecount="2"/>
        <line num="467" count="0" type="stmt"/>
      </file>
    </package>
    <package name="pages.books._book_id.reviews">
      <metrics statements="8" coveredstatements="0" conditionals="2" coveredconditionals="0" methods="1" coveredmethods="0"/>
      <file name="_id.vue" path="/Users/yoshito-t/Desktop/spa-portfolio-app/frontend/pages/books/_book_id/reviews/_id.vue">
        <metrics statements="8" coveredstatements="0" conditionals="2" coveredconditionals="0" methods="1" coveredmethods="0"/>
        <line num="147" count="0" type="stmt"/>
        <line num="150" count="0" type="stmt"/>
        <line num="151" count="0" type="stmt"/>
        <line num="152" count="0" type="stmt"/>
        <line num="153" count="0" type="stmt"/>
        <line num="154" count="0" type="stmt"/>
        <line num="155" count="0" type="cond" truecount="0" falsecount="2"/>
        <line num="370" count="0" type="stmt"/>
      </file>
    </package>
    <package name="pages.browsingHistories">
      <metrics statements="11" coveredstatements="0" conditionals="2" coveredconditionals="0" methods="1" coveredmethods="0"/>
      <file name="allBrowsingHistories.vue" path="/Users/yoshito-t/Desktop/spa-portfolio-app/frontend/pages/browsingHistories/allBrowsingHistories.vue">
        <metrics statements="11" coveredstatements="0" conditionals="2" coveredconditionals="0" methods="1" coveredmethods="0"/>
        <line num="49" count="0" type="stmt"/>
        <line num="52" count="0" type="stmt"/>
        <line num="53" count="0" type="stmt"/>
        <line num="54" count="0" type="stmt"/>
        <line num="55" count="0" type="stmt"/>
        <line num="56" count="0" type="stmt"/>
        <line num="57" count="0" type="stmt"/>
        <line num="58" count="0" type="stmt"/>
        <line num="59" count="0" type="stmt"/>
        <line num="60" count="0" type="cond" truecount="0" falsecount="2"/>
        <line num="102" count="0" type="stmt"/>
      </file>
    </package>
    <package name="pages.errors">
      <metrics statements="2" coveredstatements="0" conditionals="0" coveredconditionals="0" methods="0" coveredmethods="0"/>
      <file name="errorPage.vue" path="/Users/yoshito-t/Desktop/spa-portfolio-app/frontend/pages/errors/errorPage.vue">
        <metrics statements="2" coveredstatements="0" conditionals="0" coveredconditionals="0" methods="0" coveredmethods="0"/>
        <line num="8" count="0" type="stmt"/>
        <line num="16" count="0" type="stmt"/>
      </file>
    </package>
    <package name="pages.notifications">
      <metrics statements="7" coveredstatements="0" conditionals="2" coveredconditionals="0" methods="1" coveredmethods="0"/>
      <file name="allNotifications.vue" path="/Users/yoshito-t/Desktop/spa-portfolio-app/frontend/pages/notifications/allNotifications.vue">
        <metrics statements="7" coveredstatements="0" conditionals="2" coveredconditionals="0" methods="1" coveredmethods="0"/>
        <line num="129" count="0" type="stmt"/>
        <line num="132" count="0" type="stmt"/>
        <line num="133" count="0" type="stmt"/>
        <line num="134" count="0" type="stmt"/>
        <line num="135" count="0" type="stmt"/>
        <line num="136" count="0" type="cond" truecount="0" falsecount="2"/>
        <line num="200" count="0" type="stmt"/>
      </file>
    </package>
    <package name="pages.questions">
      <metrics statements="8" coveredstatements="0" conditionals="4" coveredconditionals="0" methods="2" coveredmethods="0"/>
      <file name="questions.vue" path="/Users/yoshito-t/Desktop/spa-portfolio-app/frontend/pages/questions/questions.vue">
        <metrics statements="4" coveredstatements="0" conditionals="2" coveredconditionals="0" methods="1" coveredmethods="0"/>
        <line num="103" count="0" type="stmt"/>
        <line num="106" count="0" type="stmt"/>
        <line num="107" count="0" type="cond" truecount="0" falsecount="2"/>
        <line num="198" count="0" type="stmt"/>
      </file>
      <file name="searchQuestionsResult.vue" path="/Users/yoshito-t/Desktop/spa-portfolio-app/frontend/pages/questions/searchQuestionsResult.vue">
        <metrics statements="4" coveredstatements="0" conditionals="2" coveredconditionals="0" methods="1" coveredmethods="0"/>
        <line num="25" count="0" type="stmt"/>
        <line num="28" count="0" type="stmt"/>
        <line num="29" count="0" type="cond" truecount="0" falsecount="2"/>
        <line num="104" count="0" type="stmt"/>
      </file>
    </package>
    <package name="pages.subjectQuestions">
      <metrics statements="18" coveredstatements="0" conditionals="6" coveredconditionals="0" methods="3" coveredmethods="0"/>
      <file name="_id.vue" path="/Users/yoshito-t/Desktop/spa-portfolio-app/frontend/pages/subjectQuestions/_id.vue">
        <metrics statements="9" coveredstatements="0" conditionals="2" coveredconditionals="0" methods="1" coveredmethods="0"/>
        <line num="244" count="0" type="stmt"/>
        <line num="247" count="0" type="stmt"/>
        <line num="248" count="0" type="stmt"/>
        <line num="249" count="0" type="stmt"/>
        <line num="250" count="0" type="stmt"/>
        <line num="251" count="0" type="stmt"/>
        <line num="252" count="0" type="stmt"/>
        <line num="253" count="0" type="cond" truecount="0" falsecount="2"/>
        <line num="504" count="0" type="stmt"/>
      </file>
      <file name="searchSubjectQuestionsResult.vue" path="/Users/yoshito-t/Desktop/spa-portfolio-app/frontend/pages/subjectQuestions/searchSubjectQuestionsResult.vue">
        <metrics statements="4" coveredstatements="0" conditionals="2" coveredconditionals="0" methods="1" coveredmethods="0"/>
        <line num="25" count="0" type="stmt"/>
        <line num="28" count="0" type="stmt"/>
        <line num="29" count="0" type="cond" truecount="0" falsecount="2"/>
        <line num="104" count="0" type="stmt"/>
      </file>
      <file name="subjectQuestions.vue" path="/Users/yoshito-t/Desktop/spa-portfolio-app/frontend/pages/subjectQuestions/subjectQuestions.vue">
        <metrics statements="5" coveredstatements="0" conditionals="2" coveredconditionals="0" methods="1" coveredmethods="0"/>
        <line num="115" count="0" type="stmt"/>
        <line num="118" count="0" type="stmt"/>
        <line num="119" count="0" type="stmt"/>
        <line num="120" count="0" type="cond" truecount="0" falsecount="2"/>
        <line num="246" count="0" type="stmt"/>
      </file>
    </package>
    <package name="pages.subjectQuestions._subjectQuestion_id.subjectQuestionReplies">
      <metrics statements="6" coveredstatements="0" conditionals="2" coveredconditionals="0" methods="1" coveredmethods="0"/>
      <file name="_id.vue" path="/Users/yoshito-t/Desktop/spa-portfolio-app/frontend/pages/subjectQuestions/_subjectQuestion_id/subjectQuestionReplies/_id.vue">
        <metrics statements="6" coveredstatements="0" conditionals="2" coveredconditionals="0" methods="1" coveredmethods="0"/>
        <line num="232" count="0" type="stmt"/>
        <line num="235" count="0" type="stmt"/>
        <line num="236" count="0" type="stmt"/>
        <line num="237" count="0" type="stmt"/>
        <line num="238" count="0" type="cond" truecount="0" falsecount="2"/>
        <line num="444" count="0" type="stmt"/>
      </file>
    </package>
    <package name="pages.surveys">
      <metrics statements="12" coveredstatements="0" conditionals="4" coveredconditionals="0" methods="2" coveredmethods="0"/>
      <file name="_id.vue" path="/Users/yoshito-t/Desktop/spa-portfolio-app/frontend/pages/surveys/_id.vue">
        <metrics statements="7" coveredstatements="0" conditionals="2" coveredconditionals="0" methods="1" coveredmethods="0"/>
        <line num="400" count="0" type="stmt"/>
        <line num="403" count="0" type="stmt"/>
        <line num="404" count="0" type="stmt"/>
        <line num="405" count="0" type="stmt"/>
        <line num="406" count="0" type="stmt"/>
        <line num="407" count="0" type="cond" truecount="0" falsecount="2"/>
        <line num="734" count="0" type="stmt"/>
      </file>
      <file name="allSurveys.vue" path="/Users/yoshito-t/Desktop/spa-portfolio-app/frontend/pages/surveys/allSurveys.vue">
        <metrics statements="5" coveredstatements="0" conditionals="2" coveredconditionals="0" methods="1" coveredmethods="0"/>
        <line num="113" count="0" type="stmt"/>
        <line num="115" count="0" type="stmt"/>
        <line num="116" count="0" type="stmt"/>
        <line num="117" count="0" type="cond" truecount="0" falsecount="2"/>
        <line num="244" count="0" type="stmt"/>
      </file>
    </package>
    <package name="pages.users">
      <metrics statements="9" coveredstatements="0" conditionals="2" coveredconditionals="0" methods="1" coveredmethods="0"/>
      <file name="_id.vue" path="/Users/yoshito-t/Desktop/spa-portfolio-app/frontend/pages/users/_id.vue">
        <metrics statements="9" coveredstatements="0" conditionals="2" coveredconditionals="0" methods="1" coveredmethods="0"/>
        <line num="170" count="0" type="stmt"/>
        <line num="173" count="0" type="stmt"/>
        <line num="174" count="0" type="stmt"/>
        <line num="175" count="0" type="stmt"/>
        <line num="176" count="0" type="stmt"/>
        <line num="177" count="0" type="stmt"/>
        <line num="178" count="0" type="stmt"/>
        <line num="179" count="0" type="cond" truecount="0" falsecount="2"/>
        <line num="221" count="0" type="stmt"/>
      </file>
    </package>
  </project>
</coverage>
