{"/Users/yoshito-t/Desktop/spa-portfolio-app/frontend/components/Tutorial.vue": {"path":"/Users/yoshito-t/Desktop/spa-portfolio-app/frontend/components/Tutorial.vue","statementMap":{"0":{"start":{"line":117,"column":0},"end":{"line":121,"column":null}},"1":{"start":{"line":121,"column":0},"end":{"line":121,"column":null}}},"fnMap":{},"branchMap":{},"s":{"0":0,"1":0},"f":{},"b":{}}
,"/Users/yoshito-t/Desktop/spa-portfolio-app/frontend/components/books/BookForm.vue": {"path":"/Users/yoshito-t/Desktop/spa-portfolio-app/frontend/components/books/BookForm.vue","statementMap":{"0":{"start":{"line":74,"column":0},"end":{"line":74,"column":null}},"1":{"start":{"line":75,"column":0},"end":{"line":75,"column":null}},"2":{"start":{"line":76,"column":0},"end":{"line":76,"column":null}},"3":{"start":{"line":72,"column":0},"end":{"line":143,"column":null}},"4":{"start":{"line":143,"column":0},"end":{"line":143,"column":null}}},"fnMap":{"0":{"name":"_interopRequireDefault","decl":{"start":{"line":76,"column":0},"end":{"line":76,"column":null}},"loc":{"start":{"line":76,"column":0},"end":{"line":76,"column":null}}}},"branchMap":{"0":{"loc":{"start":{"line":76,"column":0},"end":{"line":76,"column":null}},"type":"cond-expr","locations":[{"start":{"line":76,"column":0},"end":{"line":76,"column":null}},{"start":{"line":76,"column":0},"end":{"line":76,"column":null}}]}},"s":{"0":0,"1":0,"2":0,"3":0,"4":0},"f":{"0":0},"b":{"0":[0,0]}}
,"/Users/yoshito-t/Desktop/spa-portfolio-app/frontend/components/books/BookInformation.vue": {"path":"/Users/yoshito-t/Desktop/spa-portfolio-app/frontend/components/books/BookInformation.vue","statementMap":{"0":{"start":{"line":70,"column":0},"end":{"line":81,"column":null}},"1":{"start":{"line":81,"column":0},"end":{"line":81,"column":null}}},"fnMap":{},"branchMap":{},"s":{"0":0,"1":0},"f":{},"b":{}}
,"/Users/yoshito-t/Desktop/spa-portfolio-app/frontend/components/books/EachBooks.vue": {"path":"/Users/yoshito-t/Desktop/spa-portfolio-app/frontend/components/books/EachBooks.vue","statementMap":{"0":{"start":{"line":90,"column":0},"end":{"line":90,"column":null}},"1":{"start":{"line":91,"column":0},"end":{"line":91,"column":null}},"2":{"start":{"line":87,"column":0},"end":{"line":154,"column":null}},"3":{"start":{"line":154,"column":0},"end":{"line":154,"column":null}}},"fnMap":{"0":{"name":"_interopRequireDefault","decl":{"start":{"line":91,"column":0},"end":{"line":91,"column":null}},"loc":{"start":{"line":91,"column":0},"end":{"line":91,"column":null}}}},"branchMap":{"0":{"loc":{"start":{"line":91,"column":0},"end":{"line":91,"column":null}},"type":"cond-expr","locations":[{"start":{"line":91,"column":0},"end":{"line":91,"column":null}},{"start":{"line":91,"column":0},"end":{"line":91,"column":null}}]}},"s":{"0":0,"1":0,"2":0,"3":0},"f":{"0":0},"b":{"0":[0,0]}}
,"/Users/yoshito-t/Desktop/spa-portfolio-app/frontend/components/books/EditBook.vue": {"path":"/Users/yoshito-t/Desktop/spa-portfolio-app/frontend/components/books/EditBook.vue","statementMap":{"0":{"start":{"line":75,"column":0},"end":{"line":75,"column":null}},"1":{"start":{"line":76,"column":0},"end":{"line":76,"column":null}},"2":{"start":{"line":77,"column":0},"end":{"line":77,"column":null}},"3":{"start":{"line":73,"column":0},"end":{"line":151,"column":null}},"4":{"start":{"line":151,"column":0},"end":{"line":151,"column":null}}},"fnMap":{"0":{"name":"_interopRequireDefault","decl":{"start":{"line":77,"column":0},"end":{"line":77,"column":null}},"loc":{"start":{"line":77,"column":0},"end":{"line":77,"column":null}}}},"branchMap":{"0":{"loc":{"start":{"line":77,"column":0},"end":{"line":77,"column":null}},"type":"cond-expr","locations":[{"start":{"line":77,"column":0},"end":{"line":77,"column":null}},{"start":{"line":77,"column":0},"end":{"line":77,"column":null}}]}},"s":{"0":0,"1":0,"2":0,"3":0,"4":0},"f":{"0":0},"b":{"0":[0,0]}}
,"/Users/yoshito-t/Desktop/spa-portfolio-app/frontend/components/books/TopPageEachBooks.vue": {"path":"/Users/yoshito-t/Desktop/spa-portfolio-app/frontend/components/books/TopPageEachBooks.vue","statementMap":{"0":{"start":{"line":80,"column":0},"end":{"line":86,"column":null}},"1":{"start":{"line":86,"column":0},"end":{"line":86,"column":null}}},"fnMap":{},"branchMap":{},"s":{"0":0,"1":0},"f":{},"b":{}}
,"/Users/yoshito-t/Desktop/spa-portfolio-app/frontend/components/global/ContentNavigator.vue": {"path":"/Users/yoshito-t/Desktop/spa-portfolio-app/frontend/components/global/ContentNavigator.vue","statementMap":{"0":{"start":{"line":12,"column":0},"end":{"line":26,"column":null}},"1":{"start":{"line":26,"column":0},"end":{"line":26,"column":null}}},"fnMap":{},"branchMap":{},"s":{"0":0,"1":0},"f":{},"b":{}}
,"/Users/yoshito-t/Desktop/spa-portfolio-app/frontend/components/global/DeleteConfirmationDialog.vue": {"path":"/Users/yoshito-t/Desktop/spa-portfolio-app/frontend/components/global/DeleteConfirmationDialog.vue","statementMap":{"0":{"start":{"line":51,"column":0},"end":{"line":77,"column":null}},"1":{"start":{"line":77,"column":0},"end":{"line":77,"column":null}}},"fnMap":{},"branchMap":{},"s":{"0":0,"1":0},"f":{},"b":{}}
,"/Users/yoshito-t/Desktop/spa-portfolio-app/frontend/components/global/FavoriteButton.vue": {"path":"/Users/yoshito-t/Desktop/spa-portfolio-app/frontend/components/global/FavoriteButton.vue","statementMap":{"0":{"start":{"line":45,"column":0},"end":{"line":64,"column":null}},"1":{"start":{"line":64,"column":0},"end":{"line":64,"column":null}}},"fnMap":{},"branchMap":{},"s":{"0":0,"1":0},"f":{},"b":{}}
,"/Users/yoshito-t/Desktop/spa-portfolio-app/frontend/components/global/NormalHeader.vue": {"path":"/Users/yoshito-t/Desktop/spa-portfolio-app/frontend/components/global/NormalHeader.vue","statementMap":{"0":{"start":{"line":146,"column":0},"end":{"line":146,"column":null}},"1":{"start":{"line":144,"column":0},"end":{"line":196,"column":null}},"2":{"start":{"line":196,"column":0},"end":{"line":196,"column":null}}},"fnMap":{"0":{"name":"_interopRequireDefault","decl":{"start":{"line":146,"column":0},"end":{"line":146,"column":null}},"loc":{"start":{"line":146,"column":0},"end":{"line":146,"column":null}}}},"branchMap":{"0":{"loc":{"start":{"line":146,"column":0},"end":{"line":146,"column":null}},"type":"cond-expr","locations":[{"start":{"line":146,"column":0},"end":{"line":146,"column":null}},{"start":{"line":146,"column":0},"end":{"line":146,"column":null}}]}},"s":{"0":0,"1":0,"2":0},"f":{"0":0},"b":{"0":[0,0]}}
,"/Users/yoshito-t/Desktop/spa-portfolio-app/frontend/components/global/ShowFullImageDialog.vue": {"path":"/Users/yoshito-t/Desktop/spa-portfolio-app/frontend/components/global/ShowFullImageDialog.vue","statementMap":{"0":{"start":{"line":36,"column":0},"end":{"line":54,"column":null}},"1":{"start":{"line":54,"column":0},"end":{"line":54,"column":null}}},"fnMap":{},"branchMap":{},"s":{"0":0,"1":0},"f":{},"b":{}}
,"/Users/yoshito-t/Desktop/spa-portfolio-app/frontend/components/global/ShowSnackbar.vue": {"path":"/Users/yoshito-t/Desktop/spa-portfolio-app/frontend/components/global/ShowSnackbar.vue","statementMap":{"0":{"start":{"line":6,"column":0},"end":{"line":26,"column":null}},"1":{"start":{"line":26,"column":0},"end":{"line":26,"column":null}}},"fnMap":{},"branchMap":{},"s":{"0":0,"1":0},"f":{},"b":{}}
,"/Users/yoshito-t/Desktop/spa-portfolio-app/frontend/components/global/SpecialHeader.vue": {"path":"/Users/yoshito-t/Desktop/spa-portfolio-app/frontend/components/global/SpecialHeader.vue","statementMap":{"0":{"start":{"line":157,"column":0},"end":{"line":157,"column":null}},"1":{"start":{"line":155,"column":0},"end":{"line":207,"column":null}},"2":{"start":{"line":207,"column":0},"end":{"line":207,"column":null}}},"fnMap":{"0":{"name":"_interopRequireDefault","decl":{"start":{"line":157,"column":0},"end":{"line":157,"column":null}},"loc":{"start":{"line":157,"column":0},"end":{"line":157,"column":null}}}},"branchMap":{"0":{"loc":{"start":{"line":157,"column":0},"end":{"line":157,"column":null}},"type":"cond-expr","locations":[{"start":{"line":157,"column":0},"end":{"line":157,"column":null}},{"start":{"line":157,"column":0},"end":{"line":157,"column":null}}]}},"s":{"0":0,"1":0,"2":0},"f":{"0":0},"b":{"0":[0,0]}}
,"/Users/yoshito-t/Desktop/spa-portfolio-app/frontend/components/global/SubmitButton.vue": {"path":"/Users/yoshito-t/Desktop/spa-portfolio-app/frontend/components/global/SubmitButton.vue","statementMap":{"0":{"start":{"line":39,"column":0},"end":{"line":51,"column":null}},"1":{"start":{"line":51,"column":0},"end":{"line":51,"column":null}}},"fnMap":{},"branchMap":{},"s":{"0":0,"1":0},"f":{},"b":{}}
,"/Users/yoshito-t/Desktop/spa-portfolio-app/frontend/components/notifications/AnswerToSurveyNotification.vue": {"path":"/Users/yoshito-t/Desktop/spa-portfolio-app/frontend/components/notifications/AnswerToSurveyNotification.vue","statementMap":{"0":{"start":{"line":25,"column":0},"end":{"line":25,"column":null}},"1":{"start":{"line":23,"column":0},"end":{"line":37,"column":null}},"2":{"start":{"line":37,"column":0},"end":{"line":37,"column":null}}},"fnMap":{"0":{"name":"_interopRequireDefault","decl":{"start":{"line":25,"column":0},"end":{"line":25,"column":null}},"loc":{"start":{"line":25,"column":0},"end":{"line":25,"column":null}}}},"branchMap":{"0":{"loc":{"start":{"line":25,"column":0},"end":{"line":25,"column":null}},"type":"cond-expr","locations":[{"start":{"line":25,"column":0},"end":{"line":25,"column":null}},{"start":{"line":25,"column":0},"end":{"line":25,"column":null}}]}},"s":{"0":0,"1":0,"2":0},"f":{"0":0},"b":{"0":[0,0]}}
,"/Users/yoshito-t/Desktop/spa-portfolio-app/frontend/components/notifications/FavoriteNotification.vue": {"path":"/Users/yoshito-t/Desktop/spa-portfolio-app/frontend/components/notifications/FavoriteNotification.vue","statementMap":{"0":{"start":{"line":25,"column":0},"end":{"line":25,"column":null}},"1":{"start":{"line":23,"column":0},"end":{"line":38,"column":null}},"2":{"start":{"line":38,"column":0},"end":{"line":38,"column":null}}},"fnMap":{"0":{"name":"_interopRequireDefault","decl":{"start":{"line":25,"column":0},"end":{"line":25,"column":null}},"loc":{"start":{"line":25,"column":0},"end":{"line":25,"column":null}}}},"branchMap":{"0":{"loc":{"start":{"line":25,"column":0},"end":{"line":25,"column":null}},"type":"cond-expr","locations":[{"start":{"line":25,"column":0},"end":{"line":25,"column":null}},{"start":{"line":25,"column":0},"end":{"line":25,"column":null}}]}},"s":{"0":0,"1":0,"2":0},"f":{"0":0},"b":{"0":[0,0]}}
,"/Users/yoshito-t/Desktop/spa-portfolio-app/frontend/components/notifications/ReplyNotification.vue": {"path":"/Users/yoshito-t/Desktop/spa-portfolio-app/frontend/components/notifications/ReplyNotification.vue","statementMap":{"0":{"start":{"line":54,"column":0},"end":{"line":54,"column":null}},"1":{"start":{"line":52,"column":0},"end":{"line":70,"column":null}},"2":{"start":{"line":70,"column":0},"end":{"line":70,"column":null}}},"fnMap":{"0":{"name":"_interopRequireDefault","decl":{"start":{"line":54,"column":0},"end":{"line":54,"column":null}},"loc":{"start":{"line":54,"column":0},"end":{"line":54,"column":null}}}},"branchMap":{"0":{"loc":{"start":{"line":54,"column":0},"end":{"line":54,"column":null}},"type":"cond-expr","locations":[{"start":{"line":54,"column":0},"end":{"line":54,"column":null}},{"start":{"line":54,"column":0},"end":{"line":54,"column":null}}]}},"s":{"0":0,"1":0,"2":0},"f":{"0":0},"b":{"0":[0,0]}}
,"/Users/yoshito-t/Desktop/spa-portfolio-app/frontend/components/questions/BookQuestions.vue": {"path":"/Users/yoshito-t/Desktop/spa-portfolio-app/frontend/components/questions/BookQuestions.vue","statementMap":{"0":{"start":{"line":73,"column":0},"end":{"line":73,"column":null}},"1":{"start":{"line":74,"column":0},"end":{"line":74,"column":null}},"2":{"start":{"line":71,"column":0},"end":{"line":81,"column":null}},"3":{"start":{"line":81,"column":0},"end":{"line":81,"column":null}}},"fnMap":{"0":{"name":"_interopRequireDefault","decl":{"start":{"line":74,"column":0},"end":{"line":74,"column":null}},"loc":{"start":{"line":74,"column":0},"end":{"line":74,"column":null}}}},"branchMap":{"0":{"loc":{"start":{"line":74,"column":0},"end":{"line":74,"column":null}},"type":"cond-expr","locations":[{"start":{"line":74,"column":0},"end":{"line":74,"column":null}},{"start":{"line":74,"column":0},"end":{"line":74,"column":null}}]}},"s":{"0":0,"1":0,"2":0,"3":0},"f":{"0":0},"b":{"0":[0,0]}}
,"/Users/yoshito-t/Desktop/spa-portfolio-app/frontend/components/questions/EachQuestions.vue": {"path":"/Users/yoshito-t/Desktop/spa-portfolio-app/frontend/components/questions/EachQuestions.vue","statementMap":{"0":{"start":{"line":94,"column":0},"end":{"line":94,"column":null}},"1":{"start":{"line":95,"column":0},"end":{"line":95,"column":null}},"2":{"start":{"line":92,"column":0},"end":{"line":102,"column":null}},"3":{"start":{"line":102,"column":0},"end":{"line":102,"column":null}}},"fnMap":{"0":{"name":"_interopRequireDefault","decl":{"start":{"line":95,"column":0},"end":{"line":95,"column":null}},"loc":{"start":{"line":95,"column":0},"end":{"line":95,"column":null}}}},"branchMap":{"0":{"loc":{"start":{"line":95,"column":0},"end":{"line":95,"column":null}},"type":"cond-expr","locations":[{"start":{"line":95,"column":0},"end":{"line":95,"column":null}},{"start":{"line":95,"column":0},"end":{"line":95,"column":null}}]}},"s":{"0":0,"1":0,"2":0,"3":0},"f":{"0":0},"b":{"0":[0,0]}}
,"/Users/yoshito-t/Desktop/spa-portfolio-app/frontend/components/questions/EditQuestion.vue": {"path":"/Users/yoshito-t/Desktop/spa-portfolio-app/frontend/components/questions/EditQuestion.vue","statementMap":{"0":{"start":{"line":38,"column":0},"end":{"line":38,"column":null}},"1":{"start":{"line":39,"column":0},"end":{"line":39,"column":null}},"2":{"start":{"line":40,"column":0},"end":{"line":40,"column":null}},"3":{"start":{"line":36,"column":0},"end":{"line":76,"column":null}},"4":{"start":{"line":76,"column":0},"end":{"line":76,"column":null}}},"fnMap":{"0":{"name":"_interopRequireDefault","decl":{"start":{"line":40,"column":0},"end":{"line":40,"column":null}},"loc":{"start":{"line":40,"column":0},"end":{"line":40,"column":null}}}},"branchMap":{"0":{"loc":{"start":{"line":40,"column":0},"end":{"line":40,"column":null}},"type":"cond-expr","locations":[{"start":{"line":40,"column":0},"end":{"line":40,"column":null}},{"start":{"line":40,"column":0},"end":{"line":40,"column":null}}]}},"s":{"0":0,"1":0,"2":0,"3":0,"4":0},"f":{"0":0},"b":{"0":[0,0]}}
,"/Users/yoshito-t/Desktop/spa-portfolio-app/frontend/components/questions/QuestionForm.vue": {"path":"/Users/yoshito-t/Desktop/spa-portfolio-app/frontend/components/questions/QuestionForm.vue","statementMap":{"0":{"start":{"line":39,"column":0},"end":{"line":39,"column":null}},"1":{"start":{"line":40,"column":0},"end":{"line":40,"column":null}},"2":{"start":{"line":41,"column":0},"end":{"line":41,"column":null}},"3":{"start":{"line":37,"column":0},"end":{"line":72,"column":null}},"4":{"start":{"line":72,"column":0},"end":{"line":72,"column":null}}},"fnMap":{"0":{"name":"_interopRequireDefault","decl":{"start":{"line":41,"column":0},"end":{"line":41,"column":null}},"loc":{"start":{"line":41,"column":0},"end":{"line":41,"column":null}}}},"branchMap":{"0":{"loc":{"start":{"line":41,"column":0},"end":{"line":41,"column":null}},"type":"cond-expr","locations":[{"start":{"line":41,"column":0},"end":{"line":41,"column":null}},{"start":{"line":41,"column":0},"end":{"line":41,"column":null}}]}},"s":{"0":0,"1":0,"2":0,"3":0,"4":0},"f":{"0":0},"b":{"0":[0,0]}}
,"/Users/yoshito-t/Desktop/spa-portfolio-app/frontend/components/replies/EachReplies.vue": {"path":"/Users/yoshito-t/Desktop/spa-portfolio-app/frontend/components/replies/EachReplies.vue","statementMap":{"0":{"start":{"line":71,"column":0},"end":{"line":71,"column":null}},"1":{"start":{"line":69,"column":0},"end":{"line":78,"column":null}},"2":{"start":{"line":78,"column":0},"end":{"line":78,"column":null}}},"fnMap":{"0":{"name":"_interopRequireDefault","decl":{"start":{"line":71,"column":0},"end":{"line":71,"column":null}},"loc":{"start":{"line":71,"column":0},"end":{"line":71,"column":null}}}},"branchMap":{"0":{"loc":{"start":{"line":71,"column":0},"end":{"line":71,"column":null}},"type":"cond-expr","locations":[{"start":{"line":71,"column":0},"end":{"line":71,"column":null}},{"start":{"line":71,"column":0},"end":{"line":71,"column":null}}]}},"s":{"0":0,"1":0,"2":0},"f":{"0":0},"b":{"0":[0,0]}}
,"/Users/yoshito-t/Desktop/spa-portfolio-app/frontend/components/replies/EditReply.vue": {"path":"/Users/yoshito-t/Desktop/spa-portfolio-app/frontend/components/replies/EditReply.vue","statementMap":{"0":{"start":{"line":38,"column":0},"end":{"line":38,"column":null}},"1":{"start":{"line":39,"column":0},"end":{"line":39,"column":null}},"2":{"start":{"line":40,"column":0},"end":{"line":40,"column":null}},"3":{"start":{"line":36,"column":0},"end":{"line":68,"column":null}},"4":{"start":{"line":68,"column":0},"end":{"line":68,"column":null}}},"fnMap":{"0":{"name":"_interopRequireDefault","decl":{"start":{"line":40,"column":0},"end":{"line":40,"column":null}},"loc":{"start":{"line":40,"column":0},"end":{"line":40,"column":null}}}},"branchMap":{"0":{"loc":{"start":{"line":40,"column":0},"end":{"line":40,"column":null}},"type":"cond-expr","locations":[{"start":{"line":40,"column":0},"end":{"line":40,"column":null}},{"start":{"line":40,"column":0},"end":{"line":40,"column":null}}]}},"s":{"0":0,"1":0,"2":0,"3":0,"4":0},"f":{"0":0},"b":{"0":[0,0]}}
,"/Users/yoshito-t/Desktop/spa-portfolio-app/frontend/components/replies/QuestionReplies.vue": {"path":"/Users/yoshito-t/Desktop/spa-portfolio-app/frontend/components/replies/QuestionReplies.vue","statementMap":{"0":{"start":{"line":148,"column":0},"end":{"line":148,"column":null}},"1":{"start":{"line":146,"column":0},"end":{"line":155,"column":null}},"2":{"start":{"line":155,"column":0},"end":{"line":155,"column":null}}},"fnMap":{"0":{"name":"_interopRequireDefault","decl":{"start":{"line":148,"column":0},"end":{"line":148,"column":null}},"loc":{"start":{"line":148,"column":0},"end":{"line":148,"column":null}}}},"branchMap":{"0":{"loc":{"start":{"line":148,"column":0},"end":{"line":148,"column":null}},"type":"cond-expr","locations":[{"start":{"line":148,"column":0},"end":{"line":148,"column":null}},{"start":{"line":148,"column":0},"end":{"line":148,"column":null}}]}},"s":{"0":0,"1":0,"2":0},"f":{"0":0},"b":{"0":[0,0]}}
,"/Users/yoshito-t/Desktop/spa-portfolio-app/frontend/components/replies/ReplyForm.vue": {"path":"/Users/yoshito-t/Desktop/spa-portfolio-app/frontend/components/replies/ReplyForm.vue","statementMap":{"0":{"start":{"line":40,"column":0},"end":{"line":40,"column":null}},"1":{"start":{"line":41,"column":0},"end":{"line":41,"column":null}},"2":{"start":{"line":42,"column":0},"end":{"line":42,"column":null}},"3":{"start":{"line":38,"column":0},"end":{"line":67,"column":null}},"4":{"start":{"line":67,"column":0},"end":{"line":67,"column":null}}},"fnMap":{"0":{"name":"_interopRequireDefault","decl":{"start":{"line":42,"column":0},"end":{"line":42,"column":null}},"loc":{"start":{"line":42,"column":0},"end":{"line":42,"column":null}}}},"branchMap":{"0":{"loc":{"start":{"line":42,"column":0},"end":{"line":42,"column":null}},"type":"cond-expr","locations":[{"start":{"line":42,"column":0},"end":{"line":42,"column":null}},{"start":{"line":42,"column":0},"end":{"line":42,"column":null}}]}},"s":{"0":0,"1":0,"2":0,"3":0,"4":0},"f":{"0":0},"b":{"0":[0,0]}}
,"/Users/yoshito-t/Desktop/spa-portfolio-app/frontend/components/reviews/BookReviews.vue": {"path":"/Users/yoshito-t/Desktop/spa-portfolio-app/frontend/components/reviews/BookReviews.vue","statementMap":{"0":{"start":{"line":88,"column":0},"end":{"line":88,"column":null}},"1":{"start":{"line":89,"column":0},"end":{"line":89,"column":null}},"2":{"start":{"line":86,"column":0},"end":{"line":96,"column":null}},"3":{"start":{"line":96,"column":0},"end":{"line":96,"column":null}}},"fnMap":{"0":{"name":"_interopRequireDefault","decl":{"start":{"line":89,"column":0},"end":{"line":89,"column":null}},"loc":{"start":{"line":89,"column":0},"end":{"line":89,"column":null}}}},"branchMap":{"0":{"loc":{"start":{"line":89,"column":0},"end":{"line":89,"column":null}},"type":"cond-expr","locations":[{"start":{"line":89,"column":0},"end":{"line":89,"column":null}},{"start":{"line":89,"column":0},"end":{"line":89,"column":null}}]}},"s":{"0":0,"1":0,"2":0,"3":0},"f":{"0":0},"b":{"0":[0,0]}}
,"/Users/yoshito-t/Desktop/spa-portfolio-app/frontend/components/reviews/EachReviews.vue": {"path":"/Users/yoshito-t/Desktop/spa-portfolio-app/frontend/components/reviews/EachReviews.vue","statementMap":{"0":{"start":{"line":108,"column":0},"end":{"line":108,"column":null}},"1":{"start":{"line":109,"column":0},"end":{"line":109,"column":null}},"2":{"start":{"line":106,"column":0},"end":{"line":116,"column":null}},"3":{"start":{"line":116,"column":0},"end":{"line":116,"column":null}}},"fnMap":{"0":{"name":"_interopRequireDefault","decl":{"start":{"line":109,"column":0},"end":{"line":109,"column":null}},"loc":{"start":{"line":109,"column":0},"end":{"line":109,"column":null}}}},"branchMap":{"0":{"loc":{"start":{"line":109,"column":0},"end":{"line":109,"column":null}},"type":"cond-expr","locations":[{"start":{"line":109,"column":0},"end":{"line":109,"column":null}},{"start":{"line":109,"column":0},"end":{"line":109,"column":null}}]}},"s":{"0":0,"1":0,"2":0,"3":0},"f":{"0":0},"b":{"0":[0,0]}}
,"/Users/yoshito-t/Desktop/spa-portfolio-app/frontend/components/reviews/EditReview.vue": {"path":"/Users/yoshito-t/Desktop/spa-portfolio-app/frontend/components/reviews/EditReview.vue","statementMap":{"0":{"start":{"line":29,"column":0},"end":{"line":29,"column":null}},"1":{"start":{"line":30,"column":0},"end":{"line":30,"column":null}},"2":{"start":{"line":27,"column":0},"end":{"line":64,"column":null}},"3":{"start":{"line":64,"column":0},"end":{"line":64,"column":null}}},"fnMap":{"0":{"name":"_interopRequireDefault","decl":{"start":{"line":30,"column":0},"end":{"line":30,"column":null}},"loc":{"start":{"line":30,"column":0},"end":{"line":30,"column":null}}}},"branchMap":{"0":{"loc":{"start":{"line":30,"column":0},"end":{"line":30,"column":null}},"type":"cond-expr","locations":[{"start":{"line":30,"column":0},"end":{"line":30,"column":null}},{"start":{"line":30,"column":0},"end":{"line":30,"column":null}}]}},"s":{"0":0,"1":0,"2":0,"3":0},"f":{"0":0},"b":{"0":[0,0]}}
,"/Users/yoshito-t/Desktop/spa-portfolio-app/frontend/components/reviews/ReviewForm.vue": {"path":"/Users/yoshito-t/Desktop/spa-portfolio-app/frontend/components/reviews/ReviewForm.vue","statementMap":{"0":{"start":{"line":25,"column":0},"end":{"line":25,"column":null}},"1":{"start":{"line":26,"column":0},"end":{"line":26,"column":null}},"2":{"start":{"line":23,"column":0},"end":{"line":55,"column":null}},"3":{"start":{"line":55,"column":0},"end":{"line":55,"column":null}}},"fnMap":{"0":{"name":"_interopRequireDefault","decl":{"start":{"line":26,"column":0},"end":{"line":26,"column":null}},"loc":{"start":{"line":26,"column":0},"end":{"line":26,"column":null}}}},"branchMap":{"0":{"loc":{"start":{"line":26,"column":0},"end":{"line":26,"column":null}},"type":"cond-expr","locations":[{"start":{"line":26,"column":0},"end":{"line":26,"column":null}},{"start":{"line":26,"column":0},"end":{"line":26,"column":null}}]}},"s":{"0":0,"1":0,"2":0,"3":0},"f":{"0":0},"b":{"0":[0,0]}}
,"/Users/yoshito-t/Desktop/spa-portfolio-app/frontend/components/subjectQuestionReplies/EachSubjectQuestionReplies.vue": {"path":"/Users/yoshito-t/Desktop/spa-portfolio-app/frontend/components/subjectQuestionReplies/EachSubjectQuestionReplies.vue","statementMap":{"0":{"start":{"line":71,"column":0},"end":{"line":77,"column":null}},"1":{"start":{"line":77,"column":0},"end":{"line":77,"column":null}}},"fnMap":{},"branchMap":{},"s":{"0":0,"1":0},"f":{},"b":{}}
,"/Users/yoshito-t/Desktop/spa-portfolio-app/frontend/components/subjectQuestionReplies/SubjectQuestionSubjectQuestionReplies.vue": {"path":"/Users/yoshito-t/Desktop/spa-portfolio-app/frontend/components/subjectQuestionReplies/SubjectQuestionSubjectQuestionReplies.vue","statementMap":{"0":{"start":{"line":144,"column":0},"end":{"line":150,"column":null}},"1":{"start":{"line":150,"column":0},"end":{"line":150,"column":null}}},"fnMap":{},"branchMap":{},"s":{"0":0,"1":0},"f":{},"b":{}}
,"/Users/yoshito-t/Desktop/spa-portfolio-app/frontend/components/subjectQuestions/EachSubjectQuestions.vue": {"path":"/Users/yoshito-t/Desktop/spa-portfolio-app/frontend/components/subjectQuestions/EachSubjectQuestions.vue","statementMap":{"0":{"start":{"line":81,"column":0},"end":{"line":81,"column":null}},"1":{"start":{"line":82,"column":0},"end":{"line":82,"column":null}},"2":{"start":{"line":79,"column":0},"end":{"line":95,"column":null}},"3":{"start":{"line":95,"column":0},"end":{"line":95,"column":null}}},"fnMap":{"0":{"name":"_interopRequireDefault","decl":{"start":{"line":82,"column":0},"end":{"line":82,"column":null}},"loc":{"start":{"line":82,"column":0},"end":{"line":82,"column":null}}}},"branchMap":{"0":{"loc":{"start":{"line":82,"column":0},"end":{"line":82,"column":null}},"type":"cond-expr","locations":[{"start":{"line":82,"column":0},"end":{"line":82,"column":null}},{"start":{"line":82,"column":0},"end":{"line":82,"column":null}}]}},"s":{"0":0,"1":0,"2":0,"3":0},"f":{"0":0},"b":{"0":[0,0]}}
,"/Users/yoshito-t/Desktop/spa-portfolio-app/frontend/components/subjectQuestions/EditSubjectQuestion.vue": {"path":"/Users/yoshito-t/Desktop/spa-portfolio-app/frontend/components/subjectQuestions/EditSubjectQuestion.vue","statementMap":{"0":{"start":{"line":71,"column":0},"end":{"line":71,"column":null}},"1":{"start":{"line":72,"column":0},"end":{"line":72,"column":null}},"2":{"start":{"line":73,"column":0},"end":{"line":73,"column":null}},"3":{"start":{"line":69,"column":0},"end":{"line":137,"column":null}},"4":{"start":{"line":137,"column":0},"end":{"line":137,"column":null}}},"fnMap":{"0":{"name":"_interopRequireDefault","decl":{"start":{"line":73,"column":0},"end":{"line":73,"column":null}},"loc":{"start":{"line":73,"column":0},"end":{"line":73,"column":null}}}},"branchMap":{"0":{"loc":{"start":{"line":73,"column":0},"end":{"line":73,"column":null}},"type":"cond-expr","locations":[{"start":{"line":73,"column":0},"end":{"line":73,"column":null}},{"start":{"line":73,"column":0},"end":{"line":73,"column":null}}]}},"s":{"0":0,"1":0,"2":0,"3":0,"4":0},"f":{"0":0},"b":{"0":[0,0]}}
,"/Users/yoshito-t/Desktop/spa-portfolio-app/frontend/components/subjectQuestions/SubjectQuestionForm.vue": {"path":"/Users/yoshito-t/Desktop/spa-portfolio-app/frontend/components/subjectQuestions/SubjectQuestionForm.vue","statementMap":{"0":{"start":{"line":70,"column":0},"end":{"line":70,"column":null}},"1":{"start":{"line":71,"column":0},"end":{"line":71,"column":null}},"2":{"start":{"line":72,"column":0},"end":{"line":72,"column":null}},"3":{"start":{"line":68,"column":0},"end":{"line":131,"column":null}},"4":{"start":{"line":131,"column":0},"end":{"line":131,"column":null}}},"fnMap":{"0":{"name":"_interopRequireDefault","decl":{"start":{"line":72,"column":0},"end":{"line":72,"column":null}},"loc":{"start":{"line":72,"column":0},"end":{"line":72,"column":null}}}},"branchMap":{"0":{"loc":{"start":{"line":72,"column":0},"end":{"line":72,"column":null}},"type":"cond-expr","locations":[{"start":{"line":72,"column":0},"end":{"line":72,"column":null}},{"start":{"line":72,"column":0},"end":{"line":72,"column":null}}]}},"s":{"0":0,"1":0,"2":0,"3":0,"4":0},"f":{"0":0},"b":{"0":[0,0]}}
,"/Users/yoshito-t/Desktop/spa-portfolio-app/frontend/components/surveys/EachSurveys.vue": {"path":"/Users/yoshito-t/Desktop/spa-portfolio-app/frontend/components/surveys/EachSurveys.vue","statementMap":{"0":{"start":{"line":74,"column":0},"end":{"line":74,"column":null}},"1":{"start":{"line":75,"column":0},"end":{"line":75,"column":null}},"2":{"start":{"line":72,"column":0},"end":{"line":83,"column":null}},"3":{"start":{"line":83,"column":0},"end":{"line":83,"column":null}}},"fnMap":{"0":{"name":"_interopRequireDefault","decl":{"start":{"line":75,"column":0},"end":{"line":75,"column":null}},"loc":{"start":{"line":75,"column":0},"end":{"line":75,"column":null}}}},"branchMap":{"0":{"loc":{"start":{"line":75,"column":0},"end":{"line":75,"column":null}},"type":"cond-expr","locations":[{"start":{"line":75,"column":0},"end":{"line":75,"column":null}},{"start":{"line":75,"column":0},"end":{"line":75,"column":null}}]}},"s":{"0":0,"1":0,"2":0,"3":0},"f":{"0":0},"b":{"0":[0,0]}}
,"/Users/yoshito-t/Desktop/spa-portfolio-app/frontend/components/surveys/SurveyForm.vue": {"path":"/Users/yoshito-t/Desktop/spa-portfolio-app/frontend/components/surveys/SurveyForm.vue","statementMap":{"0":{"start":{"line":100,"column":0},"end":{"line":100,"column":null}},"1":{"start":{"line":101,"column":0},"end":{"line":101,"column":null}},"2":{"start":{"line":102,"column":0},"end":{"line":102,"column":null}},"3":{"start":{"line":98,"column":0},"end":{"line":162,"column":null}},"4":{"start":{"line":162,"column":0},"end":{"line":162,"column":null}}},"fnMap":{"0":{"name":"_interopRequireDefault","decl":{"start":{"line":102,"column":0},"end":{"line":102,"column":null}},"loc":{"start":{"line":102,"column":0},"end":{"line":102,"column":null}}}},"branchMap":{"0":{"loc":{"start":{"line":102,"column":0},"end":{"line":102,"column":null}},"type":"cond-expr","locations":[{"start":{"line":102,"column":0},"end":{"line":102,"column":null}},{"start":{"line":102,"column":0},"end":{"line":102,"column":null}}]}},"s":{"0":0,"1":0,"2":0,"3":0,"4":0},"f":{"0":0},"b":{"0":[0,0]}}
,"/Users/yoshito-t/Desktop/spa-portfolio-app/frontend/components/surveys/SurveyResultLinears.vue": {"path":"/Users/yoshito-t/Desktop/spa-portfolio-app/frontend/components/surveys/SurveyResultLinears.vue","statementMap":{"0":{"start":{"line":47,"column":0},"end":{"line":78,"column":null}},"1":{"start":{"line":78,"column":0},"end":{"line":78,"column":null}}},"fnMap":{},"branchMap":{},"s":{"0":0,"1":0},"f":{},"b":{}}
,"/Users/yoshito-t/Desktop/spa-portfolio-app/frontend/components/users/EditUser.vue": {"path":"/Users/yoshito-t/Desktop/spa-portfolio-app/frontend/components/users/EditUser.vue","statementMap":{"0":{"start":{"line":69,"column":0},"end":{"line":69,"column":null}},"1":{"start":{"line":70,"column":0},"end":{"line":70,"column":null}},"2":{"start":{"line":71,"column":0},"end":{"line":71,"column":null}},"3":{"start":{"line":67,"column":0},"end":{"line":128,"column":null}},"4":{"start":{"line":128,"column":0},"end":{"line":128,"column":null}}},"fnMap":{"0":{"name":"_interopRequireDefault","decl":{"start":{"line":71,"column":0},"end":{"line":71,"column":null}},"loc":{"start":{"line":71,"column":0},"end":{"line":71,"column":null}}}},"branchMap":{"0":{"loc":{"start":{"line":71,"column":0},"end":{"line":71,"column":null}},"type":"cond-expr","locations":[{"start":{"line":71,"column":0},"end":{"line":71,"column":null}},{"start":{"line":71,"column":0},"end":{"line":71,"column":null}}]}},"s":{"0":0,"1":0,"2":0,"3":0,"4":0},"f":{"0":0},"b":{"0":[0,0]}}
,"/Users/yoshito-t/Desktop/spa-portfolio-app/frontend/pages/favorites.vue": {"path":"/Users/yoshito-t/Desktop/spa-portfolio-app/frontend/pages/favorites.vue","statementMap":{"0":{"start":{"line":179,"column":0},"end":{"line":179,"column":null}},"1":{"start":{"line":180,"column":0},"end":{"line":180,"column":null}},"2":{"start":{"line":181,"column":0},"end":{"line":181,"column":null}},"3":{"start":{"line":182,"column":0},"end":{"line":182,"column":null}},"4":{"start":{"line":183,"column":0},"end":{"line":183,"column":null}},"5":{"start":{"line":184,"column":0},"end":{"line":184,"column":null}},"6":{"start":{"line":185,"column":0},"end":{"line":185,"column":null}},"7":{"start":{"line":186,"column":0},"end":{"line":186,"column":null}},"8":{"start":{"line":187,"column":0},"end":{"line":187,"column":null}},"9":{"start":{"line":176,"column":0},"end":{"line":289,"column":null}},"10":{"start":{"line":289,"column":0},"end":{"line":289,"column":null}}},"fnMap":{"0":{"name":"_interopRequireDefault","decl":{"start":{"line":187,"column":0},"end":{"line":187,"column":null}},"loc":{"start":{"line":187,"column":0},"end":{"line":187,"column":null}}}},"branchMap":{"0":{"loc":{"start":{"line":187,"column":0},"end":{"line":187,"column":null}},"type":"cond-expr","locations":[{"start":{"line":187,"column":0},"end":{"line":187,"column":null}},{"start":{"line":187,"column":0},"end":{"line":187,"column":null}}]}},"s":{"0":0,"1":0,"2":0,"3":0,"4":0,"5":0,"6":0,"7":0,"8":0,"9":0,"10":0},"f":{"0":0},"b":{"0":[0,0]}}
,"/Users/yoshito-t/Desktop/spa-portfolio-app/frontend/pages/index.vue": {"path":"/Users/yoshito-t/Desktop/spa-portfolio-app/frontend/pages/index.vue","statementMap":{"0":{"start":{"line":167,"column":0},"end":{"line":167,"column":null}},"1":{"start":{"line":168,"column":0},"end":{"line":168,"column":null}},"2":{"start":{"line":169,"column":0},"end":{"line":169,"column":null}},"3":{"start":{"line":170,"column":0},"end":{"line":170,"column":null}},"4":{"start":{"line":172,"column":0},"end":{"line":172,"column":null}},"5":{"start":{"line":165,"column":0},"end":{"line":242,"column":null}},"6":{"start":{"line":242,"column":0},"end":{"line":242,"column":null}}},"fnMap":{"0":{"name":"_interopRequireDefault","decl":{"start":{"line":172,"column":0},"end":{"line":172,"column":null}},"loc":{"start":{"line":172,"column":0},"end":{"line":172,"column":null}}}},"branchMap":{"0":{"loc":{"start":{"line":172,"column":0},"end":{"line":172,"column":null}},"type":"cond-expr","locations":[{"start":{"line":172,"column":0},"end":{"line":172,"column":null}},{"start":{"line":172,"column":0},"end":{"line":172,"column":null}}]}},"s":{"0":0,"1":0,"2":0,"3":0,"4":0,"5":0,"6":0},"f":{"0":0},"b":{"0":[0,0]}}
,"/Users/yoshito-t/Desktop/spa-portfolio-app/frontend/pages/myPage.vue": {"path":"/Users/yoshito-t/Desktop/spa-portfolio-app/frontend/pages/myPage.vue","statementMap":{"0":{"start":{"line":329,"column":0},"end":{"line":329,"column":null}},"1":{"start":{"line":330,"column":0},"end":{"line":330,"column":null}},"2":{"start":{"line":331,"column":0},"end":{"line":331,"column":null}},"3":{"start":{"line":332,"column":0},"end":{"line":332,"column":null}},"4":{"start":{"line":333,"column":0},"end":{"line":333,"column":null}},"5":{"start":{"line":334,"column":0},"end":{"line":334,"column":null}},"6":{"start":{"line":335,"column":0},"end":{"line":335,"column":null}},"7":{"start":{"line":336,"column":0},"end":{"line":336,"column":null}},"8":{"start":{"line":337,"column":0},"end":{"line":337,"column":null}},"9":{"start":{"line":338,"column":0},"end":{"line":338,"column":null}},"10":{"start":{"line":339,"column":0},"end":{"line":339,"column":null}},"11":{"start":{"line":341,"column":0},"end":{"line":341,"column":null}},"12":{"start":{"line":327,"column":0},"end":{"line":550,"column":null}},"13":{"start":{"line":550,"column":0},"end":{"line":550,"column":null}}},"fnMap":{"0":{"name":"_interopRequireDefault","decl":{"start":{"line":341,"column":0},"end":{"line":341,"column":null}},"loc":{"start":{"line":341,"column":0},"end":{"line":341,"column":null}}}},"branchMap":{"0":{"loc":{"start":{"line":341,"column":0},"end":{"line":341,"column":null}},"type":"cond-expr","locations":[{"start":{"line":341,"column":0},"end":{"line":341,"column":null}},{"start":{"line":341,"column":0},"end":{"line":341,"column":null}}]}},"s":{"0":0,"1":0,"2":0,"3":0,"4":0,"5":0,"6":0,"7":0,"8":0,"9":0,"10":0,"11":0,"12":0,"13":0},"f":{"0":0},"b":{"0":[0,0]}}
,"/Users/yoshito-t/Desktop/spa-portfolio-app/frontend/pages/auth/login.vue": {"path":"/Users/yoshito-t/Desktop/spa-portfolio-app/frontend/pages/auth/login.vue","statementMap":{"0":{"start":{"line":34,"column":0},"end":{"line":34,"column":null}},"1":{"start":{"line":35,"column":0},"end":{"line":35,"column":null}},"2":{"start":{"line":36,"column":0},"end":{"line":36,"column":null}},"3":{"start":{"line":38,"column":0},"end":{"line":38,"column":null}},"4":{"start":{"line":31,"column":0},"end":{"line":123,"column":null}},"5":{"start":{"line":123,"column":0},"end":{"line":123,"column":null}}},"fnMap":{"0":{"name":"_interopRequireDefault","decl":{"start":{"line":38,"column":0},"end":{"line":38,"column":null}},"loc":{"start":{"line":38,"column":0},"end":{"line":38,"column":null}}}},"branchMap":{"0":{"loc":{"start":{"line":38,"column":0},"end":{"line":38,"column":null}},"type":"cond-expr","locations":[{"start":{"line":38,"column":0},"end":{"line":38,"column":null}},{"start":{"line":38,"column":0},"end":{"line":38,"column":null}}]}},"s":{"0":0,"1":0,"2":0,"3":0,"4":0,"5":0},"f":{"0":0},"b":{"0":[0,0]}}
,"/Users/yoshito-t/Desktop/spa-portfolio-app/frontend/pages/auth/signUp.vue": {"path":"/Users/yoshito-t/Desktop/spa-portfolio-app/frontend/pages/auth/signUp.vue","statementMap":{"0":{"start":{"line":35,"column":0},"end":{"line":35,"column":null}},"1":{"start":{"line":36,"column":0},"end":{"line":36,"column":null}},"2":{"start":{"line":37,"column":0},"end":{"line":37,"column":null}},"3":{"start":{"line":32,"column":0},"end":{"line":110,"column":null}},"4":{"start":{"line":110,"column":0},"end":{"line":110,"column":null}}},"fnMap":{"0":{"name":"_interopRequireDefault","decl":{"start":{"line":37,"column":0},"end":{"line":37,"column":null}},"loc":{"start":{"line":37,"column":0},"end":{"line":37,"column":null}}}},"branchMap":{"0":{"loc":{"start":{"line":37,"column":0},"end":{"line":37,"column":null}},"type":"cond-expr","locations":[{"start":{"line":37,"column":0},"end":{"line":37,"column":null}},{"start":{"line":37,"column":0},"end":{"line":37,"column":null}}]}},"s":{"0":0,"1":0,"2":0,"3":0,"4":0},"f":{"0":0},"b":{"0":[0,0]}}
,"/Users/yoshito-t/Desktop/spa-portfolio-app/frontend/pages/books/_id.vue": {"path":"/Users/yoshito-t/Desktop/spa-portfolio-app/frontend/pages/books/_id.vue","statementMap":{"0":{"start":{"line":251,"column":0},"end":{"line":251,"column":null}},"1":{"start":{"line":252,"column":0},"end":{"line":252,"column":null}},"2":{"start":{"line":253,"column":0},"end":{"line":253,"column":null}},"3":{"start":{"line":254,"column":0},"end":{"line":254,"column":null}},"4":{"start":{"line":255,"column":0},"end":{"line":255,"column":null}},"5":{"start":{"line":256,"column":0},"end":{"line":256,"column":null}},"6":{"start":{"line":257,"column":0},"end":{"line":257,"column":null}},"7":{"start":{"line":258,"column":0},"end":{"line":258,"column":null}},"8":{"start":{"line":259,"column":0},"end":{"line":259,"column":null}},"9":{"start":{"line":261,"column":0},"end":{"line":261,"column":null}},"10":{"start":{"line":248,"column":0},"end":{"line":523,"column":null}},"11":{"start":{"line":523,"column":0},"end":{"line":523,"column":null}}},"fnMap":{"0":{"name":"_interopRequireDefault","decl":{"start":{"line":261,"column":0},"end":{"line":261,"column":null}},"loc":{"start":{"line":261,"column":0},"end":{"line":261,"column":null}}}},"branchMap":{"0":{"loc":{"start":{"line":261,"column":0},"end":{"line":261,"column":null}},"type":"cond-expr","locations":[{"start":{"line":261,"column":0},"end":{"line":261,"column":null}},{"start":{"line":261,"column":0},"end":{"line":261,"column":null}}]}},"s":{"0":0,"1":0,"2":0,"3":0,"4":0,"5":0,"6":0,"7":0,"8":0,"9":0,"10":0,"11":0},"f":{"0":0},"b":{"0":[0,0]}}
,"/Users/yoshito-t/Desktop/spa-portfolio-app/frontend/pages/books/allBooks.vue": {"path":"/Users/yoshito-t/Desktop/spa-portfolio-app/frontend/pages/books/allBooks.vue","statementMap":{"0":{"start":{"line":130,"column":0},"end":{"line":130,"column":null}},"1":{"start":{"line":131,"column":0},"end":{"line":131,"column":null}},"2":{"start":{"line":132,"column":0},"end":{"line":132,"column":null}},"3":{"start":{"line":133,"column":0},"end":{"line":133,"column":null}},"4":{"start":{"line":135,"column":0},"end":{"line":135,"column":null}},"5":{"start":{"line":127,"column":0},"end":{"line":263,"column":null}},"6":{"start":{"line":263,"column":0},"end":{"line":263,"column":null}}},"fnMap":{"0":{"name":"_interopRequireDefault","decl":{"start":{"line":135,"column":0},"end":{"line":135,"column":null}},"loc":{"start":{"line":135,"column":0},"end":{"line":135,"column":null}}}},"branchMap":{"0":{"loc":{"start":{"line":135,"column":0},"end":{"line":135,"column":null}},"type":"cond-expr","locations":[{"start":{"line":135,"column":0},"end":{"line":135,"column":null}},{"start":{"line":135,"column":0},"end":{"line":135,"column":null}}]}},"s":{"0":0,"1":0,"2":0,"3":0,"4":0,"5":0,"6":0},"f":{"0":0},"b":{"0":[0,0]}}
,"/Users/yoshito-t/Desktop/spa-portfolio-app/frontend/pages/books/googleApiSearchBooks.vue": {"path":"/Users/yoshito-t/Desktop/spa-portfolio-app/frontend/pages/books/googleApiSearchBooks.vue","statementMap":{"0":{"start":{"line":218,"column":0},"end":{"line":218,"column":null}},"1":{"start":{"line":219,"column":0},"end":{"line":219,"column":null}},"2":{"start":{"line":215,"column":0},"end":{"line":370,"column":null}},"3":{"start":{"line":370,"column":0},"end":{"line":370,"column":null}}},"fnMap":{"0":{"name":"_interopRequireDefault","decl":{"start":{"line":219,"column":0},"end":{"line":219,"column":null}},"loc":{"start":{"line":219,"column":0},"end":{"line":219,"column":null}}}},"branchMap":{"0":{"loc":{"start":{"line":219,"column":0},"end":{"line":219,"column":null}},"type":"cond-expr","locations":[{"start":{"line":219,"column":0},"end":{"line":219,"column":null}},{"start":{"line":219,"column":0},"end":{"line":219,"column":null}}]}},"s":{"0":0,"1":0,"2":0,"3":0},"f":{"0":0},"b":{"0":[0,0]}}
,"/Users/yoshito-t/Desktop/spa-portfolio-app/frontend/pages/books/localSearchBooksResult.vue": {"path":"/Users/yoshito-t/Desktop/spa-portfolio-app/frontend/pages/books/localSearchBooksResult.vue","statementMap":{"0":{"start":{"line":54,"column":0},"end":{"line":54,"column":null}},"1":{"start":{"line":55,"column":0},"end":{"line":55,"column":null}},"2":{"start":{"line":51,"column":0},"end":{"line":136,"column":null}},"3":{"start":{"line":136,"column":0},"end":{"line":136,"column":null}}},"fnMap":{"0":{"name":"_interopRequireDefault","decl":{"start":{"line":55,"column":0},"end":{"line":55,"column":null}},"loc":{"start":{"line":55,"column":0},"end":{"line":55,"column":null}}}},"branchMap":{"0":{"loc":{"start":{"line":55,"column":0},"end":{"line":55,"column":null}},"type":"cond-expr","locations":[{"start":{"line":55,"column":0},"end":{"line":55,"column":null}},{"start":{"line":55,"column":0},"end":{"line":55,"column":null}}]}},"s":{"0":0,"1":0,"2":0,"3":0},"f":{"0":0},"b":{"0":[0,0]}}
,"/Users/yoshito-t/Desktop/spa-portfolio-app/frontend/pages/books/_book_id/questions/_id.vue": {"path":"/Users/yoshito-t/Desktop/spa-portfolio-app/frontend/pages/books/_book_id/questions/_id.vue","statementMap":{"0":{"start":{"line":223,"column":0},"end":{"line":223,"column":null}},"1":{"start":{"line":224,"column":0},"end":{"line":224,"column":null}},"2":{"start":{"line":225,"column":0},"end":{"line":225,"column":null}},"3":{"start":{"line":226,"column":0},"end":{"line":226,"column":null}},"4":{"start":{"line":227,"column":0},"end":{"line":227,"column":null}},"5":{"start":{"line":228,"column":0},"end":{"line":228,"column":null}},"6":{"start":{"line":229,"column":0},"end":{"line":229,"column":null}},"7":{"start":{"line":230,"column":0},"end":{"line":230,"column":null}},"8":{"start":{"line":231,"column":0},"end":{"line":231,"column":null}},"9":{"start":{"line":232,"column":0},"end":{"line":232,"column":null}},"10":{"start":{"line":233,"column":0},"end":{"line":233,"column":null}},"11":{"start":{"line":235,"column":0},"end":{"line":235,"column":null}},"12":{"start":{"line":220,"column":0},"end":{"line":463,"column":null}},"13":{"start":{"line":463,"column":0},"end":{"line":463,"column":null}}},"fnMap":{"0":{"name":"_interopRequireDefault","decl":{"start":{"line":235,"column":0},"end":{"line":235,"column":null}},"loc":{"start":{"line":235,"column":0},"end":{"line":235,"column":null}}}},"branchMap":{"0":{"loc":{"start":{"line":235,"column":0},"end":{"line":235,"column":null}},"type":"cond-expr","locations":[{"start":{"line":235,"column":0},"end":{"line":235,"column":null}},{"start":{"line":235,"column":0},"end":{"line":235,"column":null}}]}},"s":{"0":0,"1":0,"2":0,"3":0,"4":0,"5":0,"6":0,"7":0,"8":0,"9":0,"10":0,"11":0,"12":0,"13":0},"f":{"0":0},"b":{"0":[0,0]}}
,"/Users/yoshito-t/Desktop/spa-portfolio-app/frontend/pages/books/_book_id/questions/_question_id/replies/_id.vue": {"path":"/Users/yoshito-t/Desktop/spa-portfolio-app/frontend/pages/books/_book_id/questions/_question_id/replies/_id.vue","statementMap":{"0":{"start":{"line":230,"column":0},"end":{"line":230,"column":null}},"1":{"start":{"line":231,"column":0},"end":{"line":231,"column":null}},"2":{"start":{"line":232,"column":0},"end":{"line":232,"column":null}},"3":{"start":{"line":233,"column":0},"end":{"line":233,"column":null}},"4":{"start":{"line":234,"column":0},"end":{"line":234,"column":null}},"5":{"start":{"line":235,"column":0},"end":{"line":235,"column":null}},"6":{"start":{"line":237,"column":0},"end":{"line":237,"column":null}},"7":{"start":{"line":227,"column":0},"end":{"line":417,"column":null}},"8":{"start":{"line":417,"column":0},"end":{"line":417,"column":null}}},"fnMap":{"0":{"name":"_interopRequireDefault","decl":{"start":{"line":237,"column":0},"end":{"line":237,"column":null}},"loc":{"start":{"line":237,"column":0},"end":{"line":237,"column":null}}}},"branchMap":{"0":{"loc":{"start":{"line":237,"column":0},"end":{"line":237,"column":null}},"type":"cond-expr","locations":[{"start":{"line":237,"column":0},"end":{"line":237,"column":null}},{"start":{"line":237,"column":0},"end":{"line":237,"column":null}}]}},"s":{"0":0,"1":0,"2":0,"3":0,"4":0,"5":0,"6":0,"7":0,"8":0},"f":{"0":0},"b":{"0":[0,0]}}
,"/Users/yoshito-t/Desktop/spa-portfolio-app/frontend/pages/books/_book_id/reviews/_id.vue": {"path":"/Users/yoshito-t/Desktop/spa-portfolio-app/frontend/pages/books/_book_id/reviews/_id.vue","statementMap":{"0":{"start":{"line":151,"column":0},"end":{"line":151,"column":null}},"1":{"start":{"line":152,"column":0},"end":{"line":152,"column":null}},"2":{"start":{"line":153,"column":0},"end":{"line":153,"column":null}},"3":{"start":{"line":154,"column":0},"end":{"line":154,"column":null}},"4":{"start":{"line":155,"column":0},"end":{"line":155,"column":null}},"5":{"start":{"line":156,"column":0},"end":{"line":156,"column":null}},"6":{"start":{"line":157,"column":0},"end":{"line":157,"column":null}},"7":{"start":{"line":158,"column":0},"end":{"line":158,"column":null}},"8":{"start":{"line":160,"column":0},"end":{"line":160,"column":null}},"9":{"start":{"line":148,"column":0},"end":{"line":346,"column":null}},"10":{"start":{"line":346,"column":0},"end":{"line":346,"column":null}}},"fnMap":{"0":{"name":"_interopRequireDefault","decl":{"start":{"line":160,"column":0},"end":{"line":160,"column":null}},"loc":{"start":{"line":160,"column":0},"end":{"line":160,"column":null}}}},"branchMap":{"0":{"loc":{"start":{"line":160,"column":0},"end":{"line":160,"column":null}},"type":"cond-expr","locations":[{"start":{"line":160,"column":0},"end":{"line":160,"column":null}},{"start":{"line":160,"column":0},"end":{"line":160,"column":null}}]}},"s":{"0":0,"1":0,"2":0,"3":0,"4":0,"5":0,"6":0,"7":0,"8":0,"9":0,"10":0},"f":{"0":0},"b":{"0":[0,0]}}
,"/Users/yoshito-t/Desktop/spa-portfolio-app/frontend/pages/browsingHistories/allBrowsingHistories.vue": {"path":"/Users/yoshito-t/Desktop/spa-portfolio-app/frontend/pages/browsingHistories/allBrowsingHistories.vue","statementMap":{"0":{"start":{"line":53,"column":0},"end":{"line":53,"column":null}},"1":{"start":{"line":54,"column":0},"end":{"line":54,"column":null}},"2":{"start":{"line":55,"column":0},"end":{"line":55,"column":null}},"3":{"start":{"line":56,"column":0},"end":{"line":56,"column":null}},"4":{"start":{"line":57,"column":0},"end":{"line":57,"column":null}},"5":{"start":{"line":58,"column":0},"end":{"line":58,"column":null}},"6":{"start":{"line":59,"column":0},"end":{"line":59,"column":null}},"7":{"start":{"line":60,"column":0},"end":{"line":60,"column":null}},"8":{"start":{"line":61,"column":0},"end":{"line":61,"column":null}},"9":{"start":{"line":50,"column":0},"end":{"line":103,"column":null}},"10":{"start":{"line":103,"column":0},"end":{"line":103,"column":null}}},"fnMap":{"0":{"name":"_interopRequireDefault","decl":{"start":{"line":61,"column":0},"end":{"line":61,"column":null}},"loc":{"start":{"line":61,"column":0},"end":{"line":61,"column":null}}}},"branchMap":{"0":{"loc":{"start":{"line":61,"column":0},"end":{"line":61,"column":null}},"type":"cond-expr","locations":[{"start":{"line":61,"column":0},"end":{"line":61,"column":null}},{"start":{"line":61,"column":0},"end":{"line":61,"column":null}}]}},"s":{"0":0,"1":0,"2":0,"3":0,"4":0,"5":0,"6":0,"7":0,"8":0,"9":0,"10":0},"f":{"0":0},"b":{"0":[0,0]}}
,"/Users/yoshito-t/Desktop/spa-portfolio-app/frontend/pages/errors/errorPage.vue": {"path":"/Users/yoshito-t/Desktop/spa-portfolio-app/frontend/pages/errors/errorPage.vue","statementMap":{"0":{"start":{"line":9,"column":0},"end":{"line":17,"column":null}},"1":{"start":{"line":17,"column":0},"end":{"line":17,"column":null}}},"fnMap":{},"branchMap":{},"s":{"0":0,"1":0},"f":{},"b":{}}
,"/Users/yoshito-t/Desktop/spa-portfolio-app/frontend/pages/notifications/allNotifications.vue": {"path":"/Users/yoshito-t/Desktop/spa-portfolio-app/frontend/pages/notifications/allNotifications.vue","statementMap":{"0":{"start":{"line":132,"column":0},"end":{"line":132,"column":null}},"1":{"start":{"line":133,"column":0},"end":{"line":133,"column":null}},"2":{"start":{"line":134,"column":0},"end":{"line":134,"column":null}},"3":{"start":{"line":135,"column":0},"end":{"line":135,"column":null}},"4":{"start":{"line":136,"column":0},"end":{"line":136,"column":null}},"5":{"start":{"line":138,"column":0},"end":{"line":138,"column":null}},"6":{"start":{"line":129,"column":0},"end":{"line":200,"column":null}},"7":{"start":{"line":200,"column":0},"end":{"line":200,"column":null}}},"fnMap":{"0":{"name":"_interopRequireDefault","decl":{"start":{"line":138,"column":0},"end":{"line":138,"column":null}},"loc":{"start":{"line":138,"column":0},"end":{"line":138,"column":null}}}},"branchMap":{"0":{"loc":{"start":{"line":138,"column":0},"end":{"line":138,"column":null}},"type":"cond-expr","locations":[{"start":{"line":138,"column":0},"end":{"line":138,"column":null}},{"start":{"line":138,"column":0},"end":{"line":138,"column":null}}]}},"s":{"0":0,"1":0,"2":0,"3":0,"4":0,"5":0,"6":0,"7":0},"f":{"0":0},"b":{"0":[0,0]}}
,"/Users/yoshito-t/Desktop/spa-portfolio-app/frontend/pages/questions/allQuestions.vue": {"path":"/Users/yoshito-t/Desktop/spa-portfolio-app/frontend/pages/questions/allQuestions.vue","statementMap":{"0":{"start":{"line":107,"column":0},"end":{"line":107,"column":null}},"1":{"start":{"line":108,"column":0},"end":{"line":108,"column":null}},"2":{"start":{"line":109,"column":0},"end":{"line":109,"column":null}},"3":{"start":{"line":111,"column":0},"end":{"line":111,"column":null}},"4":{"start":{"line":104,"column":0},"end":{"line":191,"column":null}},"5":{"start":{"line":191,"column":0},"end":{"line":191,"column":null}}},"fnMap":{"0":{"name":"_interopRequireDefault","decl":{"start":{"line":111,"column":0},"end":{"line":111,"column":null}},"loc":{"start":{"line":111,"column":0},"end":{"line":111,"column":null}}}},"branchMap":{"0":{"loc":{"start":{"line":111,"column":0},"end":{"line":111,"column":null}},"type":"cond-expr","locations":[{"start":{"line":111,"column":0},"end":{"line":111,"column":null}},{"start":{"line":111,"column":0},"end":{"line":111,"column":null}}]}},"s":{"0":0,"1":0,"2":0,"3":0,"4":0,"5":0},"f":{"0":0},"b":{"0":[0,0]}}
,"/Users/yoshito-t/Desktop/spa-portfolio-app/frontend/pages/questions/searchQuestionsResult.vue": {"path":"/Users/yoshito-t/Desktop/spa-portfolio-app/frontend/pages/questions/searchQuestionsResult.vue","statementMap":{"0":{"start":{"line":51,"column":0},"end":{"line":51,"column":null}},"1":{"start":{"line":52,"column":0},"end":{"line":52,"column":null}},"2":{"start":{"line":48,"column":0},"end":{"line":126,"column":null}},"3":{"start":{"line":126,"column":0},"end":{"line":126,"column":null}}},"fnMap":{"0":{"name":"_interopRequireDefault","decl":{"start":{"line":52,"column":0},"end":{"line":52,"column":null}},"loc":{"start":{"line":52,"column":0},"end":{"line":52,"column":null}}}},"branchMap":{"0":{"loc":{"start":{"line":52,"column":0},"end":{"line":52,"column":null}},"type":"cond-expr","locations":[{"start":{"line":52,"column":0},"end":{"line":52,"column":null}},{"start":{"line":52,"column":0},"end":{"line":52,"column":null}}]}},"s":{"0":0,"1":0,"2":0,"3":0},"f":{"0":0},"b":{"0":[0,0]}}
,"/Users/yoshito-t/Desktop/spa-portfolio-app/frontend/pages/subjectQuestions/_id.vue": {"path":"/Users/yoshito-t/Desktop/spa-portfolio-app/frontend/pages/subjectQuestions/_id.vue","statementMap":{"0":{"start":{"line":220,"column":0},"end":{"line":220,"column":null}},"1":{"start":{"line":221,"column":0},"end":{"line":221,"column":null}},"2":{"start":{"line":222,"column":0},"end":{"line":222,"column":null}},"3":{"start":{"line":223,"column":0},"end":{"line":223,"column":null}},"4":{"start":{"line":224,"column":0},"end":{"line":224,"column":null}},"5":{"start":{"line":225,"column":0},"end":{"line":225,"column":null}},"6":{"start":{"line":226,"column":0},"end":{"line":226,"column":null}},"7":{"start":{"line":227,"column":0},"end":{"line":227,"column":null}},"8":{"start":{"line":228,"column":0},"end":{"line":228,"column":null}},"9":{"start":{"line":229,"column":0},"end":{"line":229,"column":null}},"10":{"start":{"line":231,"column":0},"end":{"line":231,"column":null}},"11":{"start":{"line":217,"column":0},"end":{"line":461,"column":null}},"12":{"start":{"line":461,"column":0},"end":{"line":461,"column":null}}},"fnMap":{"0":{"name":"_interopRequireDefault","decl":{"start":{"line":231,"column":0},"end":{"line":231,"column":null}},"loc":{"start":{"line":231,"column":0},"end":{"line":231,"column":null}}}},"branchMap":{"0":{"loc":{"start":{"line":231,"column":0},"end":{"line":231,"column":null}},"type":"cond-expr","locations":[{"start":{"line":231,"column":0},"end":{"line":231,"column":null}},{"start":{"line":231,"column":0},"end":{"line":231,"column":null}}]}},"s":{"0":0,"1":0,"2":0,"3":0,"4":0,"5":0,"6":0,"7":0,"8":0,"9":0,"10":0,"11":0,"12":0},"f":{"0":0},"b":{"0":[0,0]}}
,"/Users/yoshito-t/Desktop/spa-portfolio-app/frontend/pages/subjectQuestions/allSubjectQuestions.vue": {"path":"/Users/yoshito-t/Desktop/spa-portfolio-app/frontend/pages/subjectQuestions/allSubjectQuestions.vue","statementMap":{"0":{"start":{"line":122,"column":0},"end":{"line":122,"column":null}},"1":{"start":{"line":123,"column":0},"end":{"line":123,"column":null}},"2":{"start":{"line":124,"column":0},"end":{"line":124,"column":null}},"3":{"start":{"line":125,"column":0},"end":{"line":125,"column":null}},"4":{"start":{"line":127,"column":0},"end":{"line":127,"column":null}},"5":{"start":{"line":119,"column":0},"end":{"line":240,"column":null}},"6":{"start":{"line":240,"column":0},"end":{"line":240,"column":null}}},"fnMap":{"0":{"name":"_interopRequireDefault","decl":{"start":{"line":127,"column":0},"end":{"line":127,"column":null}},"loc":{"start":{"line":127,"column":0},"end":{"line":127,"column":null}}}},"branchMap":{"0":{"loc":{"start":{"line":127,"column":0},"end":{"line":127,"column":null}},"type":"cond-expr","locations":[{"start":{"line":127,"column":0},"end":{"line":127,"column":null}},{"start":{"line":127,"column":0},"end":{"line":127,"column":null}}]}},"s":{"0":0,"1":0,"2":0,"3":0,"4":0,"5":0,"6":0},"f":{"0":0},"b":{"0":[0,0]}}
,"/Users/yoshito-t/Desktop/spa-portfolio-app/frontend/pages/subjectQuestions/searchSubjectQuestionsResult.vue": {"path":"/Users/yoshito-t/Desktop/spa-portfolio-app/frontend/pages/subjectQuestions/searchSubjectQuestionsResult.vue","statementMap":{"0":{"start":{"line":50,"column":0},"end":{"line":50,"column":null}},"1":{"start":{"line":51,"column":0},"end":{"line":51,"column":null}},"2":{"start":{"line":47,"column":0},"end":{"line":125,"column":null}},"3":{"start":{"line":125,"column":0},"end":{"line":125,"column":null}}},"fnMap":{"0":{"name":"_interopRequireDefault","decl":{"start":{"line":51,"column":0},"end":{"line":51,"column":null}},"loc":{"start":{"line":51,"column":0},"end":{"line":51,"column":null}}}},"branchMap":{"0":{"loc":{"start":{"line":51,"column":0},"end":{"line":51,"column":null}},"type":"cond-expr","locations":[{"start":{"line":51,"column":0},"end":{"line":51,"column":null}},{"start":{"line":51,"column":0},"end":{"line":51,"column":null}}]}},"s":{"0":0,"1":0,"2":0,"3":0},"f":{"0":0},"b":{"0":[0,0]}}
,"/Users/yoshito-t/Desktop/spa-portfolio-app/frontend/pages/subjectQuestions/_subjectQuestion_id/subjectQuestionReplies/_id.vue": {"path":"/Users/yoshito-t/Desktop/spa-portfolio-app/frontend/pages/subjectQuestions/_subjectQuestion_id/subjectQuestionReplies/_id.vue","statementMap":{"0":{"start":{"line":211,"column":0},"end":{"line":211,"column":null}},"1":{"start":{"line":212,"column":0},"end":{"line":212,"column":null}},"2":{"start":{"line":213,"column":0},"end":{"line":213,"column":null}},"3":{"start":{"line":214,"column":0},"end":{"line":214,"column":null}},"4":{"start":{"line":215,"column":0},"end":{"line":215,"column":null}},"5":{"start":{"line":216,"column":0},"end":{"line":216,"column":null}},"6":{"start":{"line":218,"column":0},"end":{"line":218,"column":null}},"7":{"start":{"line":208,"column":0},"end":{"line":399,"column":null}},"8":{"start":{"line":399,"column":0},"end":{"line":399,"column":null}}},"fnMap":{"0":{"name":"_interopRequireDefault","decl":{"start":{"line":218,"column":0},"end":{"line":218,"column":null}},"loc":{"start":{"line":218,"column":0},"end":{"line":218,"column":null}}}},"branchMap":{"0":{"loc":{"start":{"line":218,"column":0},"end":{"line":218,"column":null}},"type":"cond-expr","locations":[{"start":{"line":218,"column":0},"end":{"line":218,"column":null}},{"start":{"line":218,"column":0},"end":{"line":218,"column":null}}]}},"s":{"0":0,"1":0,"2":0,"3":0,"4":0,"5":0,"6":0,"7":0,"8":0},"f":{"0":0},"b":{"0":[0,0]}}
,"/Users/yoshito-t/Desktop/spa-portfolio-app/frontend/pages/surveys/_id.vue": {"path":"/Users/yoshito-t/Desktop/spa-portfolio-app/frontend/pages/surveys/_id.vue","statementMap":{"0":{"start":{"line":384,"column":0},"end":{"line":384,"column":null}},"1":{"start":{"line":385,"column":0},"end":{"line":385,"column":null}},"2":{"start":{"line":386,"column":0},"end":{"line":386,"column":null}},"3":{"start":{"line":387,"column":0},"end":{"line":387,"column":null}},"4":{"start":{"line":388,"column":0},"end":{"line":388,"column":null}},"5":{"start":{"line":389,"column":0},"end":{"line":389,"column":null}},"6":{"start":{"line":390,"column":0},"end":{"line":390,"column":null}},"7":{"start":{"line":391,"column":0},"end":{"line":391,"column":null}},"8":{"start":{"line":393,"column":0},"end":{"line":393,"column":null}},"9":{"start":{"line":381,"column":0},"end":{"line":698,"column":null}},"10":{"start":{"line":698,"column":0},"end":{"line":698,"column":null}}},"fnMap":{"0":{"name":"_interopRequireDefault","decl":{"start":{"line":393,"column":0},"end":{"line":393,"column":null}},"loc":{"start":{"line":393,"column":0},"end":{"line":393,"column":null}}}},"branchMap":{"0":{"loc":{"start":{"line":393,"column":0},"end":{"line":393,"column":null}},"type":"cond-expr","locations":[{"start":{"line":393,"column":0},"end":{"line":393,"column":null}},{"start":{"line":393,"column":0},"end":{"line":393,"column":null}}]}},"s":{"0":0,"1":0,"2":0,"3":0,"4":0,"5":0,"6":0,"7":0,"8":0,"9":0,"10":0},"f":{"0":0},"b":{"0":[0,0]}}
,"/Users/yoshito-t/Desktop/spa-portfolio-app/frontend/pages/surveys/allSurveys.vue": {"path":"/Users/yoshito-t/Desktop/spa-portfolio-app/frontend/pages/surveys/allSurveys.vue","statementMap":{"0":{"start":{"line":114,"column":0},"end":{"line":114,"column":null}},"1":{"start":{"line":115,"column":0},"end":{"line":115,"column":null}},"2":{"start":{"line":116,"column":0},"end":{"line":116,"column":null}},"3":{"start":{"line":117,"column":0},"end":{"line":117,"column":null}},"4":{"start":{"line":119,"column":0},"end":{"line":119,"column":null}},"5":{"start":{"line":112,"column":0},"end":{"line":233,"column":null}},"6":{"start":{"line":233,"column":0},"end":{"line":233,"column":null}}},"fnMap":{"0":{"name":"_interopRequireDefault","decl":{"start":{"line":119,"column":0},"end":{"line":119,"column":null}},"loc":{"start":{"line":119,"column":0},"end":{"line":119,"column":null}}}},"branchMap":{"0":{"loc":{"start":{"line":119,"column":0},"end":{"line":119,"column":null}},"type":"cond-expr","locations":[{"start":{"line":119,"column":0},"end":{"line":119,"column":null}},{"start":{"line":119,"column":0},"end":{"line":119,"column":null}}]}},"s":{"0":0,"1":0,"2":0,"3":0,"4":0,"5":0,"6":0},"f":{"0":0},"b":{"0":[0,0]}}
,"/Users/yoshito-t/Desktop/spa-portfolio-app/frontend/pages/users/_id.vue": {"path":"/Users/yoshito-t/Desktop/spa-portfolio-app/frontend/pages/users/_id.vue","statementMap":{"0":{"start":{"line":279,"column":0},"end":{"line":279,"column":null}},"1":{"start":{"line":280,"column":0},"end":{"line":280,"column":null}},"2":{"start":{"line":281,"column":0},"end":{"line":281,"column":null}},"3":{"start":{"line":282,"column":0},"end":{"line":282,"column":null}},"4":{"start":{"line":283,"column":0},"end":{"line":283,"column":null}},"5":{"start":{"line":284,"column":0},"end":{"line":284,"column":null}},"6":{"start":{"line":285,"column":0},"end":{"line":285,"column":null}},"7":{"start":{"line":276,"column":0},"end":{"line":378,"column":null}},"8":{"start":{"line":378,"column":0},"end":{"line":378,"column":null}}},"fnMap":{"0":{"name":"_interopRequireDefault","decl":{"start":{"line":285,"column":0},"end":{"line":285,"column":null}},"loc":{"start":{"line":285,"column":0},"end":{"line":285,"column":null}}}},"branchMap":{"0":{"loc":{"start":{"line":285,"column":0},"end":{"line":285,"column":null}},"type":"cond-expr","locations":[{"start":{"line":285,"column":0},"end":{"line":285,"column":null}},{"start":{"line":285,"column":0},"end":{"line":285,"column":null}}]}},"s":{"0":0,"1":0,"2":0,"3":0,"4":0,"5":0,"6":0,"7":0,"8":0},"f":{"0":0},"b":{"0":[0,0]}}
}
