{"/Users/yoshito-t/Desktop/spa-portfolio-app/frontend/components/Tutorial.vue": {"path":"/Users/yoshito-t/Desktop/spa-portfolio-app/frontend/components/Tutorial.vue","statementMap":{"0":{"start":{"line":117,"column":0},"end":{"line":121,"column":null}},"1":{"start":{"line":121,"column":0},"end":{"line":121,"column":null}}},"fnMap":{},"branchMap":{},"s":{"0":0,"1":0},"f":{},"b":{}}
,"/Users/yoshito-t/Desktop/spa-portfolio-app/frontend/components/books/BookForm.vue": {"path":"/Users/yoshito-t/Desktop/spa-portfolio-app/frontend/components/books/BookForm.vue","statementMap":{"0":{"start":{"line":73,"column":0},"end":{"line":73,"column":null}},"1":{"start":{"line":74,"column":0},"end":{"line":74,"column":null}},"2":{"start":{"line":71,"column":0},"end":{"line":151,"column":null}},"3":{"start":{"line":151,"column":0},"end":{"line":151,"column":null}}},"fnMap":{"0":{"name":"_interopRequireDefault","decl":{"start":{"line":74,"column":0},"end":{"line":74,"column":null}},"loc":{"start":{"line":74,"column":0},"end":{"line":74,"column":null}}}},"branchMap":{"0":{"loc":{"start":{"line":74,"column":0},"end":{"line":74,"column":null}},"type":"cond-expr","locations":[{"start":{"line":74,"column":0},"end":{"line":74,"column":null}},{"start":{"line":74,"column":0},"end":{"line":74,"column":null}}]}},"s":{"0":0,"1":0,"2":0,"3":0},"f":{"0":0},"b":{"0":[0,0]}}
,"/Users/yoshito-t/Desktop/spa-portfolio-app/frontend/components/books/BookInformation.vue": {"path":"/Users/yoshito-t/Desktop/spa-portfolio-app/frontend/components/books/BookInformation.vue","statementMap":{"0":{"start":{"line":70,"column":0},"end":{"line":81,"column":null}},"1":{"start":{"line":81,"column":0},"end":{"line":81,"column":null}}},"fnMap":{},"branchMap":{},"s":{"0":0,"1":0},"f":{},"b":{}}
,"/Users/yoshito-t/Desktop/spa-portfolio-app/frontend/components/books/EachBooks.vue": {"path":"/Users/yoshito-t/Desktop/spa-portfolio-app/frontend/components/books/EachBooks.vue","statementMap":{"0":{"start":{"line":86,"column":0},"end":{"line":86,"column":null}},"1":{"start":{"line":83,"column":0},"end":{"line":153,"column":null}},"2":{"start":{"line":153,"column":0},"end":{"line":153,"column":null}}},"fnMap":{"0":{"name":"_interopRequireDefault","decl":{"start":{"line":86,"column":0},"end":{"line":86,"column":null}},"loc":{"start":{"line":86,"column":0},"end":{"line":86,"column":null}}}},"branchMap":{"0":{"loc":{"start":{"line":86,"column":0},"end":{"line":86,"column":null}},"type":"cond-expr","locations":[{"start":{"line":86,"column":0},"end":{"line":86,"column":null}},{"start":{"line":86,"column":0},"end":{"line":86,"column":null}}]}},"s":{"0":0,"1":0,"2":0},"f":{"0":0},"b":{"0":[0,0]}}
,"/Users/yoshito-t/Desktop/spa-portfolio-app/frontend/components/books/EditBook.vue": {"path":"/Users/yoshito-t/Desktop/spa-portfolio-app/frontend/components/books/EditBook.vue","statementMap":{"0":{"start":{"line":75,"column":0},"end":{"line":75,"column":null}},"1":{"start":{"line":76,"column":0},"end":{"line":76,"column":null}},"2":{"start":{"line":73,"column":0},"end":{"line":160,"column":null}},"3":{"start":{"line":160,"column":0},"end":{"line":160,"column":null}}},"fnMap":{"0":{"name":"_interopRequireDefault","decl":{"start":{"line":76,"column":0},"end":{"line":76,"column":null}},"loc":{"start":{"line":76,"column":0},"end":{"line":76,"column":null}}}},"branchMap":{"0":{"loc":{"start":{"line":76,"column":0},"end":{"line":76,"column":null}},"type":"cond-expr","locations":[{"start":{"line":76,"column":0},"end":{"line":76,"column":null}},{"start":{"line":76,"column":0},"end":{"line":76,"column":null}}]}},"s":{"0":0,"1":0,"2":0,"3":0},"f":{"0":0},"b":{"0":[0,0]}}
,"/Users/yoshito-t/Desktop/spa-portfolio-app/frontend/components/books/TopPageEachBooks.vue": {"path":"/Users/yoshito-t/Desktop/spa-portfolio-app/frontend/components/books/TopPageEachBooks.vue","statementMap":{"0":{"start":{"line":80,"column":0},"end":{"line":86,"column":null}},"1":{"start":{"line":86,"column":0},"end":{"line":86,"column":null}}},"fnMap":{},"branchMap":{},"s":{"0":0,"1":0},"f":{},"b":{}}
,"/Users/yoshito-t/Desktop/spa-portfolio-app/frontend/components/global/ContentNavigator.vue": {"path":"/Users/yoshito-t/Desktop/spa-portfolio-app/frontend/components/global/ContentNavigator.vue","statementMap":{"0":{"start":{"line":12,"column":0},"end":{"line":26,"column":null}},"1":{"start":{"line":26,"column":0},"end":{"line":26,"column":null}}},"fnMap":{},"branchMap":{},"s":{"0":0,"1":0},"f":{},"b":{}}
,"/Users/yoshito-t/Desktop/spa-portfolio-app/frontend/components/global/DeleteConfirmationDialog.vue": {"path":"/Users/yoshito-t/Desktop/spa-portfolio-app/frontend/components/global/DeleteConfirmationDialog.vue","statementMap":{"0":{"start":{"line":50,"column":0},"end":{"line":65,"column":null}},"1":{"start":{"line":65,"column":0},"end":{"line":65,"column":null}}},"fnMap":{},"branchMap":{},"s":{"0":0,"1":0},"f":{},"b":{}}
,"/Users/yoshito-t/Desktop/spa-portfolio-app/frontend/components/global/FavoriteButton.vue": {"path":"/Users/yoshito-t/Desktop/spa-portfolio-app/frontend/components/global/FavoriteButton.vue","statementMap":{"0":{"start":{"line":43,"column":0},"end":{"line":62,"column":null}},"1":{"start":{"line":62,"column":0},"end":{"line":62,"column":null}}},"fnMap":{},"branchMap":{},"s":{"0":0,"1":0},"f":{},"b":{}}
,"/Users/yoshito-t/Desktop/spa-portfolio-app/frontend/components/global/NormalHeader.vue": {"path":"/Users/yoshito-t/Desktop/spa-portfolio-app/frontend/components/global/NormalHeader.vue","statementMap":{"0":{"start":{"line":139,"column":0},"end":{"line":190,"column":null}},"1":{"start":{"line":190,"column":0},"end":{"line":190,"column":null}}},"fnMap":{},"branchMap":{},"s":{"0":0,"1":0},"f":{},"b":{}}
,"/Users/yoshito-t/Desktop/spa-portfolio-app/frontend/components/global/ShowSnackbar.vue": {"path":"/Users/yoshito-t/Desktop/spa-portfolio-app/frontend/components/global/ShowSnackbar.vue","statementMap":{"0":{"start":{"line":6,"column":0},"end":{"line":26,"column":null}},"1":{"start":{"line":26,"column":0},"end":{"line":26,"column":null}}},"fnMap":{},"branchMap":{},"s":{"0":0,"1":0},"f":{},"b":{}}
,"/Users/yoshito-t/Desktop/spa-portfolio-app/frontend/components/global/SpecialHeader.vue": {"path":"/Users/yoshito-t/Desktop/spa-portfolio-app/frontend/components/global/SpecialHeader.vue","statementMap":{"0":{"start":{"line":150,"column":0},"end":{"line":201,"column":null}},"1":{"start":{"line":201,"column":0},"end":{"line":201,"column":null}}},"fnMap":{},"branchMap":{},"s":{"0":0,"1":0},"f":{},"b":{}}
,"/Users/yoshito-t/Desktop/spa-portfolio-app/frontend/components/global/SubmitButton.vue": {"path":"/Users/yoshito-t/Desktop/spa-portfolio-app/frontend/components/global/SubmitButton.vue","statementMap":{"0":{"start":{"line":38,"column":0},"end":{"line":50,"column":null}},"1":{"start":{"line":50,"column":0},"end":{"line":50,"column":null}}},"fnMap":{},"branchMap":{},"s":{"0":0,"1":0},"f":{},"b":{}}
,"/Users/yoshito-t/Desktop/spa-portfolio-app/frontend/components/notifications/AnswerToSurveyNotification.vue": {"path":"/Users/yoshito-t/Desktop/spa-portfolio-app/frontend/components/notifications/AnswerToSurveyNotification.vue","statementMap":{"0":{"start":{"line":25,"column":0},"end":{"line":25,"column":null}},"1":{"start":{"line":23,"column":0},"end":{"line":37,"column":null}},"2":{"start":{"line":37,"column":0},"end":{"line":37,"column":null}}},"fnMap":{"0":{"name":"_interopRequireDefault","decl":{"start":{"line":25,"column":0},"end":{"line":25,"column":null}},"loc":{"start":{"line":25,"column":0},"end":{"line":25,"column":null}}}},"branchMap":{"0":{"loc":{"start":{"line":25,"column":0},"end":{"line":25,"column":null}},"type":"cond-expr","locations":[{"start":{"line":25,"column":0},"end":{"line":25,"column":null}},{"start":{"line":25,"column":0},"end":{"line":25,"column":null}}]}},"s":{"0":0,"1":0,"2":0},"f":{"0":0},"b":{"0":[0,0]}}
,"/Users/yoshito-t/Desktop/spa-portfolio-app/frontend/components/notifications/FavoriteNotification.vue": {"path":"/Users/yoshito-t/Desktop/spa-portfolio-app/frontend/components/notifications/FavoriteNotification.vue","statementMap":{"0":{"start":{"line":25,"column":0},"end":{"line":25,"column":null}},"1":{"start":{"line":23,"column":0},"end":{"line":38,"column":null}},"2":{"start":{"line":38,"column":0},"end":{"line":38,"column":null}}},"fnMap":{"0":{"name":"_interopRequireDefault","decl":{"start":{"line":25,"column":0},"end":{"line":25,"column":null}},"loc":{"start":{"line":25,"column":0},"end":{"line":25,"column":null}}}},"branchMap":{"0":{"loc":{"start":{"line":25,"column":0},"end":{"line":25,"column":null}},"type":"cond-expr","locations":[{"start":{"line":25,"column":0},"end":{"line":25,"column":null}},{"start":{"line":25,"column":0},"end":{"line":25,"column":null}}]}},"s":{"0":0,"1":0,"2":0},"f":{"0":0},"b":{"0":[0,0]}}
,"/Users/yoshito-t/Desktop/spa-portfolio-app/frontend/components/notifications/FavoriteQuestionNotification.vue": {"path":"/Users/yoshito-t/Desktop/spa-portfolio-app/frontend/components/notifications/FavoriteQuestionNotification.vue","statementMap":{"0":{"start":{"line":25,"column":0},"end":{"line":31,"column":null}},"1":{"start":{"line":31,"column":0},"end":{"line":31,"column":null}}},"fnMap":{},"branchMap":{},"s":{"0":0,"1":0},"f":{},"b":{}}
,"/Users/yoshito-t/Desktop/spa-portfolio-app/frontend/components/notifications/FavoriteReplyNotification.vue": {"path":"/Users/yoshito-t/Desktop/spa-portfolio-app/frontend/components/notifications/FavoriteReplyNotification.vue","statementMap":{"0":{"start":{"line":25,"column":0},"end":{"line":31,"column":null}},"1":{"start":{"line":31,"column":0},"end":{"line":31,"column":null}}},"fnMap":{},"branchMap":{},"s":{"0":0,"1":0},"f":{},"b":{}}
,"/Users/yoshito-t/Desktop/spa-portfolio-app/frontend/components/notifications/FavoriteReviewNotification.vue": {"path":"/Users/yoshito-t/Desktop/spa-portfolio-app/frontend/components/notifications/FavoriteReviewNotification.vue","statementMap":{"0":{"start":{"line":23,"column":0},"end":{"line":29,"column":null}},"1":{"start":{"line":29,"column":0},"end":{"line":29,"column":null}}},"fnMap":{},"branchMap":{},"s":{"0":0,"1":0},"f":{},"b":{}}
,"/Users/yoshito-t/Desktop/spa-portfolio-app/frontend/components/notifications/FavoriteSubjectQuestionNotification.vue": {"path":"/Users/yoshito-t/Desktop/spa-portfolio-app/frontend/components/notifications/FavoriteSubjectQuestionNotification.vue","statementMap":{"0":{"start":{"line":25,"column":0},"end":{"line":31,"column":null}},"1":{"start":{"line":31,"column":0},"end":{"line":31,"column":null}}},"fnMap":{},"branchMap":{},"s":{"0":0,"1":0},"f":{},"b":{}}
,"/Users/yoshito-t/Desktop/spa-portfolio-app/frontend/components/notifications/FavoriteSubjectQuestionReplyNotification.vue": {"path":"/Users/yoshito-t/Desktop/spa-portfolio-app/frontend/components/notifications/FavoriteSubjectQuestionReplyNotification.vue","statementMap":{"0":{"start":{"line":25,"column":0},"end":{"line":31,"column":null}},"1":{"start":{"line":31,"column":0},"end":{"line":31,"column":null}}},"fnMap":{},"branchMap":{},"s":{"0":0,"1":0},"f":{},"b":{}}
,"/Users/yoshito-t/Desktop/spa-portfolio-app/frontend/components/notifications/FavoriteSurveyNotification.vue": {"path":"/Users/yoshito-t/Desktop/spa-portfolio-app/frontend/components/notifications/FavoriteSurveyNotification.vue","statementMap":{"0":{"start":{"line":25,"column":0},"end":{"line":31,"column":null}},"1":{"start":{"line":31,"column":0},"end":{"line":31,"column":null}}},"fnMap":{},"branchMap":{},"s":{"0":0,"1":0},"f":{},"b":{}}
,"/Users/yoshito-t/Desktop/spa-portfolio-app/frontend/components/notifications/ReplyNotification.vue": {"path":"/Users/yoshito-t/Desktop/spa-portfolio-app/frontend/components/notifications/ReplyNotification.vue","statementMap":{"0":{"start":{"line":54,"column":0},"end":{"line":54,"column":null}},"1":{"start":{"line":52,"column":0},"end":{"line":70,"column":null}},"2":{"start":{"line":70,"column":0},"end":{"line":70,"column":null}}},"fnMap":{"0":{"name":"_interopRequireDefault","decl":{"start":{"line":54,"column":0},"end":{"line":54,"column":null}},"loc":{"start":{"line":54,"column":0},"end":{"line":54,"column":null}}}},"branchMap":{"0":{"loc":{"start":{"line":54,"column":0},"end":{"line":54,"column":null}},"type":"cond-expr","locations":[{"start":{"line":54,"column":0},"end":{"line":54,"column":null}},{"start":{"line":54,"column":0},"end":{"line":54,"column":null}}]}},"s":{"0":0,"1":0,"2":0},"f":{"0":0},"b":{"0":[0,0]}}
,"/Users/yoshito-t/Desktop/spa-portfolio-app/frontend/components/notifications/ReplyToQuestionNotification.vue": {"path":"/Users/yoshito-t/Desktop/spa-portfolio-app/frontend/components/notifications/ReplyToQuestionNotification.vue","statementMap":{"0":{"start":{"line":54,"column":0},"end":{"line":60,"column":null}},"1":{"start":{"line":60,"column":0},"end":{"line":60,"column":null}}},"fnMap":{},"branchMap":{},"s":{"0":0,"1":0},"f":{},"b":{}}
,"/Users/yoshito-t/Desktop/spa-portfolio-app/frontend/components/notifications/ReplyToSubjectQuestionNotification.vue": {"path":"/Users/yoshito-t/Desktop/spa-portfolio-app/frontend/components/notifications/ReplyToSubjectQuestionNotification.vue","statementMap":{"0":{"start":{"line":29,"column":0},"end":{"line":35,"column":null}},"1":{"start":{"line":35,"column":0},"end":{"line":35,"column":null}}},"fnMap":{},"branchMap":{},"s":{"0":0,"1":0},"f":{},"b":{}}
,"/Users/yoshito-t/Desktop/spa-portfolio-app/frontend/components/questions/BookQuestions.vue": {"path":"/Users/yoshito-t/Desktop/spa-portfolio-app/frontend/components/questions/BookQuestions.vue","statementMap":{"0":{"start":{"line":71,"column":0},"end":{"line":92,"column":null}},"1":{"start":{"line":92,"column":0},"end":{"line":92,"column":null}}},"fnMap":{},"branchMap":{},"s":{"0":0,"1":0},"f":{},"b":{}}
,"/Users/yoshito-t/Desktop/spa-portfolio-app/frontend/components/questions/EachQuestions.vue": {"path":"/Users/yoshito-t/Desktop/spa-portfolio-app/frontend/components/questions/EachQuestions.vue","statementMap":{"0":{"start":{"line":92,"column":0},"end":{"line":113,"column":null}},"1":{"start":{"line":113,"column":0},"end":{"line":113,"column":null}}},"fnMap":{},"branchMap":{},"s":{"0":0,"1":0},"f":{},"b":{}}
,"/Users/yoshito-t/Desktop/spa-portfolio-app/frontend/components/questions/EditQuestion.vue": {"path":"/Users/yoshito-t/Desktop/spa-portfolio-app/frontend/components/questions/EditQuestion.vue","statementMap":{"0":{"start":{"line":38,"column":0},"end":{"line":38,"column":null}},"1":{"start":{"line":39,"column":0},"end":{"line":39,"column":null}},"2":{"start":{"line":36,"column":0},"end":{"line":85,"column":null}},"3":{"start":{"line":85,"column":0},"end":{"line":85,"column":null}}},"fnMap":{"0":{"name":"_interopRequireDefault","decl":{"start":{"line":39,"column":0},"end":{"line":39,"column":null}},"loc":{"start":{"line":39,"column":0},"end":{"line":39,"column":null}}}},"branchMap":{"0":{"loc":{"start":{"line":39,"column":0},"end":{"line":39,"column":null}},"type":"cond-expr","locations":[{"start":{"line":39,"column":0},"end":{"line":39,"column":null}},{"start":{"line":39,"column":0},"end":{"line":39,"column":null}}]}},"s":{"0":0,"1":0,"2":0,"3":0},"f":{"0":0},"b":{"0":[0,0]}}
,"/Users/yoshito-t/Desktop/spa-portfolio-app/frontend/components/questions/QuestionForm.vue": {"path":"/Users/yoshito-t/Desktop/spa-portfolio-app/frontend/components/questions/QuestionForm.vue","statementMap":{"0":{"start":{"line":39,"column":0},"end":{"line":39,"column":null}},"1":{"start":{"line":40,"column":0},"end":{"line":40,"column":null}},"2":{"start":{"line":37,"column":0},"end":{"line":81,"column":null}},"3":{"start":{"line":81,"column":0},"end":{"line":81,"column":null}}},"fnMap":{"0":{"name":"_interopRequireDefault","decl":{"start":{"line":40,"column":0},"end":{"line":40,"column":null}},"loc":{"start":{"line":40,"column":0},"end":{"line":40,"column":null}}}},"branchMap":{"0":{"loc":{"start":{"line":40,"column":0},"end":{"line":40,"column":null}},"type":"cond-expr","locations":[{"start":{"line":40,"column":0},"end":{"line":40,"column":null}},{"start":{"line":40,"column":0},"end":{"line":40,"column":null}}]}},"s":{"0":0,"1":0,"2":0,"3":0},"f":{"0":0},"b":{"0":[0,0]}}
,"/Users/yoshito-t/Desktop/spa-portfolio-app/frontend/components/replies/EachReplies.vue": {"path":"/Users/yoshito-t/Desktop/spa-portfolio-app/frontend/components/replies/EachReplies.vue","statementMap":{"0":{"start":{"line":75,"column":0},"end":{"line":97,"column":null}},"1":{"start":{"line":97,"column":0},"end":{"line":97,"column":null}}},"fnMap":{},"branchMap":{},"s":{"0":0,"1":0},"f":{},"b":{}}
,"/Users/yoshito-t/Desktop/spa-portfolio-app/frontend/components/replies/EditReply.vue": {"path":"/Users/yoshito-t/Desktop/spa-portfolio-app/frontend/components/replies/EditReply.vue","statementMap":{"0":{"start":{"line":38,"column":0},"end":{"line":38,"column":null}},"1":{"start":{"line":39,"column":0},"end":{"line":39,"column":null}},"2":{"start":{"line":36,"column":0},"end":{"line":77,"column":null}},"3":{"start":{"line":77,"column":0},"end":{"line":77,"column":null}}},"fnMap":{"0":{"name":"_interopRequireDefault","decl":{"start":{"line":39,"column":0},"end":{"line":39,"column":null}},"loc":{"start":{"line":39,"column":0},"end":{"line":39,"column":null}}}},"branchMap":{"0":{"loc":{"start":{"line":39,"column":0},"end":{"line":39,"column":null}},"type":"cond-expr","locations":[{"start":{"line":39,"column":0},"end":{"line":39,"column":null}},{"start":{"line":39,"column":0},"end":{"line":39,"column":null}}]}},"s":{"0":0,"1":0,"2":0,"3":0},"f":{"0":0},"b":{"0":[0,0]}}
,"/Users/yoshito-t/Desktop/spa-portfolio-app/frontend/components/replies/QuestionReplies.vue": {"path":"/Users/yoshito-t/Desktop/spa-portfolio-app/frontend/components/replies/QuestionReplies.vue","statementMap":{"0":{"start":{"line":146,"column":0},"end":{"line":168,"column":null}},"1":{"start":{"line":168,"column":0},"end":{"line":168,"column":null}}},"fnMap":{},"branchMap":{},"s":{"0":0,"1":0},"f":{},"b":{}}
,"/Users/yoshito-t/Desktop/spa-portfolio-app/frontend/components/replies/ReplyForm.vue": {"path":"/Users/yoshito-t/Desktop/spa-portfolio-app/frontend/components/replies/ReplyForm.vue","statementMap":{"0":{"start":{"line":40,"column":0},"end":{"line":40,"column":null}},"1":{"start":{"line":41,"column":0},"end":{"line":41,"column":null}},"2":{"start":{"line":38,"column":0},"end":{"line":77,"column":null}},"3":{"start":{"line":77,"column":0},"end":{"line":77,"column":null}}},"fnMap":{"0":{"name":"_interopRequireDefault","decl":{"start":{"line":41,"column":0},"end":{"line":41,"column":null}},"loc":{"start":{"line":41,"column":0},"end":{"line":41,"column":null}}}},"branchMap":{"0":{"loc":{"start":{"line":41,"column":0},"end":{"line":41,"column":null}},"type":"cond-expr","locations":[{"start":{"line":41,"column":0},"end":{"line":41,"column":null}},{"start":{"line":41,"column":0},"end":{"line":41,"column":null}}]}},"s":{"0":0,"1":0,"2":0,"3":0},"f":{"0":0},"b":{"0":[0,0]}}
,"/Users/yoshito-t/Desktop/spa-portfolio-app/frontend/components/reviews/BookReviews.vue": {"path":"/Users/yoshito-t/Desktop/spa-portfolio-app/frontend/components/reviews/BookReviews.vue","statementMap":{"0":{"start":{"line":86,"column":0},"end":{"line":108,"column":null}},"1":{"start":{"line":108,"column":0},"end":{"line":108,"column":null}}},"fnMap":{},"branchMap":{},"s":{"0":0,"1":0},"f":{},"b":{}}
,"/Users/yoshito-t/Desktop/spa-portfolio-app/frontend/components/reviews/EachReviews.vue": {"path":"/Users/yoshito-t/Desktop/spa-portfolio-app/frontend/components/reviews/EachReviews.vue","statementMap":{"0":{"start":{"line":108,"column":0},"end":{"line":130,"column":null}},"1":{"start":{"line":130,"column":0},"end":{"line":130,"column":null}}},"fnMap":{},"branchMap":{},"s":{"0":0,"1":0},"f":{},"b":{}}
,"/Users/yoshito-t/Desktop/spa-portfolio-app/frontend/components/reviews/EditReview.vue": {"path":"/Users/yoshito-t/Desktop/spa-portfolio-app/frontend/components/reviews/EditReview.vue","statementMap":{"0":{"start":{"line":31,"column":0},"end":{"line":31,"column":null}},"1":{"start":{"line":32,"column":0},"end":{"line":32,"column":null}},"2":{"start":{"line":29,"column":0},"end":{"line":66,"column":null}},"3":{"start":{"line":66,"column":0},"end":{"line":66,"column":null}}},"fnMap":{"0":{"name":"_interopRequireDefault","decl":{"start":{"line":32,"column":0},"end":{"line":32,"column":null}},"loc":{"start":{"line":32,"column":0},"end":{"line":32,"column":null}}}},"branchMap":{"0":{"loc":{"start":{"line":32,"column":0},"end":{"line":32,"column":null}},"type":"cond-expr","locations":[{"start":{"line":32,"column":0},"end":{"line":32,"column":null}},{"start":{"line":32,"column":0},"end":{"line":32,"column":null}}]}},"s":{"0":0,"1":0,"2":0,"3":0},"f":{"0":0},"b":{"0":[0,0]}}
,"/Users/yoshito-t/Desktop/spa-portfolio-app/frontend/components/reviews/ReviewForm.vue": {"path":"/Users/yoshito-t/Desktop/spa-portfolio-app/frontend/components/reviews/ReviewForm.vue","statementMap":{"0":{"start":{"line":25,"column":0},"end":{"line":25,"column":null}},"1":{"start":{"line":26,"column":0},"end":{"line":26,"column":null}},"2":{"start":{"line":23,"column":0},"end":{"line":55,"column":null}},"3":{"start":{"line":55,"column":0},"end":{"line":55,"column":null}}},"fnMap":{"0":{"name":"_interopRequireDefault","decl":{"start":{"line":26,"column":0},"end":{"line":26,"column":null}},"loc":{"start":{"line":26,"column":0},"end":{"line":26,"column":null}}}},"branchMap":{"0":{"loc":{"start":{"line":26,"column":0},"end":{"line":26,"column":null}},"type":"cond-expr","locations":[{"start":{"line":26,"column":0},"end":{"line":26,"column":null}},{"start":{"line":26,"column":0},"end":{"line":26,"column":null}}]}},"s":{"0":0,"1":0,"2":0,"3":0},"f":{"0":0},"b":{"0":[0,0]}}
,"/Users/yoshito-t/Desktop/spa-portfolio-app/frontend/components/subjectQuestionReplies/EachSubjectQuestionReplies.vue": {"path":"/Users/yoshito-t/Desktop/spa-portfolio-app/frontend/components/subjectQuestionReplies/EachSubjectQuestionReplies.vue","statementMap":{"0":{"start":{"line":71,"column":0},"end":{"line":77,"column":null}},"1":{"start":{"line":77,"column":0},"end":{"line":77,"column":null}}},"fnMap":{},"branchMap":{},"s":{"0":0,"1":0},"f":{},"b":{}}
,"/Users/yoshito-t/Desktop/spa-portfolio-app/frontend/components/subjectQuestionReplies/SubjectQuestionSubjectQuestionReplies.vue": {"path":"/Users/yoshito-t/Desktop/spa-portfolio-app/frontend/components/subjectQuestionReplies/SubjectQuestionSubjectQuestionReplies.vue","statementMap":{"0":{"start":{"line":144,"column":0},"end":{"line":150,"column":null}},"1":{"start":{"line":150,"column":0},"end":{"line":150,"column":null}}},"fnMap":{},"branchMap":{},"s":{"0":0,"1":0},"f":{},"b":{}}
,"/Users/yoshito-t/Desktop/spa-portfolio-app/frontend/components/subjectQuestions/EachSubjectQuestions.vue": {"path":"/Users/yoshito-t/Desktop/spa-portfolio-app/frontend/components/subjectQuestions/EachSubjectQuestions.vue","statementMap":{"0":{"start":{"line":79,"column":0},"end":{"line":104,"column":null}},"1":{"start":{"line":104,"column":0},"end":{"line":104,"column":null}}},"fnMap":{},"branchMap":{},"s":{"0":0,"1":0},"f":{},"b":{}}
,"/Users/yoshito-t/Desktop/spa-portfolio-app/frontend/components/subjectQuestions/EditSubjectQuestion.vue": {"path":"/Users/yoshito-t/Desktop/spa-portfolio-app/frontend/components/subjectQuestions/EditSubjectQuestion.vue","statementMap":{"0":{"start":{"line":71,"column":0},"end":{"line":71,"column":null}},"1":{"start":{"line":72,"column":0},"end":{"line":72,"column":null}},"2":{"start":{"line":69,"column":0},"end":{"line":147,"column":null}},"3":{"start":{"line":147,"column":0},"end":{"line":147,"column":null}}},"fnMap":{"0":{"name":"_interopRequireDefault","decl":{"start":{"line":72,"column":0},"end":{"line":72,"column":null}},"loc":{"start":{"line":72,"column":0},"end":{"line":72,"column":null}}}},"branchMap":{"0":{"loc":{"start":{"line":72,"column":0},"end":{"line":72,"column":null}},"type":"cond-expr","locations":[{"start":{"line":72,"column":0},"end":{"line":72,"column":null}},{"start":{"line":72,"column":0},"end":{"line":72,"column":null}}]}},"s":{"0":0,"1":0,"2":0,"3":0},"f":{"0":0},"b":{"0":[0,0]}}
,"/Users/yoshito-t/Desktop/spa-portfolio-app/frontend/components/subjectQuestions/SubjectQuestionForm.vue": {"path":"/Users/yoshito-t/Desktop/spa-portfolio-app/frontend/components/subjectQuestions/SubjectQuestionForm.vue","statementMap":{"0":{"start":{"line":70,"column":0},"end":{"line":70,"column":null}},"1":{"start":{"line":71,"column":0},"end":{"line":71,"column":null}},"2":{"start":{"line":68,"column":0},"end":{"line":141,"column":null}},"3":{"start":{"line":141,"column":0},"end":{"line":141,"column":null}}},"fnMap":{"0":{"name":"_interopRequireDefault","decl":{"start":{"line":71,"column":0},"end":{"line":71,"column":null}},"loc":{"start":{"line":71,"column":0},"end":{"line":71,"column":null}}}},"branchMap":{"0":{"loc":{"start":{"line":71,"column":0},"end":{"line":71,"column":null}},"type":"cond-expr","locations":[{"start":{"line":71,"column":0},"end":{"line":71,"column":null}},{"start":{"line":71,"column":0},"end":{"line":71,"column":null}}]}},"s":{"0":0,"1":0,"2":0,"3":0},"f":{"0":0},"b":{"0":[0,0]}}
,"/Users/yoshito-t/Desktop/spa-portfolio-app/frontend/components/surveys/EachSurveys.vue": {"path":"/Users/yoshito-t/Desktop/spa-portfolio-app/frontend/components/surveys/EachSurveys.vue","statementMap":{"0":{"start":{"line":75,"column":0},"end":{"line":98,"column":null}},"1":{"start":{"line":98,"column":0},"end":{"line":98,"column":null}}},"fnMap":{},"branchMap":{},"s":{"0":0,"1":0},"f":{},"b":{}}
,"/Users/yoshito-t/Desktop/spa-portfolio-app/frontend/components/surveys/SurveyForm.vue": {"path":"/Users/yoshito-t/Desktop/spa-portfolio-app/frontend/components/surveys/SurveyForm.vue","statementMap":{"0":{"start":{"line":99,"column":0},"end":{"line":99,"column":null}},"1":{"start":{"line":100,"column":0},"end":{"line":100,"column":null}},"2":{"start":{"line":97,"column":0},"end":{"line":170,"column":null}},"3":{"start":{"line":170,"column":0},"end":{"line":170,"column":null}}},"fnMap":{"0":{"name":"_interopRequireDefault","decl":{"start":{"line":100,"column":0},"end":{"line":100,"column":null}},"loc":{"start":{"line":100,"column":0},"end":{"line":100,"column":null}}}},"branchMap":{"0":{"loc":{"start":{"line":100,"column":0},"end":{"line":100,"column":null}},"type":"cond-expr","locations":[{"start":{"line":100,"column":0},"end":{"line":100,"column":null}},{"start":{"line":100,"column":0},"end":{"line":100,"column":null}}]}},"s":{"0":0,"1":0,"2":0,"3":0},"f":{"0":0},"b":{"0":[0,0]}}
,"/Users/yoshito-t/Desktop/spa-portfolio-app/frontend/components/surveys/SurveyResultLinears.vue": {"path":"/Users/yoshito-t/Desktop/spa-portfolio-app/frontend/components/surveys/SurveyResultLinears.vue","statementMap":{"0":{"start":{"line":42,"column":0},"end":{"line":73,"column":null}},"1":{"start":{"line":73,"column":0},"end":{"line":73,"column":null}}},"fnMap":{},"branchMap":{},"s":{"0":0,"1":0},"f":{},"b":{}}
,"/Users/yoshito-t/Desktop/spa-portfolio-app/frontend/components/users/EditUser.vue": {"path":"/Users/yoshito-t/Desktop/spa-portfolio-app/frontend/components/users/EditUser.vue","statementMap":{"0":{"start":{"line":65,"column":0},"end":{"line":65,"column":null}},"1":{"start":{"line":66,"column":0},"end":{"line":66,"column":null}},"2":{"start":{"line":63,"column":0},"end":{"line":133,"column":null}},"3":{"start":{"line":133,"column":0},"end":{"line":133,"column":null}}},"fnMap":{"0":{"name":"_interopRequireDefault","decl":{"start":{"line":66,"column":0},"end":{"line":66,"column":null}},"loc":{"start":{"line":66,"column":0},"end":{"line":66,"column":null}}}},"branchMap":{"0":{"loc":{"start":{"line":66,"column":0},"end":{"line":66,"column":null}},"type":"cond-expr","locations":[{"start":{"line":66,"column":0},"end":{"line":66,"column":null}},{"start":{"line":66,"column":0},"end":{"line":66,"column":null}}]}},"s":{"0":0,"1":0,"2":0,"3":0},"f":{"0":0},"b":{"0":[0,0]}}
,"/Users/yoshito-t/Desktop/spa-portfolio-app/frontend/pages/favorites.vue": {"path":"/Users/yoshito-t/Desktop/spa-portfolio-app/frontend/pages/favorites.vue","statementMap":{"0":{"start":{"line":52,"column":0},"end":{"line":52,"column":null}},"1":{"start":{"line":53,"column":0},"end":{"line":53,"column":null}},"2":{"start":{"line":54,"column":0},"end":{"line":54,"column":null}},"3":{"start":{"line":55,"column":0},"end":{"line":55,"column":null}},"4":{"start":{"line":56,"column":0},"end":{"line":56,"column":null}},"5":{"start":{"line":57,"column":0},"end":{"line":57,"column":null}},"6":{"start":{"line":58,"column":0},"end":{"line":58,"column":null}},"7":{"start":{"line":59,"column":0},"end":{"line":59,"column":null}},"8":{"start":{"line":60,"column":0},"end":{"line":60,"column":null}},"9":{"start":{"line":49,"column":0},"end":{"line":103,"column":null}},"10":{"start":{"line":103,"column":0},"end":{"line":103,"column":null}}},"fnMap":{"0":{"name":"_interopRequireDefault","decl":{"start":{"line":60,"column":0},"end":{"line":60,"column":null}},"loc":{"start":{"line":60,"column":0},"end":{"line":60,"column":null}}}},"branchMap":{"0":{"loc":{"start":{"line":60,"column":0},"end":{"line":60,"column":null}},"type":"cond-expr","locations":[{"start":{"line":60,"column":0},"end":{"line":60,"column":null}},{"start":{"line":60,"column":0},"end":{"line":60,"column":null}}]}},"s":{"0":0,"1":0,"2":0,"3":0,"4":0,"5":0,"6":0,"7":0,"8":0,"9":0,"10":0},"f":{"0":0},"b":{"0":[0,0]}}
,"/Users/yoshito-t/Desktop/spa-portfolio-app/frontend/pages/index.vue": {"path":"/Users/yoshito-t/Desktop/spa-portfolio-app/frontend/pages/index.vue","statementMap":{"0":{"start":{"line":158,"column":0},"end":{"line":158,"column":null}},"1":{"start":{"line":160,"column":0},"end":{"line":160,"column":null}},"2":{"start":{"line":156,"column":0},"end":{"line":259,"column":null}},"3":{"start":{"line":259,"column":0},"end":{"line":259,"column":null}}},"fnMap":{"0":{"name":"_interopRequireDefault","decl":{"start":{"line":160,"column":0},"end":{"line":160,"column":null}},"loc":{"start":{"line":160,"column":0},"end":{"line":160,"column":null}}}},"branchMap":{"0":{"loc":{"start":{"line":160,"column":0},"end":{"line":160,"column":null}},"type":"cond-expr","locations":[{"start":{"line":160,"column":0},"end":{"line":160,"column":null}},{"start":{"line":160,"column":0},"end":{"line":160,"column":null}}]}},"s":{"0":0,"1":0,"2":0,"3":0},"f":{"0":0},"b":{"0":[0,0]}}
,"/Users/yoshito-t/Desktop/spa-portfolio-app/frontend/pages/myPage.vue": {"path":"/Users/yoshito-t/Desktop/spa-portfolio-app/frontend/pages/myPage.vue","statementMap":{"0":{"start":{"line":220,"column":0},"end":{"line":220,"column":null}},"1":{"start":{"line":221,"column":0},"end":{"line":221,"column":null}},"2":{"start":{"line":222,"column":0},"end":{"line":222,"column":null}},"3":{"start":{"line":223,"column":0},"end":{"line":223,"column":null}},"4":{"start":{"line":224,"column":0},"end":{"line":224,"column":null}},"5":{"start":{"line":225,"column":0},"end":{"line":225,"column":null}},"6":{"start":{"line":226,"column":0},"end":{"line":226,"column":null}},"7":{"start":{"line":227,"column":0},"end":{"line":227,"column":null}},"8":{"start":{"line":228,"column":0},"end":{"line":228,"column":null}},"9":{"start":{"line":229,"column":0},"end":{"line":229,"column":null}},"10":{"start":{"line":218,"column":0},"end":{"line":403,"column":null}},"11":{"start":{"line":403,"column":0},"end":{"line":403,"column":null}}},"fnMap":{"0":{"name":"_interopRequireDefault","decl":{"start":{"line":229,"column":0},"end":{"line":229,"column":null}},"loc":{"start":{"line":229,"column":0},"end":{"line":229,"column":null}}}},"branchMap":{"0":{"loc":{"start":{"line":229,"column":0},"end":{"line":229,"column":null}},"type":"cond-expr","locations":[{"start":{"line":229,"column":0},"end":{"line":229,"column":null}},{"start":{"line":229,"column":0},"end":{"line":229,"column":null}}]}},"s":{"0":0,"1":0,"2":0,"3":0,"4":0,"5":0,"6":0,"7":0,"8":0,"9":0,"10":0,"11":0},"f":{"0":0},"b":{"0":[0,0]}}
,"/Users/yoshito-t/Desktop/spa-portfolio-app/frontend/pages/auth/login.vue": {"path":"/Users/yoshito-t/Desktop/spa-portfolio-app/frontend/pages/auth/login.vue","statementMap":{"0":{"start":{"line":32,"column":0},"end":{"line":32,"column":null}},"1":{"start":{"line":33,"column":0},"end":{"line":33,"column":null}},"2":{"start":{"line":34,"column":0},"end":{"line":34,"column":null}},"3":{"start":{"line":29,"column":0},"end":{"line":129,"column":null}},"4":{"start":{"line":129,"column":0},"end":{"line":129,"column":null}}},"fnMap":{"0":{"name":"_interopRequireDefault","decl":{"start":{"line":34,"column":0},"end":{"line":34,"column":null}},"loc":{"start":{"line":34,"column":0},"end":{"line":34,"column":null}}}},"branchMap":{"0":{"loc":{"start":{"line":34,"column":0},"end":{"line":34,"column":null}},"type":"cond-expr","locations":[{"start":{"line":34,"column":0},"end":{"line":34,"column":null}},{"start":{"line":34,"column":0},"end":{"line":34,"column":null}}]}},"s":{"0":0,"1":0,"2":0,"3":0,"4":0},"f":{"0":0},"b":{"0":[0,0]}}
,"/Users/yoshito-t/Desktop/spa-portfolio-app/frontend/pages/auth/signUp.vue": {"path":"/Users/yoshito-t/Desktop/spa-portfolio-app/frontend/pages/auth/signUp.vue","statementMap":{"0":{"start":{"line":31,"column":0},"end":{"line":31,"column":null}},"1":{"start":{"line":32,"column":0},"end":{"line":32,"column":null}},"2":{"start":{"line":33,"column":0},"end":{"line":33,"column":null}},"3":{"start":{"line":28,"column":0},"end":{"line":93,"column":null}},"4":{"start":{"line":93,"column":0},"end":{"line":93,"column":null}}},"fnMap":{"0":{"name":"_interopRequireDefault","decl":{"start":{"line":33,"column":0},"end":{"line":33,"column":null}},"loc":{"start":{"line":33,"column":0},"end":{"line":33,"column":null}}}},"branchMap":{"0":{"loc":{"start":{"line":33,"column":0},"end":{"line":33,"column":null}},"type":"cond-expr","locations":[{"start":{"line":33,"column":0},"end":{"line":33,"column":null}},{"start":{"line":33,"column":0},"end":{"line":33,"column":null}}]}},"s":{"0":0,"1":0,"2":0,"3":0,"4":0},"f":{"0":0},"b":{"0":[0,0]}}
,"/Users/yoshito-t/Desktop/spa-portfolio-app/frontend/pages/books/_id.vue": {"path":"/Users/yoshito-t/Desktop/spa-portfolio-app/frontend/pages/books/_id.vue","statementMap":{"0":{"start":{"line":224,"column":0},"end":{"line":224,"column":null}},"1":{"start":{"line":225,"column":0},"end":{"line":225,"column":null}},"2":{"start":{"line":226,"column":0},"end":{"line":226,"column":null}},"3":{"start":{"line":227,"column":0},"end":{"line":227,"column":null}},"4":{"start":{"line":228,"column":0},"end":{"line":228,"column":null}},"5":{"start":{"line":229,"column":0},"end":{"line":229,"column":null}},"6":{"start":{"line":230,"column":0},"end":{"line":230,"column":null}},"7":{"start":{"line":232,"column":0},"end":{"line":232,"column":null}},"8":{"start":{"line":221,"column":0},"end":{"line":518,"column":null}},"9":{"start":{"line":518,"column":0},"end":{"line":518,"column":null}}},"fnMap":{"0":{"name":"_interopRequireDefault","decl":{"start":{"line":232,"column":0},"end":{"line":232,"column":null}},"loc":{"start":{"line":232,"column":0},"end":{"line":232,"column":null}}}},"branchMap":{"0":{"loc":{"start":{"line":232,"column":0},"end":{"line":232,"column":null}},"type":"cond-expr","locations":[{"start":{"line":232,"column":0},"end":{"line":232,"column":null}},{"start":{"line":232,"column":0},"end":{"line":232,"column":null}}]}},"s":{"0":0,"1":0,"2":0,"3":0,"4":0,"5":0,"6":0,"7":0,"8":0,"9":0},"f":{"0":0},"b":{"0":[0,0]}}
,"/Users/yoshito-t/Desktop/spa-portfolio-app/frontend/pages/books/allBooks.vue": {"path":"/Users/yoshito-t/Desktop/spa-portfolio-app/frontend/pages/books/allBooks.vue","statementMap":{"0":{"start":{"line":124,"column":0},"end":{"line":124,"column":null}},"1":{"start":{"line":125,"column":0},"end":{"line":125,"column":null}},"2":{"start":{"line":126,"column":0},"end":{"line":126,"column":null}},"3":{"start":{"line":121,"column":0},"end":{"line":267,"column":null}},"4":{"start":{"line":267,"column":0},"end":{"line":267,"column":null}}},"fnMap":{"0":{"name":"_interopRequireDefault","decl":{"start":{"line":126,"column":0},"end":{"line":126,"column":null}},"loc":{"start":{"line":126,"column":0},"end":{"line":126,"column":null}}}},"branchMap":{"0":{"loc":{"start":{"line":126,"column":0},"end":{"line":126,"column":null}},"type":"cond-expr","locations":[{"start":{"line":126,"column":0},"end":{"line":126,"column":null}},{"start":{"line":126,"column":0},"end":{"line":126,"column":null}}]}},"s":{"0":0,"1":0,"2":0,"3":0,"4":0},"f":{"0":0},"b":{"0":[0,0]}}
,"/Users/yoshito-t/Desktop/spa-portfolio-app/frontend/pages/books/googleApiSearchBooks.vue": {"path":"/Users/yoshito-t/Desktop/spa-portfolio-app/frontend/pages/books/googleApiSearchBooks.vue","statementMap":{"0":{"start":{"line":221,"column":0},"end":{"line":221,"column":null}},"1":{"start":{"line":218,"column":0},"end":{"line":373,"column":null}},"2":{"start":{"line":373,"column":0},"end":{"line":373,"column":null}}},"fnMap":{"0":{"name":"_interopRequireDefault","decl":{"start":{"line":221,"column":0},"end":{"line":221,"column":null}},"loc":{"start":{"line":221,"column":0},"end":{"line":221,"column":null}}}},"branchMap":{"0":{"loc":{"start":{"line":221,"column":0},"end":{"line":221,"column":null}},"type":"cond-expr","locations":[{"start":{"line":221,"column":0},"end":{"line":221,"column":null}},{"start":{"line":221,"column":0},"end":{"line":221,"column":null}}]}},"s":{"0":0,"1":0,"2":0},"f":{"0":0},"b":{"0":[0,0]}}
,"/Users/yoshito-t/Desktop/spa-portfolio-app/frontend/pages/books/localSearchBooksResult.vue": {"path":"/Users/yoshito-t/Desktop/spa-portfolio-app/frontend/pages/books/localSearchBooksResult.vue","statementMap":{"0":{"start":{"line":52,"column":0},"end":{"line":52,"column":null}},"1":{"start":{"line":53,"column":0},"end":{"line":53,"column":null}},"2":{"start":{"line":49,"column":0},"end":{"line":131,"column":null}},"3":{"start":{"line":131,"column":0},"end":{"line":131,"column":null}}},"fnMap":{"0":{"name":"_interopRequireDefault","decl":{"start":{"line":53,"column":0},"end":{"line":53,"column":null}},"loc":{"start":{"line":53,"column":0},"end":{"line":53,"column":null}}}},"branchMap":{"0":{"loc":{"start":{"line":53,"column":0},"end":{"line":53,"column":null}},"type":"cond-expr","locations":[{"start":{"line":53,"column":0},"end":{"line":53,"column":null}},{"start":{"line":53,"column":0},"end":{"line":53,"column":null}}]}},"s":{"0":0,"1":0,"2":0,"3":0},"f":{"0":0},"b":{"0":[0,0]}}
,"/Users/yoshito-t/Desktop/spa-portfolio-app/frontend/pages/books/_book_id/questions/_id.vue": {"path":"/Users/yoshito-t/Desktop/spa-portfolio-app/frontend/pages/books/_book_id/questions/_id.vue","statementMap":{"0":{"start":{"line":250,"column":0},"end":{"line":250,"column":null}},"1":{"start":{"line":251,"column":0},"end":{"line":251,"column":null}},"2":{"start":{"line":252,"column":0},"end":{"line":252,"column":null}},"3":{"start":{"line":253,"column":0},"end":{"line":253,"column":null}},"4":{"start":{"line":254,"column":0},"end":{"line":254,"column":null}},"5":{"start":{"line":255,"column":0},"end":{"line":255,"column":null}},"6":{"start":{"line":256,"column":0},"end":{"line":256,"column":null}},"7":{"start":{"line":257,"column":0},"end":{"line":257,"column":null}},"8":{"start":{"line":247,"column":0},"end":{"line":507,"column":null}},"9":{"start":{"line":507,"column":0},"end":{"line":507,"column":null}}},"fnMap":{"0":{"name":"_interopRequireDefault","decl":{"start":{"line":257,"column":0},"end":{"line":257,"column":null}},"loc":{"start":{"line":257,"column":0},"end":{"line":257,"column":null}}}},"branchMap":{"0":{"loc":{"start":{"line":257,"column":0},"end":{"line":257,"column":null}},"type":"cond-expr","locations":[{"start":{"line":257,"column":0},"end":{"line":257,"column":null}},{"start":{"line":257,"column":0},"end":{"line":257,"column":null}}]}},"s":{"0":0,"1":0,"2":0,"3":0,"4":0,"5":0,"6":0,"7":0,"8":0,"9":0},"f":{"0":0},"b":{"0":[0,0]}}
,"/Users/yoshito-t/Desktop/spa-portfolio-app/frontend/pages/books/_book_id/questions/_question_id/replies/_id.vue": {"path":"/Users/yoshito-t/Desktop/spa-portfolio-app/frontend/pages/books/_book_id/questions/_question_id/replies/_id.vue","statementMap":{"0":{"start":{"line":254,"column":0},"end":{"line":254,"column":null}},"1":{"start":{"line":255,"column":0},"end":{"line":255,"column":null}},"2":{"start":{"line":256,"column":0},"end":{"line":256,"column":null}},"3":{"start":{"line":257,"column":0},"end":{"line":257,"column":null}},"4":{"start":{"line":251,"column":0},"end":{"line":467,"column":null}},"5":{"start":{"line":467,"column":0},"end":{"line":467,"column":null}}},"fnMap":{"0":{"name":"_interopRequireDefault","decl":{"start":{"line":257,"column":0},"end":{"line":257,"column":null}},"loc":{"start":{"line":257,"column":0},"end":{"line":257,"column":null}}}},"branchMap":{"0":{"loc":{"start":{"line":257,"column":0},"end":{"line":257,"column":null}},"type":"cond-expr","locations":[{"start":{"line":257,"column":0},"end":{"line":257,"column":null}},{"start":{"line":257,"column":0},"end":{"line":257,"column":null}}]}},"s":{"0":0,"1":0,"2":0,"3":0,"4":0,"5":0},"f":{"0":0},"b":{"0":[0,0]}}
,"/Users/yoshito-t/Desktop/spa-portfolio-app/frontend/pages/books/_book_id/reviews/_id.vue": {"path":"/Users/yoshito-t/Desktop/spa-portfolio-app/frontend/pages/books/_book_id/reviews/_id.vue","statementMap":{"0":{"start":{"line":150,"column":0},"end":{"line":150,"column":null}},"1":{"start":{"line":151,"column":0},"end":{"line":151,"column":null}},"2":{"start":{"line":152,"column":0},"end":{"line":152,"column":null}},"3":{"start":{"line":153,"column":0},"end":{"line":153,"column":null}},"4":{"start":{"line":154,"column":0},"end":{"line":154,"column":null}},"5":{"start":{"line":155,"column":0},"end":{"line":155,"column":null}},"6":{"start":{"line":147,"column":0},"end":{"line":370,"column":null}},"7":{"start":{"line":370,"column":0},"end":{"line":370,"column":null}}},"fnMap":{"0":{"name":"_interopRequireDefault","decl":{"start":{"line":155,"column":0},"end":{"line":155,"column":null}},"loc":{"start":{"line":155,"column":0},"end":{"line":155,"column":null}}}},"branchMap":{"0":{"loc":{"start":{"line":155,"column":0},"end":{"line":155,"column":null}},"type":"cond-expr","locations":[{"start":{"line":155,"column":0},"end":{"line":155,"column":null}},{"start":{"line":155,"column":0},"end":{"line":155,"column":null}}]}},"s":{"0":0,"1":0,"2":0,"3":0,"4":0,"5":0,"6":0,"7":0},"f":{"0":0},"b":{"0":[0,0]}}
,"/Users/yoshito-t/Desktop/spa-portfolio-app/frontend/pages/browsingHistories/allBrowsingHistories.vue": {"path":"/Users/yoshito-t/Desktop/spa-portfolio-app/frontend/pages/browsingHistories/allBrowsingHistories.vue","statementMap":{"0":{"start":{"line":52,"column":0},"end":{"line":52,"column":null}},"1":{"start":{"line":53,"column":0},"end":{"line":53,"column":null}},"2":{"start":{"line":54,"column":0},"end":{"line":54,"column":null}},"3":{"start":{"line":55,"column":0},"end":{"line":55,"column":null}},"4":{"start":{"line":56,"column":0},"end":{"line":56,"column":null}},"5":{"start":{"line":57,"column":0},"end":{"line":57,"column":null}},"6":{"start":{"line":58,"column":0},"end":{"line":58,"column":null}},"7":{"start":{"line":59,"column":0},"end":{"line":59,"column":null}},"8":{"start":{"line":60,"column":0},"end":{"line":60,"column":null}},"9":{"start":{"line":49,"column":0},"end":{"line":102,"column":null}},"10":{"start":{"line":102,"column":0},"end":{"line":102,"column":null}}},"fnMap":{"0":{"name":"_interopRequireDefault","decl":{"start":{"line":60,"column":0},"end":{"line":60,"column":null}},"loc":{"start":{"line":60,"column":0},"end":{"line":60,"column":null}}}},"branchMap":{"0":{"loc":{"start":{"line":60,"column":0},"end":{"line":60,"column":null}},"type":"cond-expr","locations":[{"start":{"line":60,"column":0},"end":{"line":60,"column":null}},{"start":{"line":60,"column":0},"end":{"line":60,"column":null}}]}},"s":{"0":0,"1":0,"2":0,"3":0,"4":0,"5":0,"6":0,"7":0,"8":0,"9":0,"10":0},"f":{"0":0},"b":{"0":[0,0]}}
,"/Users/yoshito-t/Desktop/spa-portfolio-app/frontend/pages/errors/errorPage.vue": {"path":"/Users/yoshito-t/Desktop/spa-portfolio-app/frontend/pages/errors/errorPage.vue","statementMap":{"0":{"start":{"line":8,"column":0},"end":{"line":16,"column":null}},"1":{"start":{"line":16,"column":0},"end":{"line":16,"column":null}}},"fnMap":{},"branchMap":{},"s":{"0":0,"1":0},"f":{},"b":{}}
,"/Users/yoshito-t/Desktop/spa-portfolio-app/frontend/pages/notifications/allNotifications.vue": {"path":"/Users/yoshito-t/Desktop/spa-portfolio-app/frontend/pages/notifications/allNotifications.vue","statementMap":{"0":{"start":{"line":132,"column":0},"end":{"line":132,"column":null}},"1":{"start":{"line":133,"column":0},"end":{"line":133,"column":null}},"2":{"start":{"line":134,"column":0},"end":{"line":134,"column":null}},"3":{"start":{"line":135,"column":0},"end":{"line":135,"column":null}},"4":{"start":{"line":136,"column":0},"end":{"line":136,"column":null}},"5":{"start":{"line":129,"column":0},"end":{"line":200,"column":null}},"6":{"start":{"line":200,"column":0},"end":{"line":200,"column":null}}},"fnMap":{"0":{"name":"_interopRequireDefault","decl":{"start":{"line":136,"column":0},"end":{"line":136,"column":null}},"loc":{"start":{"line":136,"column":0},"end":{"line":136,"column":null}}}},"branchMap":{"0":{"loc":{"start":{"line":136,"column":0},"end":{"line":136,"column":null}},"type":"cond-expr","locations":[{"start":{"line":136,"column":0},"end":{"line":136,"column":null}},{"start":{"line":136,"column":0},"end":{"line":136,"column":null}}]}},"s":{"0":0,"1":0,"2":0,"3":0,"4":0,"5":0,"6":0},"f":{"0":0},"b":{"0":[0,0]}}
,"/Users/yoshito-t/Desktop/spa-portfolio-app/frontend/pages/questions/questions.vue": {"path":"/Users/yoshito-t/Desktop/spa-portfolio-app/frontend/pages/questions/questions.vue","statementMap":{"0":{"start":{"line":106,"column":0},"end":{"line":106,"column":null}},"1":{"start":{"line":107,"column":0},"end":{"line":107,"column":null}},"2":{"start":{"line":103,"column":0},"end":{"line":198,"column":null}},"3":{"start":{"line":198,"column":0},"end":{"line":198,"column":null}}},"fnMap":{"0":{"name":"_interopRequireDefault","decl":{"start":{"line":107,"column":0},"end":{"line":107,"column":null}},"loc":{"start":{"line":107,"column":0},"end":{"line":107,"column":null}}}},"branchMap":{"0":{"loc":{"start":{"line":107,"column":0},"end":{"line":107,"column":null}},"type":"cond-expr","locations":[{"start":{"line":107,"column":0},"end":{"line":107,"column":null}},{"start":{"line":107,"column":0},"end":{"line":107,"column":null}}]}},"s":{"0":0,"1":0,"2":0,"3":0},"f":{"0":0},"b":{"0":[0,0]}}
,"/Users/yoshito-t/Desktop/spa-portfolio-app/frontend/pages/questions/searchQuestionsResult.vue": {"path":"/Users/yoshito-t/Desktop/spa-portfolio-app/frontend/pages/questions/searchQuestionsResult.vue","statementMap":{"0":{"start":{"line":28,"column":0},"end":{"line":28,"column":null}},"1":{"start":{"line":29,"column":0},"end":{"line":29,"column":null}},"2":{"start":{"line":25,"column":0},"end":{"line":104,"column":null}},"3":{"start":{"line":104,"column":0},"end":{"line":104,"column":null}}},"fnMap":{"0":{"name":"_interopRequireDefault","decl":{"start":{"line":29,"column":0},"end":{"line":29,"column":null}},"loc":{"start":{"line":29,"column":0},"end":{"line":29,"column":null}}}},"branchMap":{"0":{"loc":{"start":{"line":29,"column":0},"end":{"line":29,"column":null}},"type":"cond-expr","locations":[{"start":{"line":29,"column":0},"end":{"line":29,"column":null}},{"start":{"line":29,"column":0},"end":{"line":29,"column":null}}]}},"s":{"0":0,"1":0,"2":0,"3":0},"f":{"0":0},"b":{"0":[0,0]}}
,"/Users/yoshito-t/Desktop/spa-portfolio-app/frontend/pages/subjectQuestions/_id.vue": {"path":"/Users/yoshito-t/Desktop/spa-portfolio-app/frontend/pages/subjectQuestions/_id.vue","statementMap":{"0":{"start":{"line":247,"column":0},"end":{"line":247,"column":null}},"1":{"start":{"line":248,"column":0},"end":{"line":248,"column":null}},"2":{"start":{"line":249,"column":0},"end":{"line":249,"column":null}},"3":{"start":{"line":250,"column":0},"end":{"line":250,"column":null}},"4":{"start":{"line":251,"column":0},"end":{"line":251,"column":null}},"5":{"start":{"line":252,"column":0},"end":{"line":252,"column":null}},"6":{"start":{"line":253,"column":0},"end":{"line":253,"column":null}},"7":{"start":{"line":244,"column":0},"end":{"line":504,"column":null}},"8":{"start":{"line":504,"column":0},"end":{"line":504,"column":null}}},"fnMap":{"0":{"name":"_interopRequireDefault","decl":{"start":{"line":253,"column":0},"end":{"line":253,"column":null}},"loc":{"start":{"line":253,"column":0},"end":{"line":253,"column":null}}}},"branchMap":{"0":{"loc":{"start":{"line":253,"column":0},"end":{"line":253,"column":null}},"type":"cond-expr","locations":[{"start":{"line":253,"column":0},"end":{"line":253,"column":null}},{"start":{"line":253,"column":0},"end":{"line":253,"column":null}}]}},"s":{"0":0,"1":0,"2":0,"3":0,"4":0,"5":0,"6":0,"7":0,"8":0},"f":{"0":0},"b":{"0":[0,0]}}
,"/Users/yoshito-t/Desktop/spa-portfolio-app/frontend/pages/subjectQuestions/searchSubjectQuestionsResult.vue": {"path":"/Users/yoshito-t/Desktop/spa-portfolio-app/frontend/pages/subjectQuestions/searchSubjectQuestionsResult.vue","statementMap":{"0":{"start":{"line":28,"column":0},"end":{"line":28,"column":null}},"1":{"start":{"line":29,"column":0},"end":{"line":29,"column":null}},"2":{"start":{"line":25,"column":0},"end":{"line":104,"column":null}},"3":{"start":{"line":104,"column":0},"end":{"line":104,"column":null}}},"fnMap":{"0":{"name":"_interopRequireDefault","decl":{"start":{"line":29,"column":0},"end":{"line":29,"column":null}},"loc":{"start":{"line":29,"column":0},"end":{"line":29,"column":null}}}},"branchMap":{"0":{"loc":{"start":{"line":29,"column":0},"end":{"line":29,"column":null}},"type":"cond-expr","locations":[{"start":{"line":29,"column":0},"end":{"line":29,"column":null}},{"start":{"line":29,"column":0},"end":{"line":29,"column":null}}]}},"s":{"0":0,"1":0,"2":0,"3":0},"f":{"0":0},"b":{"0":[0,0]}}
,"/Users/yoshito-t/Desktop/spa-portfolio-app/frontend/pages/subjectQuestions/subjectQuestions.vue": {"path":"/Users/yoshito-t/Desktop/spa-portfolio-app/frontend/pages/subjectQuestions/subjectQuestions.vue","statementMap":{"0":{"start":{"line":118,"column":0},"end":{"line":118,"column":null}},"1":{"start":{"line":119,"column":0},"end":{"line":119,"column":null}},"2":{"start":{"line":120,"column":0},"end":{"line":120,"column":null}},"3":{"start":{"line":115,"column":0},"end":{"line":246,"column":null}},"4":{"start":{"line":246,"column":0},"end":{"line":246,"column":null}}},"fnMap":{"0":{"name":"_interopRequireDefault","decl":{"start":{"line":120,"column":0},"end":{"line":120,"column":null}},"loc":{"start":{"line":120,"column":0},"end":{"line":120,"column":null}}}},"branchMap":{"0":{"loc":{"start":{"line":120,"column":0},"end":{"line":120,"column":null}},"type":"cond-expr","locations":[{"start":{"line":120,"column":0},"end":{"line":120,"column":null}},{"start":{"line":120,"column":0},"end":{"line":120,"column":null}}]}},"s":{"0":0,"1":0,"2":0,"3":0,"4":0},"f":{"0":0},"b":{"0":[0,0]}}
,"/Users/yoshito-t/Desktop/spa-portfolio-app/frontend/pages/subjectQuestions/_subjectQuestion_id/subjectQuestionReplies/_id.vue": {"path":"/Users/yoshito-t/Desktop/spa-portfolio-app/frontend/pages/subjectQuestions/_subjectQuestion_id/subjectQuestionReplies/_id.vue","statementMap":{"0":{"start":{"line":235,"column":0},"end":{"line":235,"column":null}},"1":{"start":{"line":236,"column":0},"end":{"line":236,"column":null}},"2":{"start":{"line":237,"column":0},"end":{"line":237,"column":null}},"3":{"start":{"line":238,"column":0},"end":{"line":238,"column":null}},"4":{"start":{"line":232,"column":0},"end":{"line":444,"column":null}},"5":{"start":{"line":444,"column":0},"end":{"line":444,"column":null}}},"fnMap":{"0":{"name":"_interopRequireDefault","decl":{"start":{"line":238,"column":0},"end":{"line":238,"column":null}},"loc":{"start":{"line":238,"column":0},"end":{"line":238,"column":null}}}},"branchMap":{"0":{"loc":{"start":{"line":238,"column":0},"end":{"line":238,"column":null}},"type":"cond-expr","locations":[{"start":{"line":238,"column":0},"end":{"line":238,"column":null}},{"start":{"line":238,"column":0},"end":{"line":238,"column":null}}]}},"s":{"0":0,"1":0,"2":0,"3":0,"4":0,"5":0},"f":{"0":0},"b":{"0":[0,0]}}
,"/Users/yoshito-t/Desktop/spa-portfolio-app/frontend/pages/surveys/_id.vue": {"path":"/Users/yoshito-t/Desktop/spa-portfolio-app/frontend/pages/surveys/_id.vue","statementMap":{"0":{"start":{"line":403,"column":0},"end":{"line":403,"column":null}},"1":{"start":{"line":404,"column":0},"end":{"line":404,"column":null}},"2":{"start":{"line":405,"column":0},"end":{"line":405,"column":null}},"3":{"start":{"line":406,"column":0},"end":{"line":406,"column":null}},"4":{"start":{"line":407,"column":0},"end":{"line":407,"column":null}},"5":{"start":{"line":400,"column":0},"end":{"line":734,"column":null}},"6":{"start":{"line":734,"column":0},"end":{"line":734,"column":null}}},"fnMap":{"0":{"name":"_interopRequireDefault","decl":{"start":{"line":407,"column":0},"end":{"line":407,"column":null}},"loc":{"start":{"line":407,"column":0},"end":{"line":407,"column":null}}}},"branchMap":{"0":{"loc":{"start":{"line":407,"column":0},"end":{"line":407,"column":null}},"type":"cond-expr","locations":[{"start":{"line":407,"column":0},"end":{"line":407,"column":null}},{"start":{"line":407,"column":0},"end":{"line":407,"column":null}}]}},"s":{"0":0,"1":0,"2":0,"3":0,"4":0,"5":0,"6":0},"f":{"0":0},"b":{"0":[0,0]}}
,"/Users/yoshito-t/Desktop/spa-portfolio-app/frontend/pages/surveys/allSurveys.vue": {"path":"/Users/yoshito-t/Desktop/spa-portfolio-app/frontend/pages/surveys/allSurveys.vue","statementMap":{"0":{"start":{"line":115,"column":0},"end":{"line":115,"column":null}},"1":{"start":{"line":116,"column":0},"end":{"line":116,"column":null}},"2":{"start":{"line":117,"column":0},"end":{"line":117,"column":null}},"3":{"start":{"line":113,"column":0},"end":{"line":244,"column":null}},"4":{"start":{"line":244,"column":0},"end":{"line":244,"column":null}}},"fnMap":{"0":{"name":"_interopRequireDefault","decl":{"start":{"line":117,"column":0},"end":{"line":117,"column":null}},"loc":{"start":{"line":117,"column":0},"end":{"line":117,"column":null}}}},"branchMap":{"0":{"loc":{"start":{"line":117,"column":0},"end":{"line":117,"column":null}},"type":"cond-expr","locations":[{"start":{"line":117,"column":0},"end":{"line":117,"column":null}},{"start":{"line":117,"column":0},"end":{"line":117,"column":null}}]}},"s":{"0":0,"1":0,"2":0,"3":0,"4":0},"f":{"0":0},"b":{"0":[0,0]}}
,"/Users/yoshito-t/Desktop/spa-portfolio-app/frontend/pages/users/_id.vue": {"path":"/Users/yoshito-t/Desktop/spa-portfolio-app/frontend/pages/users/_id.vue","statementMap":{"0":{"start":{"line":173,"column":0},"end":{"line":173,"column":null}},"1":{"start":{"line":174,"column":0},"end":{"line":174,"column":null}},"2":{"start":{"line":175,"column":0},"end":{"line":175,"column":null}},"3":{"start":{"line":176,"column":0},"end":{"line":176,"column":null}},"4":{"start":{"line":177,"column":0},"end":{"line":177,"column":null}},"5":{"start":{"line":178,"column":0},"end":{"line":178,"column":null}},"6":{"start":{"line":179,"column":0},"end":{"line":179,"column":null}},"7":{"start":{"line":170,"column":0},"end":{"line":221,"column":null}},"8":{"start":{"line":221,"column":0},"end":{"line":221,"column":null}}},"fnMap":{"0":{"name":"_interopRequireDefault","decl":{"start":{"line":179,"column":0},"end":{"line":179,"column":null}},"loc":{"start":{"line":179,"column":0},"end":{"line":179,"column":null}}}},"branchMap":{"0":{"loc":{"start":{"line":179,"column":0},"end":{"line":179,"column":null}},"type":"cond-expr","locations":[{"start":{"line":179,"column":0},"end":{"line":179,"column":null}},{"start":{"line":179,"column":0},"end":{"line":179,"column":null}}]}},"s":{"0":0,"1":0,"2":0,"3":0,"4":0,"5":0,"6":0,"7":0,"8":0},"f":{"0":0},"b":{"0":[0,0]}}
}
