TN:
SF:components/Tutorial.vue
FNF:0
FNH:0
DA:117,0
DA:121,0
LF:2
LH:0
BRF:0
BRH:0
end_of_record
TN:
SF:components/books/BookForm.vue
FN:74,_interopRequireDefault
FNF:1
FNH:0
FNDA:0,_interopRequireDefault
DA:71,0
DA:73,0
DA:74,0
DA:151,0
LF:4
LH:0
BRDA:74,0,0,0
BRDA:74,0,1,0
BRF:2
BRH:0
end_of_record
TN:
SF:components/books/BookInformation.vue
FNF:0
FNH:0
DA:70,0
DA:81,0
LF:2
LH:0
BRF:0
BRH:0
end_of_record
TN:
SF:components/books/EachBooks.vue
FN:86,_interopRequireDefault
FNF:1
FNH:0
FNDA:0,_interopRequireDefault
DA:83,0
DA:86,0
DA:153,0
LF:3
LH:0
BRDA:86,0,0,0
BRDA:86,0,1,0
BRF:2
BRH:0
end_of_record
TN:
SF:components/books/EditBook.vue
FN:76,_interopRequireDefault
FNF:1
FNH:0
FNDA:0,_interopRequireDefault
DA:73,0
DA:75,0
DA:76,0
DA:160,0
LF:4
LH:0
BRDA:76,0,0,0
BRDA:76,0,1,0
BRF:2
BRH:0
end_of_record
TN:
SF:components/books/TopPageEachBooks.vue
FNF:0
FNH:0
DA:80,0
DA:86,0
LF:2
LH:0
BRF:0
BRH:0
end_of_record
TN:
SF:components/global/ContentNavigator.vue
FNF:0
FNH:0
DA:12,0
DA:26,0
LF:2
LH:0
BRF:0
BRH:0
end_of_record
TN:
SF:components/global/DeleteConfirmationDialog.vue
FNF:0
FNH:0
DA:50,0
DA:65,0
LF:2
LH:0
BRF:0
BRH:0
end_of_record
TN:
SF:components/global/FavoriteButton.vue
FNF:0
FNH:0
DA:43,0
DA:62,0
LF:2
LH:0
BRF:0
BRH:0
end_of_record
TN:
SF:components/global/NormalHeader.vue
FNF:0
FNH:0
DA:139,0
DA:190,0
LF:2
LH:0
BRF:0
BRH:0
end_of_record
TN:
SF:components/global/ShowSnackbar.vue
FNF:0
FNH:0
DA:6,0
DA:26,0
LF:2
LH:0
BRF:0
BRH:0
end_of_record
TN:
SF:components/global/SpecialHeader.vue
FNF:0
FNH:0
DA:150,0
DA:201,0
LF:2
LH:0
BRF:0
BRH:0
end_of_record
TN:
SF:components/global/SubmitButton.vue
FNF:0
FNH:0
DA:38,0
DA:50,0
LF:2
LH:0
BRF:0
BRH:0
end_of_record
TN:
SF:components/notifications/AnswerToSurveyNotification.vue
FN:25,_interopRequireDefault
FNF:1
FNH:0
FNDA:0,_interopRequireDefault
DA:23,0
DA:25,0
DA:37,0
LF:3
LH:0
BRDA:25,0,0,0
BRDA:25,0,1,0
BRF:2
BRH:0
end_of_record
TN:
SF:components/notifications/FavoriteNotification.vue
FN:25,_interopRequireDefault
FNF:1
FNH:0
FNDA:0,_interopRequireDefault
DA:23,0
DA:25,0
DA:38,0
LF:3
LH:0
BRDA:25,0,0,0
BRDA:25,0,1,0
BRF:2
BRH:0
end_of_record
TN:
SF:components/notifications/FavoriteQuestionNotification.vue
FNF:0
FNH:0
DA:25,0
DA:31,0
LF:2
LH:0
BRF:0
BRH:0
end_of_record
TN:
SF:components/notifications/FavoriteReplyNotification.vue
FNF:0
FNH:0
DA:25,0
DA:31,0
LF:2
LH:0
BRF:0
BRH:0
end_of_record
TN:
SF:components/notifications/FavoriteReviewNotification.vue
FNF:0
FNH:0
DA:23,0
DA:29,0
LF:2
LH:0
BRF:0
BRH:0
end_of_record
TN:
SF:components/notifications/FavoriteSubjectQuestionNotification.vue
FNF:0
FNH:0
DA:25,0
DA:31,0
LF:2
LH:0
BRF:0
BRH:0
end_of_record
TN:
SF:components/notifications/FavoriteSubjectQuestionReplyNotification.vue
FNF:0
FNH:0
DA:25,0
DA:31,0
LF:2
LH:0
BRF:0
BRH:0
end_of_record
TN:
SF:components/notifications/FavoriteSurveyNotification.vue
FNF:0
FNH:0
DA:25,0
DA:31,0
LF:2
LH:0
BRF:0
BRH:0
end_of_record
TN:
SF:components/notifications/ReplyNotification.vue
FN:54,_interopRequireDefault
FNF:1
FNH:0
FNDA:0,_interopRequireDefault
DA:52,0
DA:54,0
DA:70,0
LF:3
LH:0
BRDA:54,0,0,0
BRDA:54,0,1,0
BRF:2
BRH:0
end_of_record
TN:
SF:components/notifications/ReplyToQuestionNotification.vue
FNF:0
FNH:0
DA:54,0
DA:60,0
LF:2
LH:0
BRF:0
BRH:0
end_of_record
TN:
SF:components/notifications/ReplyToSubjectQuestionNotification.vue
FNF:0
FNH:0
DA:29,0
DA:35,0
LF:2
LH:0
BRF:0
BRH:0
end_of_record
TN:
SF:components/questions/BookQuestions.vue
FNF:0
FNH:0
DA:71,0
DA:92,0
LF:2
LH:0
BRF:0
BRH:0
end_of_record
TN:
SF:components/questions/EachQuestions.vue
FNF:0
FNH:0
DA:92,0
DA:113,0
LF:2
LH:0
BRF:0
BRH:0
end_of_record
TN:
SF:components/questions/EditQuestion.vue
FN:39,_interopRequireDefault
FNF:1
FNH:0
FNDA:0,_interopRequireDefault
DA:36,0
DA:38,0
DA:39,0
DA:85,0
LF:4
LH:0
BRDA:39,0,0,0
BRDA:39,0,1,0
BRF:2
BRH:0
end_of_record
TN:
SF:components/questions/QuestionForm.vue
FN:40,_interopRequireDefault
FNF:1
FNH:0
FNDA:0,_interopRequireDefault
DA:37,0
DA:39,0
DA:40,0
DA:81,0
LF:4
LH:0
BRDA:40,0,0,0
BRDA:40,0,1,0
BRF:2
BRH:0
end_of_record
TN:
SF:components/replies/EachReplies.vue
FNF:0
FNH:0
DA:75,0
DA:97,0
LF:2
LH:0
BRF:0
BRH:0
end_of_record
TN:
SF:components/replies/EditReply.vue
FN:39,_interopRequireDefault
FNF:1
FNH:0
FNDA:0,_interopRequireDefault
DA:36,0
DA:38,0
DA:39,0
DA:77,0
LF:4
LH:0
BRDA:39,0,0,0
BRDA:39,0,1,0
BRF:2
BRH:0
end_of_record
TN:
SF:components/replies/QuestionReplies.vue
FNF:0
FNH:0
DA:146,0
DA:168,0
LF:2
LH:0
BRF:0
BRH:0
end_of_record
TN:
SF:components/replies/ReplyForm.vue
FN:41,_interopRequireDefault
FNF:1
FNH:0
FNDA:0,_interopRequireDefault
DA:38,0
DA:40,0
DA:41,0
DA:77,0
LF:4
LH:0
BRDA:41,0,0,0
BRDA:41,0,1,0
BRF:2
BRH:0
end_of_record
TN:
SF:components/reviews/BookReviews.vue
FNF:0
FNH:0
DA:86,0
DA:108,0
LF:2
LH:0
BRF:0
BRH:0
end_of_record
TN:
SF:components/reviews/EachReviews.vue
FNF:0
FNH:0
DA:108,0
DA:130,0
LF:2
LH:0
BRF:0
BRH:0
end_of_record
TN:
SF:components/reviews/EditReview.vue
FN:32,_interopRequireDefault
FNF:1
FNH:0
FNDA:0,_interopRequireDefault
DA:29,0
DA:31,0
DA:32,0
DA:66,0
LF:4
LH:0
BRDA:32,0,0,0
BRDA:32,0,1,0
BRF:2
BRH:0
end_of_record
TN:
SF:components/reviews/ReviewForm.vue
FN:26,_interopRequireDefault
FNF:1
FNH:0
FNDA:0,_interopRequireDefault
DA:23,0
DA:25,0
DA:26,0
DA:55,0
LF:4
LH:0
BRDA:26,0,0,0
BRDA:26,0,1,0
BRF:2
BRH:0
end_of_record
TN:
SF:components/subjectQuestionReplies/EachSubjectQuestionReplies.vue
FNF:0
FNH:0
DA:71,0
DA:77,0
LF:2
LH:0
BRF:0
BRH:0
end_of_record
TN:
SF:components/subjectQuestionReplies/SubjectQuestionSubjectQuestionReplies.vue
FNF:0
FNH:0
DA:144,0
DA:150,0
LF:2
LH:0
BRF:0
BRH:0
end_of_record
TN:
SF:components/subjectQuestions/EachSubjectQuestions.vue
FNF:0
FNH:0
DA:79,0
DA:104,0
LF:2
LH:0
BRF:0
BRH:0
end_of_record
TN:
SF:components/subjectQuestions/EditSubjectQuestion.vue
FN:72,_interopRequireDefault
FNF:1
FNH:0
FNDA:0,_interopRequireDefault
DA:69,0
DA:71,0
DA:72,0
DA:147,0
LF:4
LH:0
BRDA:72,0,0,0
BRDA:72,0,1,0
BRF:2
BRH:0
end_of_record
TN:
SF:components/subjectQuestions/SubjectQuestionForm.vue
FN:71,_interopRequireDefault
FNF:1
FNH:0
FNDA:0,_interopRequireDefault
DA:68,0
DA:70,0
DA:71,0
DA:141,0
LF:4
LH:0
BRDA:71,0,0,0
BRDA:71,0,1,0
BRF:2
BRH:0
end_of_record
TN:
SF:components/surveys/EachSurveys.vue
FNF:0
FNH:0
DA:75,0
DA:98,0
LF:2
LH:0
BRF:0
BRH:0
end_of_record
TN:
SF:components/surveys/SurveyForm.vue
FN:100,_interopRequireDefault
FNF:1
FNH:0
FNDA:0,_interopRequireDefault
DA:97,0
DA:99,0
DA:100,0
DA:170,0
LF:4
LH:0
BRDA:100,0,0,0
BRDA:100,0,1,0
BRF:2
BRH:0
end_of_record
TN:
SF:components/surveys/SurveyResultLinears.vue
FNF:0
FNH:0
DA:42,0
DA:73,0
LF:2
LH:0
BRF:0
BRH:0
end_of_record
TN:
SF:components/users/EditUser.vue
FN:66,_interopRequireDefault
FNF:1
FNH:0
FNDA:0,_interopRequireDefault
DA:63,0
DA:65,0
DA:66,0
DA:133,0
LF:4
LH:0
BRDA:66,0,0,0
BRDA:66,0,1,0
BRF:2
BRH:0
end_of_record
TN:
SF:pages/favorites.vue
FN:60,_interopRequireDefault
FNF:1
FNH:0
FNDA:0,_interopRequireDefault
DA:49,0
DA:52,0
DA:53,0
DA:54,0
DA:55,0
DA:56,0
DA:57,0
DA:58,0
DA:59,0
DA:60,0
DA:103,0
LF:11
LH:0
BRDA:60,0,0,0
BRDA:60,0,1,0
BRF:2
BRH:0
end_of_record
TN:
SF:pages/index.vue
FN:160,_interopRequireDefault
FNF:1
FNH:0
FNDA:0,_interopRequireDefault
DA:156,0
DA:158,0
DA:160,0
DA:259,0
LF:4
LH:0
BRDA:160,0,0,0
BRDA:160,0,1,0
BRF:2
BRH:0
end_of_record
TN:
SF:pages/myPage.vue
FN:229,_interopRequireDefault
FNF:1
FNH:0
FNDA:0,_interopRequireDefault
DA:218,0
DA:220,0
DA:221,0
DA:222,0
DA:223,0
DA:224,0
DA:225,0
DA:226,0
DA:227,0
DA:228,0
DA:229,0
DA:403,0
LF:12
LH:0
BRDA:229,0,0,0
BRDA:229,0,1,0
BRF:2
BRH:0
end_of_record
TN:
SF:pages/auth/login.vue
FN:34,_interopRequireDefault
FNF:1
FNH:0
FNDA:0,_interopRequireDefault
DA:29,0
DA:32,0
DA:33,0
DA:34,0
DA:129,0
LF:5
LH:0
BRDA:34,0,0,0
BRDA:34,0,1,0
BRF:2
BRH:0
end_of_record
TN:
SF:pages/auth/signUp.vue
FN:33,_interopRequireDefault
FNF:1
FNH:0
FNDA:0,_interopRequireDefault
DA:28,0
DA:31,0
DA:32,0
DA:33,0
DA:93,0
LF:5
LH:0
BRDA:33,0,0,0
BRDA:33,0,1,0
BRF:2
BRH:0
end_of_record
TN:
SF:pages/books/_id.vue
FN:232,_interopRequireDefault
FNF:1
FNH:0
FNDA:0,_interopRequireDefault
DA:221,0
DA:224,0
DA:225,0
DA:226,0
DA:227,0
DA:228,0
DA:229,0
DA:230,0
DA:232,0
DA:518,0
LF:10
LH:0
BRDA:232,0,0,0
BRDA:232,0,1,0
BRF:2
BRH:0
end_of_record
TN:
SF:pages/books/allBooks.vue
FN:126,_interopRequireDefault
FNF:1
FNH:0
FNDA:0,_interopRequireDefault
DA:121,0
DA:124,0
DA:125,0
DA:126,0
DA:267,0
LF:5
LH:0
BRDA:126,0,0,0
BRDA:126,0,1,0
BRF:2
BRH:0
end_of_record
TN:
SF:pages/books/googleApiSearchBooks.vue
FN:221,_interopRequireDefault
FNF:1
FNH:0
FNDA:0,_interopRequireDefault
DA:218,0
DA:221,0
DA:373,0
LF:3
LH:0
BRDA:221,0,0,0
BRDA:221,0,1,0
BRF:2
BRH:0
end_of_record
TN:
SF:pages/books/localSearchBooksResult.vue
FN:53,_interopRequireDefault
FNF:1
FNH:0
FNDA:0,_interopRequireDefault
DA:49,0
DA:52,0
DA:53,0
DA:131,0
LF:4
LH:0
BRDA:53,0,0,0
BRDA:53,0,1,0
BRF:2
BRH:0
end_of_record
TN:
SF:pages/books/_book_id/questions/_id.vue
FN:257,_interopRequireDefault
FNF:1
FNH:0
FNDA:0,_interopRequireDefault
DA:247,0
DA:250,0
DA:251,0
DA:252,0
DA:253,0
DA:254,0
DA:255,0
DA:256,0
DA:257,0
DA:507,0
LF:10
LH:0
BRDA:257,0,0,0
BRDA:257,0,1,0
BRF:2
BRH:0
end_of_record
TN:
SF:pages/books/_book_id/questions/_question_id/replies/_id.vue
FN:257,_interopRequireDefault
FNF:1
FNH:0
FNDA:0,_interopRequireDefault
DA:251,0
DA:254,0
DA:255,0
DA:256,0
DA:257,0
DA:467,0
LF:6
LH:0
BRDA:257,0,0,0
BRDA:257,0,1,0
BRF:2
BRH:0
end_of_record
TN:
SF:pages/books/_book_id/reviews/_id.vue
FN:155,_interopRequireDefault
FNF:1
FNH:0
FNDA:0,_interopRequireDefault
DA:147,0
DA:150,0
DA:151,0
DA:152,0
DA:153,0
DA:154,0
DA:155,0
DA:370,0
LF:8
LH:0
BRDA:155,0,0,0
BRDA:155,0,1,0
BRF:2
BRH:0
end_of_record
TN:
SF:pages/browsingHistories/allBrowsingHistories.vue
FN:60,_interopRequireDefault
FNF:1
FNH:0
FNDA:0,_interopRequireDefault
DA:49,0
DA:52,0
DA:53,0
DA:54,0
DA:55,0
DA:56,0
DA:57,0
DA:58,0
DA:59,0
DA:60,0
DA:102,0
LF:11
LH:0
BRDA:60,0,0,0
BRDA:60,0,1,0
BRF:2
BRH:0
end_of_record
TN:
SF:pages/errors/errorPage.vue
FNF:0
FNH:0
DA:8,0
DA:16,0
LF:2
LH:0
BRF:0
BRH:0
end_of_record
TN:
SF:pages/notifications/allNotifications.vue
FN:136,_interopRequireDefault
FNF:1
FNH:0
FNDA:0,_interopRequireDefault
DA:129,0
DA:132,0
DA:133,0
DA:134,0
DA:135,0
DA:136,0
DA:200,0
LF:7
LH:0
BRDA:136,0,0,0
BRDA:136,0,1,0
BRF:2
BRH:0
end_of_record
TN:
SF:pages/questions/questions.vue
FN:107,_interopRequireDefault
FNF:1
FNH:0
FNDA:0,_interopRequireDefault
DA:103,0
DA:106,0
DA:107,0
DA:198,0
LF:4
LH:0
BRDA:107,0,0,0
BRDA:107,0,1,0
BRF:2
BRH:0
end_of_record
TN:
SF:pages/questions/searchQuestionsResult.vue
FN:29,_interopRequireDefault
FNF:1
FNH:0
FNDA:0,_interopRequireDefault
DA:25,0
DA:28,0
DA:29,0
DA:104,0
LF:4
LH:0
BRDA:29,0,0,0
BRDA:29,0,1,0
BRF:2
BRH:0
end_of_record
TN:
SF:pages/subjectQuestions/_id.vue
FN:253,_interopRequireDefault
FNF:1
FNH:0
FNDA:0,_interopRequireDefault
DA:244,0
DA:247,0
DA:248,0
DA:249,0
DA:250,0
DA:251,0
DA:252,0
DA:253,0
DA:504,0
LF:9
LH:0
BRDA:253,0,0,0
BRDA:253,0,1,0
BRF:2
BRH:0
end_of_record
TN:
SF:pages/subjectQuestions/searchSubjectQuestionsResult.vue
FN:29,_interopRequireDefault
FNF:1
FNH:0
FNDA:0,_interopRequireDefault
DA:25,0
DA:28,0
DA:29,0
DA:104,0
LF:4
LH:0
BRDA:29,0,0,0
BRDA:29,0,1,0
BRF:2
BRH:0
end_of_record
TN:
SF:pages/subjectQuestions/subjectQuestions.vue
FN:120,_interopRequireDefault
FNF:1
FNH:0
FNDA:0,_interopRequireDefault
DA:115,0
DA:118,0
DA:119,0
DA:120,0
DA:246,0
LF:5
LH:0
BRDA:120,0,0,0
BRDA:120,0,1,0
BRF:2
BRH:0
end_of_record
TN:
SF:pages/subjectQuestions/_subjectQuestion_id/subjectQuestionReplies/_id.vue
FN:238,_interopRequireDefault
FNF:1
FNH:0
FNDA:0,_interopRequireDefault
DA:232,0
DA:235,0
DA:236,0
DA:237,0
DA:238,0
DA:444,0
LF:6
LH:0
BRDA:238,0,0,0
BRDA:238,0,1,0
BRF:2
BRH:0
end_of_record
TN:
SF:pages/surveys/_id.vue
FN:407,_interopRequireDefault
FNF:1
FNH:0
FNDA:0,_interopRequireDefault
DA:400,0
DA:403,0
DA:404,0
DA:405,0
DA:406,0
DA:407,0
DA:734,0
LF:7
LH:0
BRDA:407,0,0,0
BRDA:407,0,1,0
BRF:2
BRH:0
end_of_record
TN:
SF:pages/surveys/allSurveys.vue
FN:117,_interopRequireDefault
FNF:1
FNH:0
FNDA:0,_interopRequireDefault
DA:113,0
DA:115,0
DA:116,0
DA:117,0
DA:244,0
LF:5
LH:0
BRDA:117,0,0,0
BRDA:117,0,1,0
BRF:2
BRH:0
end_of_record
TN:
SF:pages/users/_id.vue
FN:179,_interopRequireDefault
FNF:1
FNH:0
FNDA:0,_interopRequireDefault
DA:170,0
DA:173,0
DA:174,0
DA:175,0
DA:176,0
DA:177,0
DA:178,0
DA:179,0
DA:221,0
LF:9
LH:0
BRDA:179,0,0,0
BRDA:179,0,1,0
BRF:2
BRH:0
end_of_record
