TN:
SF:components/Tutorial.vue
FNF:0
FNH:0
DA:117,0
DA:121,0
LF:2
LH:0
BRF:0
BRH:0
end_of_record
TN:
SF:components/books/BookForm.vue
FN:76,_interopRequireDefault
FNF:1
FNH:0
FNDA:0,_interopRequireDefault
DA:72,0
DA:74,0
DA:75,0
DA:76,0
DA:143,0
LF:5
LH:0
BRDA:76,0,0,0
BRDA:76,0,1,0
BRF:2
BRH:0
end_of_record
TN:
SF:components/books/BookInformation.vue
FNF:0
FNH:0
DA:70,0
DA:81,0
LF:2
LH:0
BRF:0
BRH:0
end_of_record
TN:
SF:components/books/EachBooks.vue
FN:91,_interopRequireDefault
FNF:1
FNH:0
FNDA:0,_interopRequireDefault
DA:87,0
DA:90,0
DA:91,0
DA:154,0
LF:4
LH:0
BRDA:91,0,0,0
BRDA:91,0,1,0
BRF:2
BRH:0
end_of_record
TN:
SF:components/books/EditBook.vue
FN:77,_interopRequireDefault
FNF:1
FNH:0
FNDA:0,_interopRequireDefault
DA:73,0
DA:75,0
DA:76,0
DA:77,0
DA:151,0
LF:5
LH:0
BRDA:77,0,0,0
BRDA:77,0,1,0
BRF:2
BRH:0
end_of_record
TN:
SF:components/books/TopPageEachBooks.vue
FNF:0
FNH:0
DA:80,0
DA:86,0
LF:2
LH:0
BRF:0
BRH:0
end_of_record
TN:
SF:components/global/ContentNavigator.vue
FNF:0
FNH:0
DA:12,0
DA:26,0
LF:2
LH:0
BRF:0
BRH:0
end_of_record
TN:
SF:components/global/DeleteConfirmationDialog.vue
FNF:0
FNH:0
DA:51,0
DA:77,0
LF:2
LH:0
BRF:0
BRH:0
end_of_record
TN:
SF:components/global/FavoriteButton.vue
FNF:0
FNH:0
DA:45,0
DA:64,0
LF:2
LH:0
BRF:0
BRH:0
end_of_record
TN:
SF:components/global/NormalHeader.vue
FN:146,_interopRequireDefault
FNF:1
FNH:0
FNDA:0,_interopRequireDefault
DA:144,0
DA:146,0
DA:196,0
LF:3
LH:0
BRDA:146,0,0,0
BRDA:146,0,1,0
BRF:2
BRH:0
end_of_record
TN:
SF:components/global/ShowFullImageDialog.vue
FNF:0
FNH:0
DA:36,0
DA:54,0
LF:2
LH:0
BRF:0
BRH:0
end_of_record
TN:
SF:components/global/ShowSnackbar.vue
FNF:0
FNH:0
DA:6,0
DA:26,0
LF:2
LH:0
BRF:0
BRH:0
end_of_record
TN:
SF:components/global/SpecialHeader.vue
FN:157,_interopRequireDefault
FNF:1
FNH:0
FNDA:0,_interopRequireDefault
DA:155,0
DA:157,0
DA:207,0
LF:3
LH:0
BRDA:157,0,0,0
BRDA:157,0,1,0
BRF:2
BRH:0
end_of_record
TN:
SF:components/global/SubmitButton.vue
FNF:0
FNH:0
DA:39,0
DA:51,0
LF:2
LH:0
BRF:0
BRH:0
end_of_record
TN:
SF:components/notifications/AnswerToSurveyNotification.vue
FN:25,_interopRequireDefault
FNF:1
FNH:0
FNDA:0,_interopRequireDefault
DA:23,0
DA:25,0
DA:37,0
LF:3
LH:0
BRDA:25,0,0,0
BRDA:25,0,1,0
BRF:2
BRH:0
end_of_record
TN:
SF:components/notifications/FavoriteNotification.vue
FN:25,_interopRequireDefault
FNF:1
FNH:0
FNDA:0,_interopRequireDefault
DA:23,0
DA:25,0
DA:38,0
LF:3
LH:0
BRDA:25,0,0,0
BRDA:25,0,1,0
BRF:2
BRH:0
end_of_record
TN:
SF:components/notifications/ReplyNotification.vue
FN:54,_interopRequireDefault
FNF:1
FNH:0
FNDA:0,_interopRequireDefault
DA:52,0
DA:54,0
DA:70,0
LF:3
LH:0
BRDA:54,0,0,0
BRDA:54,0,1,0
BRF:2
BRH:0
end_of_record
TN:
SF:components/questions/BookQuestions.vue
FN:74,_interopRequireDefault
FNF:1
FNH:0
FNDA:0,_interopRequireDefault
DA:71,0
DA:73,0
DA:74,0
DA:81,0
LF:4
LH:0
BRDA:74,0,0,0
BRDA:74,0,1,0
BRF:2
BRH:0
end_of_record
TN:
SF:components/questions/EachQuestions.vue
FN:95,_interopRequireDefault
FNF:1
FNH:0
FNDA:0,_interopRequireDefault
DA:92,0
DA:94,0
DA:95,0
DA:102,0
LF:4
LH:0
BRDA:95,0,0,0
BRDA:95,0,1,0
BRF:2
BRH:0
end_of_record
TN:
SF:components/questions/EditQuestion.vue
FN:40,_interopRequireDefault
FNF:1
FNH:0
FNDA:0,_interopRequireDefault
DA:36,0
DA:38,0
DA:39,0
DA:40,0
DA:76,0
LF:5
LH:0
BRDA:40,0,0,0
BRDA:40,0,1,0
BRF:2
BRH:0
end_of_record
TN:
SF:components/questions/QuestionForm.vue
FN:41,_interopRequireDefault
FNF:1
FNH:0
FNDA:0,_interopRequireDefault
DA:37,0
DA:39,0
DA:40,0
DA:41,0
DA:72,0
LF:5
LH:0
BRDA:41,0,0,0
BRDA:41,0,1,0
BRF:2
BRH:0
end_of_record
TN:
SF:components/replies/EachReplies.vue
FN:71,_interopRequireDefault
FNF:1
FNH:0
FNDA:0,_interopRequireDefault
DA:69,0
DA:71,0
DA:78,0
LF:3
LH:0
BRDA:71,0,0,0
BRDA:71,0,1,0
BRF:2
BRH:0
end_of_record
TN:
SF:components/replies/EditReply.vue
FN:40,_interopRequireDefault
FNF:1
FNH:0
FNDA:0,_interopRequireDefault
DA:36,0
DA:38,0
DA:39,0
DA:40,0
DA:68,0
LF:5
LH:0
BRDA:40,0,0,0
BRDA:40,0,1,0
BRF:2
BRH:0
end_of_record
TN:
SF:components/replies/QuestionReplies.vue
FN:148,_interopRequireDefault
FNF:1
FNH:0
FNDA:0,_interopRequireDefault
DA:146,0
DA:148,0
DA:155,0
LF:3
LH:0
BRDA:148,0,0,0
BRDA:148,0,1,0
BRF:2
BRH:0
end_of_record
TN:
SF:components/replies/ReplyForm.vue
FN:42,_interopRequireDefault
FNF:1
FNH:0
FNDA:0,_interopRequireDefault
DA:38,0
DA:40,0
DA:41,0
DA:42,0
DA:67,0
LF:5
LH:0
BRDA:42,0,0,0
BRDA:42,0,1,0
BRF:2
BRH:0
end_of_record
TN:
SF:components/reviews/BookReviews.vue
FN:89,_interopRequireDefault
FNF:1
FNH:0
FNDA:0,_interopRequireDefault
DA:86,0
DA:88,0
DA:89,0
DA:96,0
LF:4
LH:0
BRDA:89,0,0,0
BRDA:89,0,1,0
BRF:2
BRH:0
end_of_record
TN:
SF:components/reviews/EachReviews.vue
FN:109,_interopRequireDefault
FNF:1
FNH:0
FNDA:0,_interopRequireDefault
DA:106,0
DA:108,0
DA:109,0
DA:116,0
LF:4
LH:0
BRDA:109,0,0,0
BRDA:109,0,1,0
BRF:2
BRH:0
end_of_record
TN:
SF:components/reviews/EditReview.vue
FN:30,_interopRequireDefault
FNF:1
FNH:0
FNDA:0,_interopRequireDefault
DA:27,0
DA:29,0
DA:30,0
DA:64,0
LF:4
LH:0
BRDA:30,0,0,0
BRDA:30,0,1,0
BRF:2
BRH:0
end_of_record
TN:
SF:components/reviews/ReviewForm.vue
FN:26,_interopRequireDefault
FNF:1
FNH:0
FNDA:0,_interopRequireDefault
DA:23,0
DA:25,0
DA:26,0
DA:55,0
LF:4
LH:0
BRDA:26,0,0,0
BRDA:26,0,1,0
BRF:2
BRH:0
end_of_record
TN:
SF:components/subjectQuestionReplies/EachSubjectQuestionReplies.vue
FNF:0
FNH:0
DA:71,0
DA:77,0
LF:2
LH:0
BRF:0
BRH:0
end_of_record
TN:
SF:components/subjectQuestionReplies/SubjectQuestionSubjectQuestionReplies.vue
FNF:0
FNH:0
DA:144,0
DA:150,0
LF:2
LH:0
BRF:0
BRH:0
end_of_record
TN:
SF:components/subjectQuestions/EachSubjectQuestions.vue
FN:82,_interopRequireDefault
FNF:1
FNH:0
FNDA:0,_interopRequireDefault
DA:79,0
DA:81,0
DA:82,0
DA:95,0
LF:4
LH:0
BRDA:82,0,0,0
BRDA:82,0,1,0
BRF:2
BRH:0
end_of_record
TN:
SF:components/subjectQuestions/EditSubjectQuestion.vue
FN:73,_interopRequireDefault
FNF:1
FNH:0
FNDA:0,_interopRequireDefault
DA:69,0
DA:71,0
DA:72,0
DA:73,0
DA:137,0
LF:5
LH:0
BRDA:73,0,0,0
BRDA:73,0,1,0
BRF:2
BRH:0
end_of_record
TN:
SF:components/subjectQuestions/SubjectQuestionForm.vue
FN:72,_interopRequireDefault
FNF:1
FNH:0
FNDA:0,_interopRequireDefault
DA:68,0
DA:70,0
DA:71,0
DA:72,0
DA:131,0
LF:5
LH:0
BRDA:72,0,0,0
BRDA:72,0,1,0
BRF:2
BRH:0
end_of_record
TN:
SF:components/surveys/EachSurveys.vue
FN:75,_interopRequireDefault
FNF:1
FNH:0
FNDA:0,_interopRequireDefault
DA:72,0
DA:74,0
DA:75,0
DA:83,0
LF:4
LH:0
BRDA:75,0,0,0
BRDA:75,0,1,0
BRF:2
BRH:0
end_of_record
TN:
SF:components/surveys/SurveyForm.vue
FN:102,_interopRequireDefault
FNF:1
FNH:0
FNDA:0,_interopRequireDefault
DA:98,0
DA:100,0
DA:101,0
DA:102,0
DA:162,0
LF:5
LH:0
BRDA:102,0,0,0
BRDA:102,0,1,0
BRF:2
BRH:0
end_of_record
TN:
SF:components/surveys/SurveyResultLinears.vue
FNF:0
FNH:0
DA:47,0
DA:78,0
LF:2
LH:0
BRF:0
BRH:0
end_of_record
TN:
SF:components/users/EditUser.vue
FN:71,_interopRequireDefault
FNF:1
FNH:0
FNDA:0,_interopRequireDefault
DA:67,0
DA:69,0
DA:70,0
DA:71,0
DA:128,0
LF:5
LH:0
BRDA:71,0,0,0
BRDA:71,0,1,0
BRF:2
BRH:0
end_of_record
TN:
SF:pages/favorites.vue
FN:187,_interopRequireDefault
FNF:1
FNH:0
FNDA:0,_interopRequireDefault
DA:176,0
DA:179,0
DA:180,0
DA:181,0
DA:182,0
DA:183,0
DA:184,0
DA:185,0
DA:186,0
DA:187,0
DA:289,0
LF:11
LH:0
BRDA:187,0,0,0
BRDA:187,0,1,0
BRF:2
BRH:0
end_of_record
TN:
SF:pages/index.vue
FN:172,_interopRequireDefault
FNF:1
FNH:0
FNDA:0,_interopRequireDefault
DA:165,0
DA:167,0
DA:168,0
DA:169,0
DA:170,0
DA:172,0
DA:242,0
LF:7
LH:0
BRDA:172,0,0,0
BRDA:172,0,1,0
BRF:2
BRH:0
end_of_record
TN:
SF:pages/myPage.vue
FN:341,_interopRequireDefault
FNF:1
FNH:0
FNDA:0,_interopRequireDefault
DA:327,0
DA:329,0
DA:330,0
DA:331,0
DA:332,0
DA:333,0
DA:334,0
DA:335,0
DA:336,0
DA:337,0
DA:338,0
DA:339,0
DA:341,0
DA:550,0
LF:14
LH:0
BRDA:341,0,0,0
BRDA:341,0,1,0
BRF:2
BRH:0
end_of_record
TN:
SF:pages/auth/login.vue
FN:38,_interopRequireDefault
FNF:1
FNH:0
FNDA:0,_interopRequireDefault
DA:31,0
DA:34,0
DA:35,0
DA:36,0
DA:38,0
DA:123,0
LF:6
LH:0
BRDA:38,0,0,0
BRDA:38,0,1,0
BRF:2
BRH:0
end_of_record
TN:
SF:pages/auth/signUp.vue
FN:37,_interopRequireDefault
FNF:1
FNH:0
FNDA:0,_interopRequireDefault
DA:32,0
DA:35,0
DA:36,0
DA:37,0
DA:110,0
LF:5
LH:0
BRDA:37,0,0,0
BRDA:37,0,1,0
BRF:2
BRH:0
end_of_record
TN:
SF:pages/books/_id.vue
FN:261,_interopRequireDefault
FNF:1
FNH:0
FNDA:0,_interopRequireDefault
DA:248,0
DA:251,0
DA:252,0
DA:253,0
DA:254,0
DA:255,0
DA:256,0
DA:257,0
DA:258,0
DA:259,0
DA:261,0
DA:523,0
LF:12
LH:0
BRDA:261,0,0,0
BRDA:261,0,1,0
BRF:2
BRH:0
end_of_record
TN:
SF:pages/books/allBooks.vue
FN:135,_interopRequireDefault
FNF:1
FNH:0
FNDA:0,_interopRequireDefault
DA:127,0
DA:130,0
DA:131,0
DA:132,0
DA:133,0
DA:135,0
DA:263,0
LF:7
LH:0
BRDA:135,0,0,0
BRDA:135,0,1,0
BRF:2
BRH:0
end_of_record
TN:
SF:pages/books/googleApiSearchBooks.vue
FN:219,_interopRequireDefault
FNF:1
FNH:0
FNDA:0,_interopRequireDefault
DA:215,0
DA:218,0
DA:219,0
DA:370,0
LF:4
LH:0
BRDA:219,0,0,0
BRDA:219,0,1,0
BRF:2
BRH:0
end_of_record
TN:
SF:pages/books/localSearchBooksResult.vue
FN:55,_interopRequireDefault
FNF:1
FNH:0
FNDA:0,_interopRequireDefault
DA:51,0
DA:54,0
DA:55,0
DA:136,0
LF:4
LH:0
BRDA:55,0,0,0
BRDA:55,0,1,0
BRF:2
BRH:0
end_of_record
TN:
SF:pages/books/_book_id/questions/_id.vue
FN:235,_interopRequireDefault
FNF:1
FNH:0
FNDA:0,_interopRequireDefault
DA:220,0
DA:223,0
DA:224,0
DA:225,0
DA:226,0
DA:227,0
DA:228,0
DA:229,0
DA:230,0
DA:231,0
DA:232,0
DA:233,0
DA:235,0
DA:463,0
LF:14
LH:0
BRDA:235,0,0,0
BRDA:235,0,1,0
BRF:2
BRH:0
end_of_record
TN:
SF:pages/books/_book_id/questions/_question_id/replies/_id.vue
FN:237,_interopRequireDefault
FNF:1
FNH:0
FNDA:0,_interopRequireDefault
DA:227,0
DA:230,0
DA:231,0
DA:232,0
DA:233,0
DA:234,0
DA:235,0
DA:237,0
DA:417,0
LF:9
LH:0
BRDA:237,0,0,0
BRDA:237,0,1,0
BRF:2
BRH:0
end_of_record
TN:
SF:pages/books/_book_id/reviews/_id.vue
FN:160,_interopRequireDefault
FNF:1
FNH:0
FNDA:0,_interopRequireDefault
DA:148,0
DA:151,0
DA:152,0
DA:153,0
DA:154,0
DA:155,0
DA:156,0
DA:157,0
DA:158,0
DA:160,0
DA:346,0
LF:11
LH:0
BRDA:160,0,0,0
BRDA:160,0,1,0
BRF:2
BRH:0
end_of_record
TN:
SF:pages/browsingHistories/allBrowsingHistories.vue
FN:61,_interopRequireDefault
FNF:1
FNH:0
FNDA:0,_interopRequireDefault
DA:50,0
DA:53,0
DA:54,0
DA:55,0
DA:56,0
DA:57,0
DA:58,0
DA:59,0
DA:60,0
DA:61,0
DA:103,0
LF:11
LH:0
BRDA:61,0,0,0
BRDA:61,0,1,0
BRF:2
BRH:0
end_of_record
TN:
SF:pages/errors/errorPage.vue
FNF:0
FNH:0
DA:9,0
DA:17,0
LF:2
LH:0
BRF:0
BRH:0
end_of_record
TN:
SF:pages/notifications/allNotifications.vue
FN:138,_interopRequireDefault
FNF:1
FNH:0
FNDA:0,_interopRequireDefault
DA:129,0
DA:132,0
DA:133,0
DA:134,0
DA:135,0
DA:136,0
DA:138,0
DA:200,0
LF:8
LH:0
BRDA:138,0,0,0
BRDA:138,0,1,0
BRF:2
BRH:0
end_of_record
TN:
SF:pages/questions/allQuestions.vue
FN:111,_interopRequireDefault
FNF:1
FNH:0
FNDA:0,_interopRequireDefault
DA:104,0
DA:107,0
DA:108,0
DA:109,0
DA:111,0
DA:191,0
LF:6
LH:0
BRDA:111,0,0,0
BRDA:111,0,1,0
BRF:2
BRH:0
end_of_record
TN:
SF:pages/questions/searchQuestionsResult.vue
FN:52,_interopRequireDefault
FNF:1
FNH:0
FNDA:0,_interopRequireDefault
DA:48,0
DA:51,0
DA:52,0
DA:126,0
LF:4
LH:0
BRDA:52,0,0,0
BRDA:52,0,1,0
BRF:2
BRH:0
end_of_record
TN:
SF:pages/subjectQuestions/_id.vue
FN:231,_interopRequireDefault
FNF:1
FNH:0
FNDA:0,_interopRequireDefault
DA:217,0
DA:220,0
DA:221,0
DA:222,0
DA:223,0
DA:224,0
DA:225,0
DA:226,0
DA:227,0
DA:228,0
DA:229,0
DA:231,0
DA:461,0
LF:13
LH:0
BRDA:231,0,0,0
BRDA:231,0,1,0
BRF:2
BRH:0
end_of_record
TN:
SF:pages/subjectQuestions/allSubjectQuestions.vue
FN:127,_interopRequireDefault
FNF:1
FNH:0
FNDA:0,_interopRequireDefault
DA:119,0
DA:122,0
DA:123,0
DA:124,0
DA:125,0
DA:127,0
DA:240,0
LF:7
LH:0
BRDA:127,0,0,0
BRDA:127,0,1,0
BRF:2
BRH:0
end_of_record
TN:
SF:pages/subjectQuestions/searchSubjectQuestionsResult.vue
FN:51,_interopRequireDefault
FNF:1
FNH:0
FNDA:0,_interopRequireDefault
DA:47,0
DA:50,0
DA:51,0
DA:125,0
LF:4
LH:0
BRDA:51,0,0,0
BRDA:51,0,1,0
BRF:2
BRH:0
end_of_record
TN:
SF:pages/subjectQuestions/_subjectQuestion_id/subjectQuestionReplies/_id.vue
FN:218,_interopRequireDefault
FNF:1
FNH:0
FNDA:0,_interopRequireDefault
DA:208,0
DA:211,0
DA:212,0
DA:213,0
DA:214,0
DA:215,0
DA:216,0
DA:218,0
DA:399,0
LF:9
LH:0
BRDA:218,0,0,0
BRDA:218,0,1,0
BRF:2
BRH:0
end_of_record
TN:
SF:pages/surveys/_id.vue
FN:393,_interopRequireDefault
FNF:1
FNH:0
FNDA:0,_interopRequireDefault
DA:381,0
DA:384,0
DA:385,0
DA:386,0
DA:387,0
DA:388,0
DA:389,0
DA:390,0
DA:391,0
DA:393,0
DA:698,0
LF:11
LH:0
BRDA:393,0,0,0
BRDA:393,0,1,0
BRF:2
BRH:0
end_of_record
TN:
SF:pages/surveys/allSurveys.vue
FN:119,_interopRequireDefault
FNF:1
FNH:0
FNDA:0,_interopRequireDefault
DA:112,0
DA:114,0
DA:115,0
DA:116,0
DA:117,0
DA:119,0
DA:233,0
LF:7
LH:0
BRDA:119,0,0,0
BRDA:119,0,1,0
BRF:2
BRH:0
end_of_record
TN:
SF:pages/users/_id.vue
FN:285,_interopRequireDefault
FNF:1
FNH:0
FNDA:0,_interopRequireDefault
DA:276,0
DA:279,0
DA:280,0
DA:281,0
DA:282,0
DA:283,0
DA:284,0
DA:285,0
DA:378,0
LF:9
LH:0
BRDA:285,0,0,0
BRDA:285,0,1,0
BRF:2
BRH:0
end_of_record
